[0.393s] DEBUG:colcon:Command line arguments: ['/usr/bin/colcon', 'build', '--symlink-install']
[0.393s] DEBUG:colcon:Parsed command line arguments: Namespace(log_base=None, log_level=None, verb_name='build', build_base='build', install_base='install', merge_install=False, symlink_install=True, test_result_base=None, continue_on_error=False, executor='parallel', parallel_workers=4, event_handlers=None, ignore_user_meta=False, metas=['./colcon.meta'], base_paths=['.'], packages_ignore=None, packages_ignore_regex=None, paths=None, packages_up_to=None, packages_up_to_regex=None, packages_above=None, packages_above_and_dependencies=None, packages_above_depth=None, packages_select_by_dep=None, packages_skip_by_dep=None, packages_skip_up_to=None, packages_select_build_failed=False, packages_skip_build_finished=False, packages_select_test_failures=False, packages_skip_test_passed=False, packages_select=None, packages_skip=None, packages_select_regex=None, packages_skip_regex=None, packages_start=None, packages_end=None, allow_overriding=[], cmake_args=None, cmake_target=None, cmake_target_skip_unavailable=False, cmake_clean_cache=False, cmake_clean_first=False, cmake_force_configure=False, ament_cmake_args=None, catkin_cmake_args=None, catkin_skip_building_tests=False, mixin_files=None, mixin=None, verb_parser=<colcon_mixin.mixin.mixin_argument.MixinArgumentDecorator object at 0x7bf79e93a3e0>, verb_extension=<colcon_core.verb.build.BuildVerb object at 0x7bf79ea23340>, main=<bound method BuildVerb.main of <colcon_core.verb.build.BuildVerb object at 0x7bf79ea23340>>, mixin_verb=('build',))
[0.784s] Level 1:colcon.colcon_core.package_discovery:discover_packages(colcon_meta) check parameters
[0.785s] Level 1:colcon.colcon_core.package_discovery:discover_packages(recursive) check parameters
[0.785s] Level 1:colcon.colcon_core.package_discovery:discover_packages(ignore) check parameters
[0.785s] Level 1:colcon.colcon_core.package_discovery:discover_packages(path) check parameters
[0.785s] Level 1:colcon.colcon_core.package_discovery:discover_packages(colcon_meta) discover
[0.785s] Level 1:colcon.colcon_core.package_discovery:discover_packages(recursive) discover
[0.785s] INFO:colcon.colcon_core.package_discovery:Crawling recursively for packages in '/home/ibrahim/tasc_science'
[0.785s] Level 1:colcon.colcon_core.package_identification:_identify(.) by extensions ['ignore', 'ignore_ament_install']
[0.785s] Level 1:colcon.colcon_core.package_identification:_identify(.) by extension 'ignore'
[0.786s] Level 1:colcon.colcon_core.package_identification:_identify(.) by extension 'ignore_ament_install'
[0.786s] Level 1:colcon.colcon_core.package_identification:_identify(.) by extensions ['colcon_pkg']
[0.786s] Level 1:colcon.colcon_core.package_identification:_identify(.) by extension 'colcon_pkg'
[0.786s] Level 1:colcon.colcon_core.package_identification:_identify(.) by extensions ['colcon_meta']
[0.786s] Level 1:colcon.colcon_core.package_identification:_identify(.) by extension 'colcon_meta'
[0.786s] Level 1:colcon.colcon_core.package_identification:_identify(.) by extensions ['ros']
[0.786s] Level 1:colcon.colcon_core.package_identification:_identify(.) by extension 'ros'
[0.808s] Level 1:colcon.colcon_core.package_identification:_identify(.) by extensions ['cmake', 'python']
[0.809s] Level 1:colcon.colcon_core.package_identification:_identify(.) by extension 'cmake'
[0.809s] Level 1:colcon.colcon_core.package_identification:_identify(.) by extension 'python'
[0.809s] Level 1:colcon.colcon_core.package_identification:_identify(.) by extensions ['python_setup_py']
[0.809s] Level 1:colcon.colcon_core.package_identification:_identify(.) by extension 'python_setup_py'
[0.809s] Level 1:colcon.colcon_core.package_identification:_identify(build) by extensions ['ignore', 'ignore_ament_install']
[0.810s] Level 1:colcon.colcon_core.package_identification:_identify(build) by extension 'ignore'
[0.810s] Level 1:colcon.colcon_core.package_identification:_identify(build) ignored
[0.810s] Level 1:colcon.colcon_core.package_identification:_identify(install) by extensions ['ignore', 'ignore_ament_install']
[0.810s] Level 1:colcon.colcon_core.package_identification:_identify(install) by extension 'ignore'
[0.810s] Level 1:colcon.colcon_core.package_identification:_identify(install) ignored
[0.810s] Level 1:colcon.colcon_core.package_identification:_identify(log) by extensions ['ignore', 'ignore_ament_install']
[0.811s] Level 1:colcon.colcon_core.package_identification:_identify(log) by extension 'ignore'
[0.811s] Level 1:colcon.colcon_core.package_identification:_identify(log) ignored
[0.811s] Level 1:colcon.colcon_core.package_identification:_identify(src) by extensions ['ignore', 'ignore_ament_install']
[0.811s] Level 1:colcon.colcon_core.package_identification:_identify(src) by extension 'ignore'
[0.811s] Level 1:colcon.colcon_core.package_identification:_identify(src) by extension 'ignore_ament_install'
[0.811s] Level 1:colcon.colcon_core.package_identification:_identify(src) by extensions ['colcon_pkg']
[0.811s] Level 1:colcon.colcon_core.package_identification:_identify(src) by extension 'colcon_pkg'
[0.811s] Level 1:colcon.colcon_core.package_identification:_identify(src) by extensions ['colcon_meta']
[0.811s] Level 1:colcon.colcon_core.package_identification:_identify(src) by extension 'colcon_meta'
[0.811s] Level 1:colcon.colcon_core.package_identification:_identify(src) by extensions ['ros']
[0.811s] Level 1:colcon.colcon_core.package_identification:_identify(src) by extension 'ros'
[0.811s] Level 1:colcon.colcon_core.package_identification:_identify(src) by extensions ['cmake', 'python']
[0.811s] Level 1:colcon.colcon_core.package_identification:_identify(src) by extension 'cmake'
[0.811s] Level 1:colcon.colcon_core.package_identification:_identify(src) by extension 'python'
[0.811s] Level 1:colcon.colcon_core.package_identification:_identify(src) by extensions ['python_setup_py']
[0.811s] Level 1:colcon.colcon_core.package_identification:_identify(src) by extension 'python_setup_py'
[0.812s] Level 1:colcon.colcon_core.package_identification:_identify(src/science_bringup) by extensions ['ignore', 'ignore_ament_install']
[0.812s] Level 1:colcon.colcon_core.package_identification:_identify(src/science_bringup) by extension 'ignore'
[0.812s] Level 1:colcon.colcon_core.package_identification:_identify(src/science_bringup) by extension 'ignore_ament_install'
[0.812s] Level 1:colcon.colcon_core.package_identification:_identify(src/science_bringup) by extensions ['colcon_pkg']
[0.812s] Level 1:colcon.colcon_core.package_identification:_identify(src/science_bringup) by extension 'colcon_pkg'
[0.812s] Level 1:colcon.colcon_core.package_identification:_identify(src/science_bringup) by extensions ['colcon_meta']
[0.812s] Level 1:colcon.colcon_core.package_identification:_identify(src/science_bringup) by extension 'colcon_meta'
[0.812s] Level 1:colcon.colcon_core.package_identification:_identify(src/science_bringup) by extensions ['ros']
[0.812s] Level 1:colcon.colcon_core.package_identification:_identify(src/science_bringup) by extension 'ros'
[0.819s] DEBUG:colcon.colcon_core.package_identification:Package 'src/science_bringup' with type 'ros.ament_cmake' and name 'science_bringup'
[0.819s] Level 1:colcon.colcon_core.package_identification:_identify(src/science_control) by extensions ['ignore', 'ignore_ament_install']
[0.819s] Level 1:colcon.colcon_core.package_identification:_identify(src/science_control) by extension 'ignore'
[0.819s] Level 1:colcon.colcon_core.package_identification:_identify(src/science_control) by extension 'ignore_ament_install'
[0.819s] Level 1:colcon.colcon_core.package_identification:_identify(src/science_control) by extensions ['colcon_pkg']
[0.820s] Level 1:colcon.colcon_core.package_identification:_identify(src/science_control) by extension 'colcon_pkg'
[0.820s] Level 1:colcon.colcon_core.package_identification:_identify(src/science_control) by extensions ['colcon_meta']
[0.820s] Level 1:colcon.colcon_core.package_identification:_identify(src/science_control) by extension 'colcon_meta'
[0.820s] Level 1:colcon.colcon_core.package_identification:_identify(src/science_control) by extensions ['ros']
[0.820s] Level 1:colcon.colcon_core.package_identification:_identify(src/science_control) by extension 'ros'
[0.822s] DEBUG:colcon.colcon_core.package_identification:Package 'src/science_control' with type 'ros.ament_cmake' and name 'science_control'
[0.822s] Level 1:colcon.colcon_core.package_identification:_identify(src/science_description) by extensions ['ignore', 'ignore_ament_install']
[0.822s] Level 1:colcon.colcon_core.package_identification:_identify(src/science_description) by extension 'ignore'
[0.822s] Level 1:colcon.colcon_core.package_identification:_identify(src/science_description) by extension 'ignore_ament_install'
[0.822s] Level 1:colcon.colcon_core.package_identification:_identify(src/science_description) by extensions ['colcon_pkg']
[0.822s] Level 1:colcon.colcon_core.package_identification:_identify(src/science_description) by extension 'colcon_pkg'
[0.822s] Level 1:colcon.colcon_core.package_identification:_identify(src/science_description) by extensions ['colcon_meta']
[0.823s] Level 1:colcon.colcon_core.package_identification:_identify(src/science_description) by extension 'colcon_meta'
[0.823s] Level 1:colcon.colcon_core.package_identification:_identify(src/science_description) by extensions ['ros']
[0.823s] Level 1:colcon.colcon_core.package_identification:_identify(src/science_description) by extension 'ros'
[0.824s] DEBUG:colcon.colcon_core.package_identification:Package 'src/science_description' with type 'ros.ament_cmake' and name 'science_description'
[0.824s] Level 1:colcon.colcon_core.package_discovery:discover_packages(recursive) using defaults
[0.824s] Level 1:colcon.colcon_core.package_discovery:discover_packages(ignore) discover
[0.824s] Level 1:colcon.colcon_core.package_discovery:discover_packages(ignore) using defaults
[0.824s] Level 1:colcon.colcon_core.package_discovery:discover_packages(path) discover
[0.824s] Level 1:colcon.colcon_core.package_discovery:discover_packages(path) using defaults
[0.890s] Level 1:colcon.colcon_core.package_discovery:discover_packages(prefix_path) check parameters
[0.890s] Level 1:colcon.colcon_core.package_discovery:discover_packages(prefix_path) discover
[0.895s] DEBUG:colcon.colcon_installed_package_information.package_discovery:Found 433 installed packages in /opt/ros/humble
[0.900s] Level 1:colcon.colcon_core.package_discovery:discover_packages(prefix_path) using defaults
[1.011s] Level 5:colcon.colcon_core.verb:set package 'science_control' build argument 'cmake_args' from command line to 'None'
[1.011s] Level 5:colcon.colcon_core.verb:set package 'science_control' build argument 'cmake_target' from command line to 'None'
[1.011s] Level 5:colcon.colcon_core.verb:set package 'science_control' build argument 'cmake_target_skip_unavailable' from command line to 'False'
[1.011s] Level 5:colcon.colcon_core.verb:set package 'science_control' build argument 'cmake_clean_cache' from command line to 'False'
[1.011s] Level 5:colcon.colcon_core.verb:set package 'science_control' build argument 'cmake_clean_first' from command line to 'False'
[1.011s] Level 5:colcon.colcon_core.verb:set package 'science_control' build argument 'cmake_force_configure' from command line to 'False'
[1.011s] Level 5:colcon.colcon_core.verb:set package 'science_control' build argument 'ament_cmake_args' from command line to 'None'
[1.011s] Level 5:colcon.colcon_core.verb:set package 'science_control' build argument 'catkin_cmake_args' from command line to 'None'
[1.011s] Level 5:colcon.colcon_core.verb:set package 'science_control' build argument 'catkin_skip_building_tests' from command line to 'False'
[1.011s] DEBUG:colcon.colcon_core.verb:Building package 'science_control' with the following arguments: {'ament_cmake_args': None, 'build_base': '/home/ibrahim/tasc_science/build/science_control', 'catkin_cmake_args': None, 'catkin_skip_building_tests': False, 'cmake_args': None, 'cmake_clean_cache': False, 'cmake_clean_first': False, 'cmake_force_configure': False, 'cmake_target': None, 'cmake_target_skip_unavailable': False, 'install_base': '/home/ibrahim/tasc_science/install/science_control', 'merge_install': False, 'path': '/home/ibrahim/tasc_science/src/science_control', 'symlink_install': True, 'test_result_base': None}
[1.013s] Level 5:colcon.colcon_core.verb:set package 'science_description' build argument 'cmake_args' from command line to 'None'
[1.013s] Level 5:colcon.colcon_core.verb:set package 'science_description' build argument 'cmake_target' from command line to 'None'
[1.013s] Level 5:colcon.colcon_core.verb:set package 'science_description' build argument 'cmake_target_skip_unavailable' from command line to 'False'
[1.013s] Level 5:colcon.colcon_core.verb:set package 'science_description' build argument 'cmake_clean_cache' from command line to 'False'
[1.013s] Level 5:colcon.colcon_core.verb:set package 'science_description' build argument 'cmake_clean_first' from command line to 'False'
[1.013s] Level 5:colcon.colcon_core.verb:set package 'science_description' build argument 'cmake_force_configure' from command line to 'False'
[1.013s] Level 5:colcon.colcon_core.verb:set package 'science_description' build argument 'ament_cmake_args' from command line to 'None'
[1.013s] Level 5:colcon.colcon_core.verb:set package 'science_description' build argument 'catkin_cmake_args' from command line to 'None'
[1.013s] Level 5:colcon.colcon_core.verb:set package 'science_description' build argument 'catkin_skip_building_tests' from command line to 'False'
[1.013s] DEBUG:colcon.colcon_core.verb:Building package 'science_description' with the following arguments: {'ament_cmake_args': None, 'build_base': '/home/ibrahim/tasc_science/build/science_description', 'catkin_cmake_args': None, 'catkin_skip_building_tests': False, 'cmake_args': None, 'cmake_clean_cache': False, 'cmake_clean_first': False, 'cmake_force_configure': False, 'cmake_target': None, 'cmake_target_skip_unavailable': False, 'install_base': '/home/ibrahim/tasc_science/install/science_description', 'merge_install': False, 'path': '/home/ibrahim/tasc_science/src/science_description', 'symlink_install': True, 'test_result_base': None}
[1.014s] Level 5:colcon.colcon_core.verb:set package 'science_bringup' build argument 'cmake_args' from command line to 'None'
[1.014s] Level 5:colcon.colcon_core.verb:set package 'science_bringup' build argument 'cmake_target' from command line to 'None'
[1.015s] Level 5:colcon.colcon_core.verb:set package 'science_bringup' build argument 'cmake_target_skip_unavailable' from command line to 'False'
[1.015s] Level 5:colcon.colcon_core.verb:set package 'science_bringup' build argument 'cmake_clean_cache' from command line to 'False'
[1.015s] Level 5:colcon.colcon_core.verb:set package 'science_bringup' build argument 'cmake_clean_first' from command line to 'False'
[1.015s] Level 5:colcon.colcon_core.verb:set package 'science_bringup' build argument 'cmake_force_configure' from command line to 'False'
[1.015s] Level 5:colcon.colcon_core.verb:set package 'science_bringup' build argument 'ament_cmake_args' from command line to 'None'
[1.015s] Level 5:colcon.colcon_core.verb:set package 'science_bringup' build argument 'catkin_cmake_args' from command line to 'None'
[1.015s] Level 5:colcon.colcon_core.verb:set package 'science_bringup' build argument 'catkin_skip_building_tests' from command line to 'False'
[1.015s] DEBUG:colcon.colcon_core.verb:Building package 'science_bringup' with the following arguments: {'ament_cmake_args': None, 'build_base': '/home/ibrahim/tasc_science/build/science_bringup', 'catkin_cmake_args': None, 'catkin_skip_building_tests': False, 'cmake_args': None, 'cmake_clean_cache': False, 'cmake_clean_first': False, 'cmake_force_configure': False, 'cmake_target': None, 'cmake_target_skip_unavailable': False, 'install_base': '/home/ibrahim/tasc_science/install/science_bringup', 'merge_install': False, 'path': '/home/ibrahim/tasc_science/src/science_bringup', 'symlink_install': True, 'test_result_base': None}
[1.015s] INFO:colcon.colcon_core.executor:Executing jobs using 'parallel' executor
[1.018s] DEBUG:colcon.colcon_parallel_executor.executor.parallel:run_until_complete
[1.019s] INFO:colcon.colcon_ros.task.ament_cmake.build:Building ROS package in '/home/ibrahim/tasc_science/src/science_control' with build type 'ament_cmake'
[1.020s] INFO:colcon.colcon_cmake.task.cmake.build:Building CMake package in '/home/ibrahim/tasc_science/src/science_control'
[1.024s] INFO:colcon.colcon_core.plugin_system:Skipping extension 'colcon_core.shell.bat': Not used on non-Windows systems
[1.024s] INFO:colcon.colcon_core.shell:Skip shell extension 'powershell' for command environment: Not usable outside of PowerShell
[1.024s] DEBUG:colcon.colcon_core.shell:Skip shell extension 'dsv' for command environment
[1.041s] DEBUG:colcon.colcon_core.event_handler.log_command:Invoking command in '/home/ibrahim/tasc_science/build/science_control': CMAKE_PREFIX_PATH=/opt/ros/humble /usr/bin/cmake /home/ibrahim/tasc_science/src/science_control -DAMENT_CMAKE_SYMLINK_INSTALL=1 -DCMAKE_INSTALL_PREFIX=/home/ibrahim/tasc_science/install/science_control
[4.493s] DEBUG:colcon.colcon_core.event_handler.log_command:Invoked command in '/home/ibrahim/tasc_science/build/science_control' returned '0': CMAKE_PREFIX_PATH=/opt/ros/humble /usr/bin/cmake /home/ibrahim/tasc_science/src/science_control -DAMENT_CMAKE_SYMLINK_INSTALL=1 -DCMAKE_INSTALL_PREFIX=/home/ibrahim/tasc_science/install/science_control
[4.495s] DEBUG:colcon.colcon_core.event_handler.log_command:Invoking command in '/home/ibrahim/tasc_science/build/science_control': CMAKE_PREFIX_PATH=/opt/ros/humble /usr/bin/cmake --build /home/ibrahim/tasc_science/build/science_control -- -j4 -l4
[33.668s] DEBUG:colcon.colcon_core.event_handler.log_command:Invoked command in '/home/ibrahim/tasc_science/build/science_control' returned '0': CMAKE_PREFIX_PATH=/opt/ros/humble /usr/bin/cmake --build /home/ibrahim/tasc_science/build/science_control -- -j4 -l4
[33.690s] DEBUG:colcon.colcon_core.event_handler.log_command:Invoking command in '/home/ibrahim/tasc_science/build/science_control': CMAKE_PREFIX_PATH=/opt/ros/humble /usr/bin/cmake --install /home/ibrahim/tasc_science/build/science_control
[34.192s] Level 1:colcon.colcon_core.environment:create_environment_scripts_only(science_control)
[34.194s] DEBUG:colcon.colcon_core.event_handler.log_command:Invoked command in '/home/ibrahim/tasc_science/build/science_control' returned '0': CMAKE_PREFIX_PATH=/opt/ros/humble /usr/bin/cmake --install /home/ibrahim/tasc_science/build/science_control
[34.200s] Level 1:colcon.colcon_core.environment:checking '/home/ibrahim/tasc_science/install/science_control' for CMake module files
[34.201s] Level 1:colcon.colcon_core.environment:checking '/home/ibrahim/tasc_science/install/science_control' for CMake config files
[34.202s] Level 1:colcon.colcon_core.shell:create_environment_hook('science_control', 'cmake_prefix_path')
[34.203s] INFO:colcon.colcon_core.shell:Creating environment hook '/home/ibrahim/tasc_science/install/science_control/share/science_control/hook/cmake_prefix_path.ps1'
[34.204s] INFO:colcon.colcon_core.shell:Creating environment descriptor '/home/ibrahim/tasc_science/install/science_control/share/science_control/hook/cmake_prefix_path.dsv'
[34.204s] INFO:colcon.colcon_core.shell:Creating environment hook '/home/ibrahim/tasc_science/install/science_control/share/science_control/hook/cmake_prefix_path.sh'
[34.205s] Level 1:colcon.colcon_core.environment:checking '/home/ibrahim/tasc_science/install/science_control/lib'
[34.206s] Level 1:colcon.colcon_core.shell:create_environment_hook('science_control', 'ld_library_path_lib')
[34.206s] INFO:colcon.colcon_core.shell:Creating environment hook '/home/ibrahim/tasc_science/install/science_control/share/science_control/hook/ld_library_path_lib.ps1'
[34.206s] INFO:colcon.colcon_core.shell:Creating environment descriptor '/home/ibrahim/tasc_science/install/science_control/share/science_control/hook/ld_library_path_lib.dsv'
[34.207s] INFO:colcon.colcon_core.shell:Creating environment hook '/home/ibrahim/tasc_science/install/science_control/share/science_control/hook/ld_library_path_lib.sh'
[34.207s] Level 1:colcon.colcon_core.environment:checking '/home/ibrahim/tasc_science/install/science_control/bin'
[34.207s] Level 1:colcon.colcon_core.environment:checking '/home/ibrahim/tasc_science/install/science_control/lib/pkgconfig/science_control.pc'
[34.208s] Level 1:colcon.colcon_core.environment:checking '/home/ibrahim/tasc_science/install/science_control/lib/python3.10/site-packages'
[34.208s] Level 1:colcon.colcon_core.environment:checking '/home/ibrahim/tasc_science/install/science_control/bin'
[34.208s] INFO:colcon.colcon_core.shell:Creating package script '/home/ibrahim/tasc_science/install/science_control/share/science_control/package.ps1'
[34.209s] INFO:colcon.colcon_core.shell:Creating package descriptor '/home/ibrahim/tasc_science/install/science_control/share/science_control/package.dsv'
[34.211s] INFO:colcon.colcon_core.shell:Creating package script '/home/ibrahim/tasc_science/install/science_control/share/science_control/package.sh'
[34.213s] INFO:colcon.colcon_core.shell:Creating package script '/home/ibrahim/tasc_science/install/science_control/share/science_control/package.bash'
[34.213s] INFO:colcon.colcon_core.shell:Creating package script '/home/ibrahim/tasc_science/install/science_control/share/science_control/package.zsh'
[34.215s] Level 1:colcon.colcon_core.environment:create_file_with_runtime_dependencies(/home/ibrahim/tasc_science/install/science_control/share/colcon-core/packages/science_control)
[34.216s] Level 1:colcon.colcon_core.environment:create_environment_scripts_only(science_control)
[34.217s] Level 1:colcon.colcon_core.environment:checking '/home/ibrahim/tasc_science/install/science_control' for CMake module files
[34.218s] Level 1:colcon.colcon_core.environment:checking '/home/ibrahim/tasc_science/install/science_control' for CMake config files
[34.219s] Level 1:colcon.colcon_core.shell:create_environment_hook('science_control', 'cmake_prefix_path')
[34.220s] INFO:colcon.colcon_core.shell:Creating environment hook '/home/ibrahim/tasc_science/install/science_control/share/science_control/hook/cmake_prefix_path.ps1'
[34.224s] INFO:colcon.colcon_core.shell:Creating environment descriptor '/home/ibrahim/tasc_science/install/science_control/share/science_control/hook/cmake_prefix_path.dsv'
[34.225s] INFO:colcon.colcon_core.shell:Creating environment hook '/home/ibrahim/tasc_science/install/science_control/share/science_control/hook/cmake_prefix_path.sh'
[34.227s] Level 1:colcon.colcon_core.environment:checking '/home/ibrahim/tasc_science/install/science_control/lib'
[34.228s] Level 1:colcon.colcon_core.shell:create_environment_hook('science_control', 'ld_library_path_lib')
[34.229s] INFO:colcon.colcon_core.shell:Creating environment hook '/home/ibrahim/tasc_science/install/science_control/share/science_control/hook/ld_library_path_lib.ps1'
[34.232s] INFO:colcon.colcon_core.shell:Creating environment descriptor '/home/ibrahim/tasc_science/install/science_control/share/science_control/hook/ld_library_path_lib.dsv'
[34.234s] INFO:colcon.colcon_core.shell:Creating environment hook '/home/ibrahim/tasc_science/install/science_control/share/science_control/hook/ld_library_path_lib.sh'
[34.236s] Level 1:colcon.colcon_core.environment:checking '/home/ibrahim/tasc_science/install/science_control/bin'
[34.236s] Level 1:colcon.colcon_core.environment:checking '/home/ibrahim/tasc_science/install/science_control/lib/pkgconfig/science_control.pc'
[34.236s] Level 1:colcon.colcon_core.environment:checking '/home/ibrahim/tasc_science/install/science_control/lib/python3.10/site-packages'
[34.237s] Level 1:colcon.colcon_core.environment:checking '/home/ibrahim/tasc_science/install/science_control/bin'
[34.238s] INFO:colcon.colcon_core.shell:Creating package script '/home/ibrahim/tasc_science/install/science_control/share/science_control/package.ps1'
[34.239s] INFO:colcon.colcon_core.shell:Creating package descriptor '/home/ibrahim/tasc_science/install/science_control/share/science_control/package.dsv'
[34.241s] INFO:colcon.colcon_core.shell:Creating package script '/home/ibrahim/tasc_science/install/science_control/share/science_control/package.sh'
[34.243s] INFO:colcon.colcon_core.shell:Creating package script '/home/ibrahim/tasc_science/install/science_control/share/science_control/package.bash'
[34.245s] INFO:colcon.colcon_core.shell:Creating package script '/home/ibrahim/tasc_science/install/science_control/share/science_control/package.zsh'
[34.246s] Level 1:colcon.colcon_core.environment:create_file_with_runtime_dependencies(/home/ibrahim/tasc_science/install/science_control/share/colcon-core/packages/science_control)
[34.247s] INFO:colcon.colcon_ros.task.ament_cmake.build:Building ROS package in '/home/ibrahim/tasc_science/src/science_description' with build type 'ament_cmake'
[34.247s] INFO:colcon.colcon_cmake.task.cmake.build:Building CMake package in '/home/ibrahim/tasc_science/src/science_description'
[34.248s] INFO:colcon.colcon_core.shell:Skip shell extension 'powershell' for command environment: Not usable outside of PowerShell
[34.248s] DEBUG:colcon.colcon_core.shell:Skip shell extension 'dsv' for command environment
[34.276s] DEBUG:colcon.colcon_core.event_handler.log_command:Invoking command in '/home/ibrahim/tasc_science/build/science_description': AMENT_PREFIX_PATH=/home/ibrahim/tasc_science/install/science_control:${AMENT_PREFIX_PATH} CMAKE_PREFIX_PATH=/home/ibrahim/tasc_science/install/science_control:/opt/ros/humble LD_LIBRARY_PATH=/home/ibrahim/tasc_science/install/science_control/lib:${LD_LIBRARY_PATH} /usr/bin/cmake /home/ibrahim/tasc_science/src/science_description -DAMENT_CMAKE_SYMLINK_INSTALL=1 -DCMAKE_INSTALL_PREFIX=/home/ibrahim/tasc_science/install/science_description
[35.686s] DEBUG:colcon.colcon_core.event_handler.log_command:Invoked command in '/home/ibrahim/tasc_science/build/science_description' returned '0': AMENT_PREFIX_PATH=/home/ibrahim/tasc_science/install/science_control:${AMENT_PREFIX_PATH} CMAKE_PREFIX_PATH=/home/ibrahim/tasc_science/install/science_control:/opt/ros/humble LD_LIBRARY_PATH=/home/ibrahim/tasc_science/install/science_control/lib:${LD_LIBRARY_PATH} /usr/bin/cmake /home/ibrahim/tasc_science/src/science_description -DAMENT_CMAKE_SYMLINK_INSTALL=1 -DCMAKE_INSTALL_PREFIX=/home/ibrahim/tasc_science/install/science_description
[35.692s] DEBUG:colcon.colcon_core.event_handler.log_command:Invoking command in '/home/ibrahim/tasc_science/build/science_description': AMENT_PREFIX_PATH=/home/ibrahim/tasc_science/install/science_control:${AMENT_PREFIX_PATH} CMAKE_PREFIX_PATH=/home/ibrahim/tasc_science/install/science_control:/opt/ros/humble LD_LIBRARY_PATH=/home/ibrahim/tasc_science/install/science_control/lib:${LD_LIBRARY_PATH} /usr/bin/cmake --build /home/ibrahim/tasc_science/build/science_description -- -j4 -l4
[35.816s] DEBUG:colcon.colcon_core.event_handler.log_command:Invoked command in '/home/ibrahim/tasc_science/build/science_description' returned '0': AMENT_PREFIX_PATH=/home/ibrahim/tasc_science/install/science_control:${AMENT_PREFIX_PATH} CMAKE_PREFIX_PATH=/home/ibrahim/tasc_science/install/science_control:/opt/ros/humble LD_LIBRARY_PATH=/home/ibrahim/tasc_science/install/science_control/lib:${LD_LIBRARY_PATH} /usr/bin/cmake --build /home/ibrahim/tasc_science/build/science_description -- -j4 -l4
[35.824s] DEBUG:colcon.colcon_core.event_handler.log_command:Invoking command in '/home/ibrahim/tasc_science/build/science_description': AMENT_PREFIX_PATH=/home/ibrahim/tasc_science/install/science_control:${AMENT_PREFIX_PATH} CMAKE_PREFIX_PATH=/home/ibrahim/tasc_science/install/science_control:/opt/ros/humble LD_LIBRARY_PATH=/home/ibrahim/tasc_science/install/science_control/lib:${LD_LIBRARY_PATH} /usr/bin/cmake --install /home/ibrahim/tasc_science/build/science_description
[36.290s] Level 1:colcon.colcon_core.environment:create_environment_scripts_only(science_description)
[36.291s] DEBUG:colcon.colcon_core.event_handler.log_command:Invoked command in '/home/ibrahim/tasc_science/build/science_description' returned '0': AMENT_PREFIX_PATH=/home/ibrahim/tasc_science/install/science_control:${AMENT_PREFIX_PATH} CMAKE_PREFIX_PATH=/home/ibrahim/tasc_science/install/science_control:/opt/ros/humble LD_LIBRARY_PATH=/home/ibrahim/tasc_science/install/science_control/lib:${LD_LIBRARY_PATH} /usr/bin/cmake --install /home/ibrahim/tasc_science/build/science_description
[36.292s] Level 1:colcon.colcon_core.environment:checking '/home/ibrahim/tasc_science/install/science_description' for CMake module files
[36.297s] Level 1:colcon.colcon_core.environment:checking '/home/ibrahim/tasc_science/install/science_description' for CMake config files
[36.298s] Level 1:colcon.colcon_core.shell:create_environment_hook('science_description', 'cmake_prefix_path')
[36.299s] INFO:colcon.colcon_core.shell:Creating environment hook '/home/ibrahim/tasc_science/install/science_description/share/science_description/hook/cmake_prefix_path.ps1'
[36.301s] INFO:colcon.colcon_core.shell:Creating environment descriptor '/home/ibrahim/tasc_science/install/science_description/share/science_description/hook/cmake_prefix_path.dsv'
[36.301s] INFO:colcon.colcon_core.shell:Creating environment hook '/home/ibrahim/tasc_science/install/science_description/share/science_description/hook/cmake_prefix_path.sh'
[36.303s] Level 1:colcon.colcon_core.environment:checking '/home/ibrahim/tasc_science/install/science_description/bin'
[36.303s] Level 1:colcon.colcon_core.environment:checking '/home/ibrahim/tasc_science/install/science_description/lib/pkgconfig/science_description.pc'
[36.303s] Level 1:colcon.colcon_core.environment:checking '/home/ibrahim/tasc_science/install/science_description/lib/python3.10/site-packages'
[36.304s] Level 1:colcon.colcon_core.environment:checking '/home/ibrahim/tasc_science/install/science_description/bin'
[36.305s] INFO:colcon.colcon_core.shell:Creating package script '/home/ibrahim/tasc_science/install/science_description/share/science_description/package.ps1'
[36.307s] INFO:colcon.colcon_core.shell:Creating package descriptor '/home/ibrahim/tasc_science/install/science_description/share/science_description/package.dsv'
[36.309s] INFO:colcon.colcon_core.shell:Creating package script '/home/ibrahim/tasc_science/install/science_description/share/science_description/package.sh'
[36.311s] INFO:colcon.colcon_core.shell:Creating package script '/home/ibrahim/tasc_science/install/science_description/share/science_description/package.bash'
[36.312s] INFO:colcon.colcon_core.shell:Creating package script '/home/ibrahim/tasc_science/install/science_description/share/science_description/package.zsh'
[36.314s] Level 1:colcon.colcon_core.environment:create_file_with_runtime_dependencies(/home/ibrahim/tasc_science/install/science_description/share/colcon-core/packages/science_description)
[36.315s] Level 1:colcon.colcon_core.environment:create_environment_scripts_only(science_description)
[36.316s] Level 1:colcon.colcon_core.environment:checking '/home/ibrahim/tasc_science/install/science_description' for CMake module files
[36.317s] Level 1:colcon.colcon_core.environment:checking '/home/ibrahim/tasc_science/install/science_description' for CMake config files
[36.317s] Level 1:colcon.colcon_core.shell:create_environment_hook('science_description', 'cmake_prefix_path')
[36.318s] INFO:colcon.colcon_core.shell:Creating environment hook '/home/ibrahim/tasc_science/install/science_description/share/science_description/hook/cmake_prefix_path.ps1'
[36.319s] INFO:colcon.colcon_core.shell:Creating environment descriptor '/home/ibrahim/tasc_science/install/science_description/share/science_description/hook/cmake_prefix_path.dsv'
[36.320s] INFO:colcon.colcon_core.shell:Creating environment hook '/home/ibrahim/tasc_science/install/science_description/share/science_description/hook/cmake_prefix_path.sh'
[36.321s] Level 1:colcon.colcon_core.environment:checking '/home/ibrahim/tasc_science/install/science_description/bin'
[36.321s] Level 1:colcon.colcon_core.environment:checking '/home/ibrahim/tasc_science/install/science_description/lib/pkgconfig/science_description.pc'
[36.322s] Level 1:colcon.colcon_core.environment:checking '/home/ibrahim/tasc_science/install/science_description/lib/python3.10/site-packages'
[36.322s] Level 1:colcon.colcon_core.environment:checking '/home/ibrahim/tasc_science/install/science_description/bin'
[36.323s] INFO:colcon.colcon_core.shell:Creating package script '/home/ibrahim/tasc_science/install/science_description/share/science_description/package.ps1'
[36.324s] INFO:colcon.colcon_core.shell:Creating package descriptor '/home/ibrahim/tasc_science/install/science_description/share/science_description/package.dsv'
[36.325s] INFO:colcon.colcon_core.shell:Creating package script '/home/ibrahim/tasc_science/install/science_description/share/science_description/package.sh'
[36.326s] INFO:colcon.colcon_core.shell:Creating package script '/home/ibrahim/tasc_science/install/science_description/share/science_description/package.bash'
[36.327s] INFO:colcon.colcon_core.shell:Creating package script '/home/ibrahim/tasc_science/install/science_description/share/science_description/package.zsh'
[36.329s] Level 1:colcon.colcon_core.environment:create_file_with_runtime_dependencies(/home/ibrahim/tasc_science/install/science_description/share/colcon-core/packages/science_description)
[36.330s] INFO:colcon.colcon_ros.task.ament_cmake.build:Building ROS package in '/home/ibrahim/tasc_science/src/science_bringup' with build type 'ament_cmake'
[36.330s] INFO:colcon.colcon_cmake.task.cmake.build:Building CMake package in '/home/ibrahim/tasc_science/src/science_bringup'
[36.331s] INFO:colcon.colcon_core.shell:Skip shell extension 'powershell' for command environment: Not usable outside of PowerShell
[36.331s] DEBUG:colcon.colcon_core.shell:Skip shell extension 'dsv' for command environment
[36.363s] DEBUG:colcon.colcon_core.event_handler.log_command:Invoking command in '/home/ibrahim/tasc_science/build/science_bringup': AMENT_PREFIX_PATH=/home/ibrahim/tasc_science/install/science_description:/home/ibrahim/tasc_science/install/science_control:${AMENT_PREFIX_PATH} CMAKE_PREFIX_PATH=/home/ibrahim/tasc_science/install/science_description:/home/ibrahim/tasc_science/install/science_control:/opt/ros/humble LD_LIBRARY_PATH=/home/ibrahim/tasc_science/install/science_control/lib:${LD_LIBRARY_PATH} /usr/bin/cmake /home/ibrahim/tasc_science/src/science_bringup -DAMENT_CMAKE_SYMLINK_INSTALL=1 -DCMAKE_INSTALL_PREFIX=/home/ibrahim/tasc_science/install/science_bringup
[37.757s] DEBUG:colcon.colcon_core.event_handler.log_command:Invoked command in '/home/ibrahim/tasc_science/build/science_bringup' returned '0': AMENT_PREFIX_PATH=/home/ibrahim/tasc_science/install/science_description:/home/ibrahim/tasc_science/install/science_control:${AMENT_PREFIX_PATH} CMAKE_PREFIX_PATH=/home/ibrahim/tasc_science/install/science_description:/home/ibrahim/tasc_science/install/science_control:/opt/ros/humble LD_LIBRARY_PATH=/home/ibrahim/tasc_science/install/science_control/lib:${LD_LIBRARY_PATH} /usr/bin/cmake /home/ibrahim/tasc_science/src/science_bringup -DAMENT_CMAKE_SYMLINK_INSTALL=1 -DCMAKE_INSTALL_PREFIX=/home/ibrahim/tasc_science/install/science_bringup
[37.758s] DEBUG:colcon.colcon_core.event_handler.log_command:Invoking command in '/home/ibrahim/tasc_science/build/science_bringup': AMENT_PREFIX_PATH=/home/ibrahim/tasc_science/install/science_description:/home/ibrahim/tasc_science/install/science_control:${AMENT_PREFIX_PATH} CMAKE_PREFIX_PATH=/home/ibrahim/tasc_science/install/science_description:/home/ibrahim/tasc_science/install/science_control:/opt/ros/humble LD_LIBRARY_PATH=/home/ibrahim/tasc_science/install/science_control/lib:${LD_LIBRARY_PATH} /usr/bin/cmake --build /home/ibrahim/tasc_science/build/science_bringup -- -j4 -l4
[37.842s] DEBUG:colcon.colcon_core.event_handler.log_command:Invoked command in '/home/ibrahim/tasc_science/build/science_bringup' returned '0': AMENT_PREFIX_PATH=/home/ibrahim/tasc_science/install/science_description:/home/ibrahim/tasc_science/install/science_control:${AMENT_PREFIX_PATH} CMAKE_PREFIX_PATH=/home/ibrahim/tasc_science/install/science_description:/home/ibrahim/tasc_science/install/science_control:/opt/ros/humble LD_LIBRARY_PATH=/home/ibrahim/tasc_science/install/science_control/lib:${LD_LIBRARY_PATH} /usr/bin/cmake --build /home/ibrahim/tasc_science/build/science_bringup -- -j4 -l4
[37.845s] DEBUG:colcon.colcon_core.event_handler.log_command:Invoking command in '/home/ibrahim/tasc_science/build/science_bringup': AMENT_PREFIX_PATH=/home/ibrahim/tasc_science/install/science_description:/home/ibrahim/tasc_science/install/science_control:${AMENT_PREFIX_PATH} CMAKE_PREFIX_PATH=/home/ibrahim/tasc_science/install/science_description:/home/ibrahim/tasc_science/install/science_control:/opt/ros/humble LD_LIBRARY_PATH=/home/ibrahim/tasc_science/install/science_control/lib:${LD_LIBRARY_PATH} /usr/bin/cmake --install /home/ibrahim/tasc_science/build/science_bringup
[38.197s] Level 1:colcon.colcon_core.environment:create_environment_scripts_only(science_bringup)
[38.198s] DEBUG:colcon.colcon_core.event_handler.log_command:Invoked command in '/home/ibrahim/tasc_science/build/science_bringup' returned '0': AMENT_PREFIX_PATH=/home/ibrahim/tasc_science/install/science_description:/home/ibrahim/tasc_science/install/science_control:${AMENT_PREFIX_PATH} CMAKE_PREFIX_PATH=/home/ibrahim/tasc_science/install/science_description:/home/ibrahim/tasc_science/install/science_control:/opt/ros/humble LD_LIBRARY_PATH=/home/ibrahim/tasc_science/install/science_control/lib:${LD_LIBRARY_PATH} /usr/bin/cmake --install /home/ibrahim/tasc_science/build/science_bringup
[38.199s] Level 1:colcon.colcon_core.environment:checking '/home/ibrahim/tasc_science/install/science_bringup' for CMake module files
[38.200s] Level 1:colcon.colcon_core.environment:checking '/home/ibrahim/tasc_science/install/science_bringup' for CMake config files
[38.200s] Level 1:colcon.colcon_core.shell:create_environment_hook('science_bringup', 'cmake_prefix_path')
[38.201s] INFO:colcon.colcon_core.shell:Creating environment hook '/home/ibrahim/tasc_science/install/science_bringup/share/science_bringup/hook/cmake_prefix_path.ps1'
[38.202s] INFO:colcon.colcon_core.shell:Creating environment descriptor '/home/ibrahim/tasc_science/install/science_bringup/share/science_bringup/hook/cmake_prefix_path.dsv'
[38.203s] INFO:colcon.colcon_core.shell:Creating environment hook '/home/ibrahim/tasc_science/install/science_bringup/share/science_bringup/hook/cmake_prefix_path.sh'
[38.204s] Level 1:colcon.colcon_core.environment:checking '/home/ibrahim/tasc_science/install/science_bringup/bin'
[38.205s] Level 1:colcon.colcon_core.environment:checking '/home/ibrahim/tasc_science/install/science_bringup/lib/pkgconfig/science_bringup.pc'
[38.205s] Level 1:colcon.colcon_core.environment:checking '/home/ibrahim/tasc_science/install/science_bringup/lib/python3.10/site-packages'
[38.206s] Level 1:colcon.colcon_core.environment:checking '/home/ibrahim/tasc_science/install/science_bringup/bin'
[38.206s] INFO:colcon.colcon_core.shell:Creating package script '/home/ibrahim/tasc_science/install/science_bringup/share/science_bringup/package.ps1'
[38.207s] INFO:colcon.colcon_core.shell:Creating package descriptor '/home/ibrahim/tasc_science/install/science_bringup/share/science_bringup/package.dsv'
[38.209s] INFO:colcon.colcon_core.shell:Creating package script '/home/ibrahim/tasc_science/install/science_bringup/share/science_bringup/package.sh'
[38.210s] INFO:colcon.colcon_core.shell:Creating package script '/home/ibrahim/tasc_science/install/science_bringup/share/science_bringup/package.bash'
[38.210s] INFO:colcon.colcon_core.shell:Creating package script '/home/ibrahim/tasc_science/install/science_bringup/share/science_bringup/package.zsh'
[38.211s] Level 1:colcon.colcon_core.environment:create_file_with_runtime_dependencies(/home/ibrahim/tasc_science/install/science_bringup/share/colcon-core/packages/science_bringup)
[38.212s] Level 1:colcon.colcon_core.environment:create_environment_scripts_only(science_bringup)
[38.213s] Level 1:colcon.colcon_core.environment:checking '/home/ibrahim/tasc_science/install/science_bringup' for CMake module files
[38.213s] Level 1:colcon.colcon_core.environment:checking '/home/ibrahim/tasc_science/install/science_bringup' for CMake config files
[38.214s] Level 1:colcon.colcon_core.shell:create_environment_hook('science_bringup', 'cmake_prefix_path')
[38.214s] INFO:colcon.colcon_core.shell:Creating environment hook '/home/ibrahim/tasc_science/install/science_bringup/share/science_bringup/hook/cmake_prefix_path.ps1'
[38.215s] INFO:colcon.colcon_core.shell:Creating environment descriptor '/home/ibrahim/tasc_science/install/science_bringup/share/science_bringup/hook/cmake_prefix_path.dsv'
[38.216s] INFO:colcon.colcon_core.shell:Creating environment hook '/home/ibrahim/tasc_science/install/science_bringup/share/science_bringup/hook/cmake_prefix_path.sh'
[38.218s] Level 1:colcon.colcon_core.environment:checking '/home/ibrahim/tasc_science/install/science_bringup/bin'
[38.218s] Level 1:colcon.colcon_core.environment:checking '/home/ibrahim/tasc_science/install/science_bringup/lib/pkgconfig/science_bringup.pc'
[38.218s] Level 1:colcon.colcon_core.environment:checking '/home/ibrahim/tasc_science/install/science_bringup/lib/python3.10/site-packages'
[38.219s] Level 1:colcon.colcon_core.environment:checking '/home/ibrahim/tasc_science/install/science_bringup/bin'
[38.220s] INFO:colcon.colcon_core.shell:Creating package script '/home/ibrahim/tasc_science/install/science_bringup/share/science_bringup/package.ps1'
[38.223s] INFO:colcon.colcon_core.shell:Creating package descriptor '/home/ibrahim/tasc_science/install/science_bringup/share/science_bringup/package.dsv'
[38.224s] INFO:colcon.colcon_core.shell:Creating package script '/home/ibrahim/tasc_science/install/science_bringup/share/science_bringup/package.sh'
[38.226s] INFO:colcon.colcon_core.shell:Creating package script '/home/ibrahim/tasc_science/install/science_bringup/share/science_bringup/package.bash'
[38.227s] INFO:colcon.colcon_core.shell:Creating package script '/home/ibrahim/tasc_science/install/science_bringup/share/science_bringup/package.zsh'
[38.228s] Level 1:colcon.colcon_core.environment:create_file_with_runtime_dependencies(/home/ibrahim/tasc_science/install/science_bringup/share/colcon-core/packages/science_bringup)
[38.229s] DEBUG:colcon.colcon_parallel_executor.executor.parallel:closing loop
[38.230s] DEBUG:colcon.colcon_parallel_executor.executor.parallel:loop closed
[38.230s] DEBUG:colcon.colcon_parallel_executor.executor.parallel:run_until_complete finished with '0'
[38.230s] DEBUG:colcon.colcon_core.event_reactor:joining thread
[38.244s] INFO:colcon.colcon_core.plugin_system:Skipping extension 'colcon_notification.desktop_notification.terminal_notifier': Not used on non-Darwin systems
[38.244s] INFO:colcon.colcon_core.plugin_system:Skipping extension 'colcon_notification.desktop_notification.win32': Not used on non-Windows systems
[38.244s] INFO:colcon.colcon_notification.desktop_notification:Sending desktop notification using 'notify2'
[38.282s] DEBUG:colcon.colcon_core.event_reactor:joined thread
[38.282s] INFO:colcon.colcon_core.shell:Creating prefix script '/home/ibrahim/tasc_science/install/local_setup.ps1'
[38.284s] INFO:colcon.colcon_core.shell:Creating prefix util module '/home/ibrahim/tasc_science/install/_local_setup_util_ps1.py'
[38.286s] INFO:colcon.colcon_core.shell:Creating prefix chain script '/home/ibrahim/tasc_science/install/setup.ps1'
[38.288s] INFO:colcon.colcon_core.shell:Creating prefix script '/home/ibrahim/tasc_science/install/local_setup.sh'
[38.289s] INFO:colcon.colcon_core.shell:Creating prefix util module '/home/ibrahim/tasc_science/install/_local_setup_util_sh.py'
[38.290s] INFO:colcon.colcon_core.shell:Creating prefix chain script '/home/ibrahim/tasc_science/install/setup.sh'
[38.293s] INFO:colcon.colcon_core.shell:Creating prefix script '/home/ibrahim/tasc_science/install/local_setup.bash'
[38.294s] INFO:colcon.colcon_core.shell:Creating prefix chain script '/home/ibrahim/tasc_science/install/setup.bash'
[38.298s] INFO:colcon.colcon_core.shell:Creating prefix script '/home/ibrahim/tasc_science/install/local_setup.zsh'
[38.299s] INFO:colcon.colcon_core.shell:Creating prefix chain script '/home/ibrahim/tasc_science/install/setup.zsh'
