[35m[1mConsolidate compiler generated dependencies of target science_2026_keyboard_teleop[0m
[35m[1mConsolidate compiler generated dependencies of target science_2026[0m
[ 50%] Built target science_2026_keyboard_teleop
[ 75%] [32mBuilding CXX object CMakeFiles/science_2026.dir/src/science_2026_system.cpp.o[0m
[100%] [32m[1mLinking CXX shared library libscience_2026.so[0m
[100%] Built target science_2026
-- Install configuration: ""
-- Execute custom install script
-- Up-to-date symlink: /home/ibrahim/tasc_science/install/science_control/share/science_control//plugin.xml
-- Up-to-date symlink: /home/ibrahim/tasc_science/install/science_control/include/science_control/science_2026_system.hpp
-- Up-to-date symlink: /home/ibrahim/tasc_science/install/science_control/share/science_control/config/controllers.yaml
-- Up-to-date symlink: /home/ibrahim/tasc_science/install/science_control/share/science_control/plugin.xml
-- Up-to-date symlink: /home/ibrahim/tasc_science/install/science_control/share/science_control/environment/library_path.sh
-- Up-to-date symlink: /home/ibrahim/tasc_science/install/science_control/share/science_control/environment/library_path.dsv
-- Up-to-date symlink: /home/ibrahim/tasc_science/install/science_control/share/ament_index/resource_index/package_run_dependencies/science_control
-- Up-to-date symlink: /home/ibrahim/tasc_science/install/science_control/share/ament_index/resource_index/parent_prefix_path/science_control
-- Up-to-date symlink: /home/ibrahim/tasc_science/install/science_control/share/science_control/environment/ament_prefix_path.sh
-- Up-to-date symlink: /home/ibrahim/tasc_science/install/science_control/share/science_control/environment/ament_prefix_path.dsv
-- Up-to-date symlink: /home/ibrahim/tasc_science/install/science_control/share/science_control/environment/path.sh
-- Up-to-date symlink: /home/ibrahim/tasc_science/install/science_control/share/science_control/environment/path.dsv
-- Up-to-date symlink: /home/ibrahim/tasc_science/install/science_control/share/science_control/local_setup.bash
-- Up-to-date symlink: /home/ibrahim/tasc_science/install/science_control/share/science_control/local_setup.sh
-- Up-to-date symlink: /home/ibrahim/tasc_science/install/science_control/share/science_control/local_setup.zsh
-- Up-to-date symlink: /home/ibrahim/tasc_science/install/science_control/share/science_control/local_setup.dsv
-- Symlinking: /home/ibrahim/tasc_science/install/science_control/share/science_control/package.dsv
-- Up-to-date symlink: /home/ibrahim/tasc_science/install/science_control/share/ament_index/resource_index/packages/science_control
-- Up-to-date symlink: /home/ibrahim/tasc_science/install/science_control/share/ament_index/resource_index/hardware_interface__pluginlib__plugin/science_control
-- Up-to-date symlink: /home/ibrahim/tasc_science/install/science_control/share/science_control/cmake/ament_cmake_export_targets-extras.cmake
-- Up-to-date symlink: /home/ibrahim/tasc_science/install/science_control/share/science_control/cmake/ament_cmake_export_dependencies-extras.cmake
-- Up-to-date symlink: /home/ibrahim/tasc_science/install/science_control/share/science_control/cmake/science_controlConfig.cmake
-- Up-to-date symlink: /home/ibrahim/tasc_science/install/science_control/share/science_control/cmake/science_controlConfig-version.cmake
-- Up-to-date symlink: /home/ibrahim/tasc_science/install/science_control/share/science_control/package.xml
-- Installing: /home/ibrahim/tasc_science/install/science_control/lib/libscience_2026.so
-- Set runtime path of "/home/ibrahim/tasc_science/install/science_control/lib/libscience_2026.so" to ""
-- Up-to-date: /home/ibrahim/tasc_science/install/science_control/lib/science_control/science_2026_keyboard_teleop
-- Up-to-date: /home/ibrahim/tasc_science/install/science_control/share/science_control/cmake/export_science_controlExport.cmake
-- Up-to-date: /home/ibrahim/tasc_science/install/science_control/share/science_control/cmake/export_science_controlExport-noconfig.cmake
