[0.099s] DEBUG:colcon:Command line arguments: ['/usr/bin/colcon', 'build', '--symlink-install']
[0.100s] DEBUG:colcon:Parsed command line arguments: Namespace(log_base=None, log_level=None, verb_name='build', build_base='build', install_base='install', merge_install=False, symlink_install=True, test_result_base=None, continue_on_error=False, executor='parallel', parallel_workers=4, event_handlers=None, ignore_user_meta=False, metas=['./colcon.meta'], base_paths=['.'], packages_ignore=None, packages_ignore_regex=None, paths=None, packages_up_to=None, packages_up_to_regex=None, packages_above=None, packages_above_and_dependencies=None, packages_above_depth=None, packages_select_by_dep=None, packages_skip_by_dep=None, packages_skip_up_to=None, packages_select_build_failed=False, packages_skip_build_finished=False, packages_select_test_failures=False, packages_skip_test_passed=False, packages_select=None, packages_skip=None, packages_select_regex=None, packages_skip_regex=None, packages_start=None, packages_end=None, allow_overriding=[], cmake_args=None, cmake_target=None, cmake_target_skip_unavailable=False, cmake_clean_cache=False, cmake_clean_first=False, cmake_force_configure=False, ament_cmake_args=None, catkin_cmake_args=None, catkin_skip_building_tests=False, mixin_files=None, mixin=None, verb_parser=<colcon_mixin.mixin.mixin_argument.MixinArgumentDecorator object at 0x701ac9f6a3b0>, verb_extension=<colcon_core.verb.build.BuildVerb object at 0x701aca05b310>, main=<bound method BuildVerb.main of <colcon_core.verb.build.BuildVerb object at 0x701aca05b310>>, mixin_verb=('build',))
[0.229s] Level 1:colcon.colcon_core.package_discovery:discover_packages(colcon_meta) check parameters
[0.229s] Level 1:colcon.colcon_core.package_discovery:discover_packages(recursive) check parameters
[0.229s] Level 1:colcon.colcon_core.package_discovery:discover_packages(ignore) check parameters
[0.229s] Level 1:colcon.colcon_core.package_discovery:discover_packages(path) check parameters
[0.229s] Level 1:colcon.colcon_core.package_discovery:discover_packages(colcon_meta) discover
[0.229s] Level 1:colcon.colcon_core.package_discovery:discover_packages(recursive) discover
[0.229s] INFO:colcon.colcon_core.package_discovery:Crawling recursively for packages in '/home/ibrahim/tasc_science'
[0.229s] Level 1:colcon.colcon_core.package_identification:_identify(.) by extensions ['ignore', 'ignore_ament_install']
[0.229s] Level 1:colcon.colcon_core.package_identification:_identify(.) by extension 'ignore'
[0.229s] Level 1:colcon.colcon_core.package_identification:_identify(.) by extension 'ignore_ament_install'
[0.229s] Level 1:colcon.colcon_core.package_identification:_identify(.) by extensions ['colcon_pkg']
[0.229s] Level 1:colcon.colcon_core.package_identification:_identify(.) by extension 'colcon_pkg'
[0.229s] Level 1:colcon.colcon_core.package_identification:_identify(.) by extensions ['colcon_meta']
[0.229s] Level 1:colcon.colcon_core.package_identification:_identify(.) by extension 'colcon_meta'
[0.229s] Level 1:colcon.colcon_core.package_identification:_identify(.) by extensions ['ros']
[0.229s] Level 1:colcon.colcon_core.package_identification:_identify(.) by extension 'ros'
[0.241s] Level 1:colcon.colcon_core.package_identification:_identify(.) by extensions ['cmake', 'python']
[0.241s] Level 1:colcon.colcon_core.package_identification:_identify(.) by extension 'cmake'
[0.241s] Level 1:colcon.colcon_core.package_identification:_identify(.) by extension 'python'
[0.241s] Level 1:colcon.colcon_core.package_identification:_identify(.) by extensions ['python_setup_py']
[0.241s] Level 1:colcon.colcon_core.package_identification:_identify(.) by extension 'python_setup_py'
[0.241s] Level 1:colcon.colcon_core.package_identification:_identify(build) by extensions ['ignore', 'ignore_ament_install']
[0.241s] Level 1:colcon.colcon_core.package_identification:_identify(build) by extension 'ignore'
[0.241s] Level 1:colcon.colcon_core.package_identification:_identify(build) ignored
[0.241s] Level 1:colcon.colcon_core.package_identification:_identify(install) by extensions ['ignore', 'ignore_ament_install']
[0.241s] Level 1:colcon.colcon_core.package_identification:_identify(install) by extension 'ignore'
[0.241s] Level 1:colcon.colcon_core.package_identification:_identify(install) ignored
[0.242s] Level 1:colcon.colcon_core.package_identification:_identify(log) by extensions ['ignore', 'ignore_ament_install']
[0.242s] Level 1:colcon.colcon_core.package_identification:_identify(log) by extension 'ignore'
[0.242s] Level 1:colcon.colcon_core.package_identification:_identify(log) ignored
[0.242s] Level 1:colcon.colcon_core.package_identification:_identify(src) by extensions ['ignore', 'ignore_ament_install']
[0.242s] Level 1:colcon.colcon_core.package_identification:_identify(src) by extension 'ignore'
[0.242s] Level 1:colcon.colcon_core.package_identification:_identify(src) by extension 'ignore_ament_install'
[0.242s] Level 1:colcon.colcon_core.package_identification:_identify(src) by extensions ['colcon_pkg']
[0.242s] Level 1:colcon.colcon_core.package_identification:_identify(src) by extension 'colcon_pkg'
[0.242s] Level 1:colcon.colcon_core.package_identification:_identify(src) by extensions ['colcon_meta']
[0.242s] Level 1:colcon.colcon_core.package_identification:_identify(src) by extension 'colcon_meta'
[0.242s] Level 1:colcon.colcon_core.package_identification:_identify(src) by extensions ['ros']
[0.242s] Level 1:colcon.colcon_core.package_identification:_identify(src) by extension 'ros'
[0.242s] Level 1:colcon.colcon_core.package_identification:_identify(src) by extensions ['cmake', 'python']
[0.242s] Level 1:colcon.colcon_core.package_identification:_identify(src) by extension 'cmake'
[0.242s] Level 1:colcon.colcon_core.package_identification:_identify(src) by extension 'python'
[0.242s] Level 1:colcon.colcon_core.package_identification:_identify(src) by extensions ['python_setup_py']
[0.242s] Level 1:colcon.colcon_core.package_identification:_identify(src) by extension 'python_setup_py'
[0.242s] Level 1:colcon.colcon_core.package_identification:_identify(src/science_bringup) by extensions ['ignore', 'ignore_ament_install']
[0.242s] Level 1:colcon.colcon_core.package_identification:_identify(src/science_bringup) by extension 'ignore'
[0.242s] Level 1:colcon.colcon_core.package_identification:_identify(src/science_bringup) by extension 'ignore_ament_install'
[0.242s] Level 1:colcon.colcon_core.package_identification:_identify(src/science_bringup) by extensions ['colcon_pkg']
[0.242s] Level 1:colcon.colcon_core.package_identification:_identify(src/science_bringup) by extension 'colcon_pkg'
[0.242s] Level 1:colcon.colcon_core.package_identification:_identify(src/science_bringup) by extensions ['colcon_meta']
[0.242s] Level 1:colcon.colcon_core.package_identification:_identify(src/science_bringup) by extension 'colcon_meta'
[0.242s] Level 1:colcon.colcon_core.package_identification:_identify(src/science_bringup) by extensions ['ros']
[0.242s] Level 1:colcon.colcon_core.package_identification:_identify(src/science_bringup) by extension 'ros'
[0.245s] DEBUG:colcon.colcon_core.package_identification:Package 'src/science_bringup' with type 'ros.ament_cmake' and name 'science_bringup'
[0.246s] Level 1:colcon.colcon_core.package_identification:_identify(src/science_control) by extensions ['ignore', 'ignore_ament_install']
[0.246s] Level 1:colcon.colcon_core.package_identification:_identify(src/science_control) by extension 'ignore'
[0.246s] Level 1:colcon.colcon_core.package_identification:_identify(src/science_control) by extension 'ignore_ament_install'
[0.246s] Level 1:colcon.colcon_core.package_identification:_identify(src/science_control) by extensions ['colcon_pkg']
[0.246s] Level 1:colcon.colcon_core.package_identification:_identify(src/science_control) by extension 'colcon_pkg'
[0.246s] Level 1:colcon.colcon_core.package_identification:_identify(src/science_control) by extensions ['colcon_meta']
[0.246s] Level 1:colcon.colcon_core.package_identification:_identify(src/science_control) by extension 'colcon_meta'
[0.246s] Level 1:colcon.colcon_core.package_identification:_identify(src/science_control) by extensions ['ros']
[0.246s] Level 1:colcon.colcon_core.package_identification:_identify(src/science_control) by extension 'ros'
[0.247s] DEBUG:colcon.colcon_core.package_identification:Package 'src/science_control' with type 'ros.ament_cmake' and name 'science_control'
[0.247s] Level 1:colcon.colcon_core.package_identification:_identify(src/science_description) by extensions ['ignore', 'ignore_ament_install']
[0.247s] Level 1:colcon.colcon_core.package_identification:_identify(src/science_description) by extension 'ignore'
[0.247s] Level 1:colcon.colcon_core.package_identification:_identify(src/science_description) by extension 'ignore_ament_install'
[0.247s] Level 1:colcon.colcon_core.package_identification:_identify(src/science_description) by extensions ['colcon_pkg']
[0.247s] Level 1:colcon.colcon_core.package_identification:_identify(src/science_description) by extension 'colcon_pkg'
[0.247s] Level 1:colcon.colcon_core.package_identification:_identify(src/science_description) by extensions ['colcon_meta']
[0.247s] Level 1:colcon.colcon_core.package_identification:_identify(src/science_description) by extension 'colcon_meta'
[0.247s] Level 1:colcon.colcon_core.package_identification:_identify(src/science_description) by extensions ['ros']
[0.247s] Level 1:colcon.colcon_core.package_identification:_identify(src/science_description) by extension 'ros'
[0.248s] DEBUG:colcon.colcon_core.package_identification:Package 'src/science_description' with type 'ros.ament_cmake' and name 'science_description'
[0.248s] Level 1:colcon.colcon_core.package_discovery:discover_packages(recursive) using defaults
[0.248s] Level 1:colcon.colcon_core.package_discovery:discover_packages(ignore) discover
[0.248s] Level 1:colcon.colcon_core.package_discovery:discover_packages(ignore) using defaults
[0.248s] Level 1:colcon.colcon_core.package_discovery:discover_packages(path) discover
[0.248s] Level 1:colcon.colcon_core.package_discovery:discover_packages(path) using defaults
[0.278s] Level 1:colcon.colcon_core.package_discovery:discover_packages(prefix_path) check parameters
[0.278s] Level 1:colcon.colcon_core.package_discovery:discover_packages(prefix_path) discover
[0.279s] DEBUG:colcon.colcon_installed_package_information.package_discovery:Found 3 installed packages in /home/ibrahim/tasc_science/install
[0.281s] DEBUG:colcon.colcon_installed_package_information.package_discovery:Found 433 installed packages in /opt/ros/humble
[0.282s] Level 1:colcon.colcon_core.package_discovery:discover_packages(prefix_path) using defaults
[0.327s] Level 5:colcon.colcon_core.verb:set package 'science_control' build argument 'cmake_args' from command line to 'None'
[0.327s] Level 5:colcon.colcon_core.verb:set package 'science_control' build argument 'cmake_target' from command line to 'None'
[0.327s] Level 5:colcon.colcon_core.verb:set package 'science_control' build argument 'cmake_target_skip_unavailable' from command line to 'False'
[0.327s] Level 5:colcon.colcon_core.verb:set package 'science_control' build argument 'cmake_clean_cache' from command line to 'False'
[0.327s] Level 5:colcon.colcon_core.verb:set package 'science_control' build argument 'cmake_clean_first' from command line to 'False'
[0.327s] Level 5:colcon.colcon_core.verb:set package 'science_control' build argument 'cmake_force_configure' from command line to 'False'
[0.327s] Level 5:colcon.colcon_core.verb:set package 'science_control' build argument 'ament_cmake_args' from command line to 'None'
[0.327s] Level 5:colcon.colcon_core.verb:set package 'science_control' build argument 'catkin_cmake_args' from command line to 'None'
[0.327s] Level 5:colcon.colcon_core.verb:set package 'science_control' build argument 'catkin_skip_building_tests' from command line to 'False'
[0.327s] DEBUG:colcon.colcon_core.verb:Building package 'science_control' with the following arguments: {'ament_cmake_args': None, 'build_base': '/home/ibrahim/tasc_science/build/science_control', 'catkin_cmake_args': None, 'catkin_skip_building_tests': False, 'cmake_args': None, 'cmake_clean_cache': False, 'cmake_clean_first': False, 'cmake_force_configure': False, 'cmake_target': None, 'cmake_target_skip_unavailable': False, 'install_base': '/home/ibrahim/tasc_science/install/science_control', 'merge_install': False, 'path': '/home/ibrahim/tasc_science/src/science_control', 'symlink_install': True, 'test_result_base': None}
[0.328s] Level 5:colcon.colcon_core.verb:set package 'science_description' build argument 'cmake_args' from command line to 'None'
[0.328s] Level 5:colcon.colcon_core.verb:set package 'science_description' build argument 'cmake_target' from command line to 'None'
[0.328s] Level 5:colcon.colcon_core.verb:set package 'science_description' build argument 'cmake_target_skip_unavailable' from command line to 'False'
[0.328s] Level 5:colcon.colcon_core.verb:set package 'science_description' build argument 'cmake_clean_cache' from command line to 'False'
[0.328s] Level 5:colcon.colcon_core.verb:set package 'science_description' build argument 'cmake_clean_first' from command line to 'False'
[0.328s] Level 5:colcon.colcon_core.verb:set package 'science_description' build argument 'cmake_force_configure' from command line to 'False'
[0.328s] Level 5:colcon.colcon_core.verb:set package 'science_description' build argument 'ament_cmake_args' from command line to 'None'
[0.328s] Level 5:colcon.colcon_core.verb:set package 'science_description' build argument 'catkin_cmake_args' from command line to 'None'
[0.328s] Level 5:colcon.colcon_core.verb:set package 'science_description' build argument 'catkin_skip_building_tests' from command line to 'False'
[0.328s] DEBUG:colcon.colcon_core.verb:Building package 'science_description' with the following arguments: {'ament_cmake_args': None, 'build_base': '/home/ibrahim/tasc_science/build/science_description', 'catkin_cmake_args': None, 'catkin_skip_building_tests': False, 'cmake_args': None, 'cmake_clean_cache': False, 'cmake_clean_first': False, 'cmake_force_configure': False, 'cmake_target': None, 'cmake_target_skip_unavailable': False, 'install_base': '/home/ibrahim/tasc_science/install/science_description', 'merge_install': False, 'path': '/home/ibrahim/tasc_science/src/science_description', 'symlink_install': True, 'test_result_base': None}
[0.328s] Level 5:colcon.colcon_core.verb:set package 'science_bringup' build argument 'cmake_args' from command line to 'None'
[0.328s] Level 5:colcon.colcon_core.verb:set package 'science_bringup' build argument 'cmake_target' from command line to 'None'
[0.328s] Level 5:colcon.colcon_core.verb:set package 'science_bringup' build argument 'cmake_target_skip_unavailable' from command line to 'False'
[0.328s] Level 5:colcon.colcon_core.verb:set package 'science_bringup' build argument 'cmake_clean_cache' from command line to 'False'
[0.328s] Level 5:colcon.colcon_core.verb:set package 'science_bringup' build argument 'cmake_clean_first' from command line to 'False'
[0.328s] Level 5:colcon.colcon_core.verb:set package 'science_bringup' build argument 'cmake_force_configure' from command line to 'False'
[0.328s] Level 5:colcon.colcon_core.verb:set package 'science_bringup' build argument 'ament_cmake_args' from command line to 'None'
[0.328s] Level 5:colcon.colcon_core.verb:set package 'science_bringup' build argument 'catkin_cmake_args' from command line to 'None'
[0.328s] Level 5:colcon.colcon_core.verb:set package 'science_bringup' build argument 'catkin_skip_building_tests' from command line to 'False'
[0.328s] DEBUG:colcon.colcon_core.verb:Building package 'science_bringup' with the following arguments: {'ament_cmake_args': None, 'build_base': '/home/ibrahim/tasc_science/build/science_bringup', 'catkin_cmake_args': None, 'catkin_skip_building_tests': False, 'cmake_args': None, 'cmake_clean_cache': False, 'cmake_clean_first': False, 'cmake_force_configure': False, 'cmake_target': None, 'cmake_target_skip_unavailable': False, 'install_base': '/home/ibrahim/tasc_science/install/science_bringup', 'merge_install': False, 'path': '/home/ibrahim/tasc_science/src/science_bringup', 'symlink_install': True, 'test_result_base': None}
[0.329s] INFO:colcon.colcon_core.executor:Executing jobs using 'parallel' executor
[0.330s] DEBUG:colcon.colcon_parallel_executor.executor.parallel:run_until_complete
[0.331s] INFO:colcon.colcon_ros.task.ament_cmake.build:Building ROS package in '/home/ibrahim/tasc_science/src/science_control' with build type 'ament_cmake'
[0.331s] INFO:colcon.colcon_cmake.task.cmake.build:Building CMake package in '/home/ibrahim/tasc_science/src/science_control'
[0.335s] INFO:colcon.colcon_core.plugin_system:Skipping extension 'colcon_core.shell.bat': Not used on non-Windows systems
[0.335s] INFO:colcon.colcon_core.shell:Skip shell extension 'powershell' for command environment: Not usable outside of PowerShell
[0.336s] DEBUG:colcon.colcon_core.shell:Skip shell extension 'dsv' for command environment
[0.353s] DEBUG:colcon.colcon_core.event_handler.log_command:Invoking command in '/home/ibrahim/tasc_science/build/science_control': CMAKE_PREFIX_PATH=${CMAKE_PREFIX_PATH}:/opt/ros/humble /usr/bin/cmake --build /home/ibrahim/tasc_science/build/science_control -- -j4 -l4
[3.948s] DEBUG:colcon.colcon_core.event_handler.log_command:Invoked command in '/home/ibrahim/tasc_science/build/science_control' returned '0': CMAKE_PREFIX_PATH=${CMAKE_PREFIX_PATH}:/opt/ros/humble /usr/bin/cmake --build /home/ibrahim/tasc_science/build/science_control -- -j4 -l4
[3.957s] DEBUG:colcon.colcon_core.event_handler.log_command:Invoking command in '/home/ibrahim/tasc_science/build/science_control': CMAKE_PREFIX_PATH=${CMAKE_PREFIX_PATH}:/opt/ros/humble /usr/bin/cmake --install /home/ibrahim/tasc_science/build/science_control
[3.980s] Level 1:colcon.colcon_core.environment:create_environment_scripts_only(science_control)
[3.980s] DEBUG:colcon.colcon_core.event_handler.log_command:Invoked command in '/home/ibrahim/tasc_science/build/science_control' returned '0': CMAKE_PREFIX_PATH=${CMAKE_PREFIX_PATH}:/opt/ros/humble /usr/bin/cmake --install /home/ibrahim/tasc_science/build/science_control
[3.982s] Level 1:colcon.colcon_core.environment:checking '/home/ibrahim/tasc_science/install/science_control' for CMake module files
[3.983s] Level 1:colcon.colcon_core.environment:checking '/home/ibrahim/tasc_science/install/science_control' for CMake config files
[3.983s] Level 1:colcon.colcon_core.shell:create_environment_hook('science_control', 'cmake_prefix_path')
[3.983s] INFO:colcon.colcon_core.shell:Creating environment hook '/home/ibrahim/tasc_science/install/science_control/share/science_control/hook/cmake_prefix_path.ps1'
[3.984s] INFO:colcon.colcon_core.shell:Creating environment descriptor '/home/ibrahim/tasc_science/install/science_control/share/science_control/hook/cmake_prefix_path.dsv'
[3.984s] INFO:colcon.colcon_core.shell:Creating environment hook '/home/ibrahim/tasc_science/install/science_control/share/science_control/hook/cmake_prefix_path.sh'
[3.985s] Level 1:colcon.colcon_core.environment:checking '/home/ibrahim/tasc_science/install/science_control/lib'
[3.985s] Level 1:colcon.colcon_core.shell:create_environment_hook('science_control', 'ld_library_path_lib')
[3.985s] INFO:colcon.colcon_core.shell:Creating environment hook '/home/ibrahim/tasc_science/install/science_control/share/science_control/hook/ld_library_path_lib.ps1'
[3.986s] INFO:colcon.colcon_core.shell:Creating environment descriptor '/home/ibrahim/tasc_science/install/science_control/share/science_control/hook/ld_library_path_lib.dsv'
[3.986s] INFO:colcon.colcon_core.shell:Creating environment hook '/home/ibrahim/tasc_science/install/science_control/share/science_control/hook/ld_library_path_lib.sh'
[3.987s] Level 1:colcon.colcon_core.environment:checking '/home/ibrahim/tasc_science/install/science_control/bin'
[3.987s] Level 1:colcon.colcon_core.environment:checking '/home/ibrahim/tasc_science/install/science_control/lib/pkgconfig/science_control.pc'
[3.987s] Level 1:colcon.colcon_core.environment:checking '/home/ibrahim/tasc_science/install/science_control/lib/python3.10/site-packages'
[3.987s] Level 1:colcon.colcon_core.environment:checking '/home/ibrahim/tasc_science/install/science_control/bin'
[3.987s] INFO:colcon.colcon_core.shell:Creating package script '/home/ibrahim/tasc_science/install/science_control/share/science_control/package.ps1'
[3.988s] INFO:colcon.colcon_core.shell:Creating package descriptor '/home/ibrahim/tasc_science/install/science_control/share/science_control/package.dsv'
[3.989s] INFO:colcon.colcon_core.shell:Creating package script '/home/ibrahim/tasc_science/install/science_control/share/science_control/package.sh'
[3.989s] INFO:colcon.colcon_core.shell:Creating package script '/home/ibrahim/tasc_science/install/science_control/share/science_control/package.bash'
[3.990s] INFO:colcon.colcon_core.shell:Creating package script '/home/ibrahim/tasc_science/install/science_control/share/science_control/package.zsh'
[3.991s] Level 1:colcon.colcon_core.environment:create_file_with_runtime_dependencies(/home/ibrahim/tasc_science/install/science_control/share/colcon-core/packages/science_control)
[3.991s] Level 1:colcon.colcon_core.environment:create_environment_scripts_only(science_control)
[3.991s] Level 1:colcon.colcon_core.environment:checking '/home/ibrahim/tasc_science/install/science_control' for CMake module files
[3.992s] Level 1:colcon.colcon_core.environment:checking '/home/ibrahim/tasc_science/install/science_control' for CMake config files
[3.992s] Level 1:colcon.colcon_core.shell:create_environment_hook('science_control', 'cmake_prefix_path')
[3.992s] INFO:colcon.colcon_core.shell:Creating environment hook '/home/ibrahim/tasc_science/install/science_control/share/science_control/hook/cmake_prefix_path.ps1'
[3.992s] INFO:colcon.colcon_core.shell:Creating environment descriptor '/home/ibrahim/tasc_science/install/science_control/share/science_control/hook/cmake_prefix_path.dsv'
[3.993s] INFO:colcon.colcon_core.shell:Creating environment hook '/home/ibrahim/tasc_science/install/science_control/share/science_control/hook/cmake_prefix_path.sh'
[3.993s] Level 1:colcon.colcon_core.environment:checking '/home/ibrahim/tasc_science/install/science_control/lib'
[3.993s] Level 1:colcon.colcon_core.shell:create_environment_hook('science_control', 'ld_library_path_lib')
[3.994s] INFO:colcon.colcon_core.shell:Creating environment hook '/home/ibrahim/tasc_science/install/science_control/share/science_control/hook/ld_library_path_lib.ps1'
[3.994s] INFO:colcon.colcon_core.shell:Creating environment descriptor '/home/ibrahim/tasc_science/install/science_control/share/science_control/hook/ld_library_path_lib.dsv'
[3.994s] INFO:colcon.colcon_core.shell:Creating environment hook '/home/ibrahim/tasc_science/install/science_control/share/science_control/hook/ld_library_path_lib.sh'
[3.995s] Level 1:colcon.colcon_core.environment:checking '/home/ibrahim/tasc_science/install/science_control/bin'
[3.995s] Level 1:colcon.colcon_core.environment:checking '/home/ibrahim/tasc_science/install/science_control/lib/pkgconfig/science_control.pc'
[3.995s] Level 1:colcon.colcon_core.environment:checking '/home/ibrahim/tasc_science/install/science_control/lib/python3.10/site-packages'
[3.995s] Level 1:colcon.colcon_core.environment:checking '/home/ibrahim/tasc_science/install/science_control/bin'
[3.996s] INFO:colcon.colcon_core.shell:Creating package script '/home/ibrahim/tasc_science/install/science_control/share/science_control/package.ps1'
[3.996s] INFO:colcon.colcon_core.shell:Creating package descriptor '/home/ibrahim/tasc_science/install/science_control/share/science_control/package.dsv'
[3.996s] INFO:colcon.colcon_core.shell:Creating package script '/home/ibrahim/tasc_science/install/science_control/share/science_control/package.sh'
[3.997s] INFO:colcon.colcon_core.shell:Creating package script '/home/ibrahim/tasc_science/install/science_control/share/science_control/package.bash'
[3.997s] INFO:colcon.colcon_core.shell:Creating package script '/home/ibrahim/tasc_science/install/science_control/share/science_control/package.zsh'
[3.998s] Level 1:colcon.colcon_core.environment:create_file_with_runtime_dependencies(/home/ibrahim/tasc_science/install/science_control/share/colcon-core/packages/science_control)
[3.998s] INFO:colcon.colcon_ros.task.ament_cmake.build:Building ROS package in '/home/ibrahim/tasc_science/src/science_description' with build type 'ament_cmake'
[3.998s] INFO:colcon.colcon_cmake.task.cmake.build:Building CMake package in '/home/ibrahim/tasc_science/src/science_description'
[3.998s] INFO:colcon.colcon_core.shell:Skip shell extension 'powershell' for command environment: Not usable outside of PowerShell
[3.998s] DEBUG:colcon.colcon_core.shell:Skip shell extension 'dsv' for command environment
[4.011s] DEBUG:colcon.colcon_core.event_handler.log_command:Invoking command in '/home/ibrahim/tasc_science/build/science_description': CMAKE_PREFIX_PATH=/home/ibrahim/tasc_science/install/science_control:/home/ibrahim/tasc_science/install/science_bringup:/home/ibrahim/tasc_science/install/science_description:/opt/ros/humble /usr/bin/cmake --build /home/ibrahim/tasc_science/build/science_description -- -j4 -l4
[4.047s] DEBUG:colcon.colcon_core.event_handler.log_command:Invoked command in '/home/ibrahim/tasc_science/build/science_description' returned '0': CMAKE_PREFIX_PATH=/home/ibrahim/tasc_science/install/science_control:/home/ibrahim/tasc_science/install/science_bringup:/home/ibrahim/tasc_science/install/science_description:/opt/ros/humble /usr/bin/cmake --build /home/ibrahim/tasc_science/build/science_description -- -j4 -l4
[4.048s] DEBUG:colcon.colcon_core.event_handler.log_command:Invoking command in '/home/ibrahim/tasc_science/build/science_description': CMAKE_PREFIX_PATH=/home/ibrahim/tasc_science/install/science_control:/home/ibrahim/tasc_science/install/science_bringup:/home/ibrahim/tasc_science/install/science_description:/opt/ros/humble /usr/bin/cmake --install /home/ibrahim/tasc_science/build/science_description
[4.070s] Level 1:colcon.colcon_core.environment:create_environment_scripts_only(science_description)
[4.070s] Level 1:colcon.colcon_core.environment:checking '/home/ibrahim/tasc_science/install/science_description' for CMake module files
[4.070s] Level 1:colcon.colcon_core.environment:checking '/home/ibrahim/tasc_science/install/science_description' for CMake config files
[4.071s] Level 1:colcon.colcon_core.shell:create_environment_hook('science_description', 'cmake_prefix_path')
[4.071s] INFO:colcon.colcon_core.shell:Creating environment hook '/home/ibrahim/tasc_science/install/science_description/share/science_description/hook/cmake_prefix_path.ps1'
[4.071s] INFO:colcon.colcon_core.shell:Creating environment descriptor '/home/ibrahim/tasc_science/install/science_description/share/science_description/hook/cmake_prefix_path.dsv'
[4.072s] DEBUG:colcon.colcon_core.event_handler.log_command:Invoked command in '/home/ibrahim/tasc_science/build/science_description' returned '0': CMAKE_PREFIX_PATH=/home/ibrahim/tasc_science/install/science_control:/home/ibrahim/tasc_science/install/science_bringup:/home/ibrahim/tasc_science/install/science_description:/opt/ros/humble /usr/bin/cmake --install /home/ibrahim/tasc_science/build/science_description
[4.072s] INFO:colcon.colcon_core.shell:Creating environment hook '/home/ibrahim/tasc_science/install/science_description/share/science_description/hook/cmake_prefix_path.sh'
[4.073s] Level 1:colcon.colcon_core.environment:checking '/home/ibrahim/tasc_science/install/science_description/bin'
[4.073s] Level 1:colcon.colcon_core.environment:checking '/home/ibrahim/tasc_science/install/science_description/lib/pkgconfig/science_description.pc'
[4.073s] Level 1:colcon.colcon_core.environment:checking '/home/ibrahim/tasc_science/install/science_description/lib/python3.10/site-packages'
[4.073s] Level 1:colcon.colcon_core.environment:checking '/home/ibrahim/tasc_science/install/science_description/bin'
[4.074s] INFO:colcon.colcon_core.shell:Creating package script '/home/ibrahim/tasc_science/install/science_description/share/science_description/package.ps1'
[4.074s] INFO:colcon.colcon_core.shell:Creating package descriptor '/home/ibrahim/tasc_science/install/science_description/share/science_description/package.dsv'
[4.075s] INFO:colcon.colcon_core.shell:Creating package script '/home/ibrahim/tasc_science/install/science_description/share/science_description/package.sh'
[4.075s] INFO:colcon.colcon_core.shell:Creating package script '/home/ibrahim/tasc_science/install/science_description/share/science_description/package.bash'
[4.075s] INFO:colcon.colcon_core.shell:Creating package script '/home/ibrahim/tasc_science/install/science_description/share/science_description/package.zsh'
[4.076s] Level 1:colcon.colcon_core.environment:create_file_with_runtime_dependencies(/home/ibrahim/tasc_science/install/science_description/share/colcon-core/packages/science_description)
[4.076s] Level 1:colcon.colcon_core.environment:create_environment_scripts_only(science_description)
[4.076s] Level 1:colcon.colcon_core.environment:checking '/home/ibrahim/tasc_science/install/science_description' for CMake module files
[4.077s] Level 1:colcon.colcon_core.environment:checking '/home/ibrahim/tasc_science/install/science_description' for CMake config files
[4.077s] Level 1:colcon.colcon_core.shell:create_environment_hook('science_description', 'cmake_prefix_path')
[4.077s] INFO:colcon.colcon_core.shell:Creating environment hook '/home/ibrahim/tasc_science/install/science_description/share/science_description/hook/cmake_prefix_path.ps1'
[4.077s] INFO:colcon.colcon_core.shell:Creating environment descriptor '/home/ibrahim/tasc_science/install/science_description/share/science_description/hook/cmake_prefix_path.dsv'
[4.078s] INFO:colcon.colcon_core.shell:Creating environment hook '/home/ibrahim/tasc_science/install/science_description/share/science_description/hook/cmake_prefix_path.sh'
[4.078s] Level 1:colcon.colcon_core.environment:checking '/home/ibrahim/tasc_science/install/science_description/bin'
[4.078s] Level 1:colcon.colcon_core.environment:checking '/home/ibrahim/tasc_science/install/science_description/lib/pkgconfig/science_description.pc'
[4.079s] Level 1:colcon.colcon_core.environment:checking '/home/ibrahim/tasc_science/install/science_description/lib/python3.10/site-packages'
[4.079s] Level 1:colcon.colcon_core.environment:checking '/home/ibrahim/tasc_science/install/science_description/bin'
[4.079s] INFO:colcon.colcon_core.shell:Creating package script '/home/ibrahim/tasc_science/install/science_description/share/science_description/package.ps1'
[4.080s] INFO:colcon.colcon_core.shell:Creating package descriptor '/home/ibrahim/tasc_science/install/science_description/share/science_description/package.dsv'
[4.080s] INFO:colcon.colcon_core.shell:Creating package script '/home/ibrahim/tasc_science/install/science_description/share/science_description/package.sh'
[4.081s] INFO:colcon.colcon_core.shell:Creating package script '/home/ibrahim/tasc_science/install/science_description/share/science_description/package.bash'
[4.082s] INFO:colcon.colcon_core.shell:Creating package script '/home/ibrahim/tasc_science/install/science_description/share/science_description/package.zsh'
[4.083s] Level 1:colcon.colcon_core.environment:create_file_with_runtime_dependencies(/home/ibrahim/tasc_science/install/science_description/share/colcon-core/packages/science_description)
[4.083s] INFO:colcon.colcon_ros.task.ament_cmake.build:Building ROS package in '/home/ibrahim/tasc_science/src/science_bringup' with build type 'ament_cmake'
[4.083s] INFO:colcon.colcon_cmake.task.cmake.build:Building CMake package in '/home/ibrahim/tasc_science/src/science_bringup'
[4.084s] INFO:colcon.colcon_core.shell:Skip shell extension 'powershell' for command environment: Not usable outside of PowerShell
[4.084s] DEBUG:colcon.colcon_core.shell:Skip shell extension 'dsv' for command environment
[4.096s] DEBUG:colcon.colcon_core.event_handler.log_command:Invoking command in '/home/ibrahim/tasc_science/build/science_bringup': CMAKE_PREFIX_PATH=/home/ibrahim/tasc_science/install/science_description:/home/ibrahim/tasc_science/install/science_control:/home/ibrahim/tasc_science/install/science_bringup:/opt/ros/humble /usr/bin/cmake --build /home/ibrahim/tasc_science/build/science_bringup -- -j4 -l4
[4.128s] DEBUG:colcon.colcon_core.event_handler.log_command:Invoked command in '/home/ibrahim/tasc_science/build/science_bringup' returned '0': CMAKE_PREFIX_PATH=/home/ibrahim/tasc_science/install/science_description:/home/ibrahim/tasc_science/install/science_control:/home/ibrahim/tasc_science/install/science_bringup:/opt/ros/humble /usr/bin/cmake --build /home/ibrahim/tasc_science/build/science_bringup -- -j4 -l4
[4.132s] DEBUG:colcon.colcon_core.event_handler.log_command:Invoking command in '/home/ibrahim/tasc_science/build/science_bringup': CMAKE_PREFIX_PATH=/home/ibrahim/tasc_science/install/science_description:/home/ibrahim/tasc_science/install/science_control:/home/ibrahim/tasc_science/install/science_bringup:/opt/ros/humble /usr/bin/cmake --install /home/ibrahim/tasc_science/build/science_bringup
[4.150s] Level 1:colcon.colcon_core.environment:create_environment_scripts_only(science_bringup)
[4.150s] Level 1:colcon.colcon_core.environment:checking '/home/ibrahim/tasc_science/install/science_bringup' for CMake module files
[4.151s] DEBUG:colcon.colcon_core.event_handler.log_command:Invoked command in '/home/ibrahim/tasc_science/build/science_bringup' returned '0': CMAKE_PREFIX_PATH=/home/ibrahim/tasc_science/install/science_description:/home/ibrahim/tasc_science/install/science_control:/home/ibrahim/tasc_science/install/science_bringup:/opt/ros/humble /usr/bin/cmake --install /home/ibrahim/tasc_science/build/science_bringup
[4.151s] Level 1:colcon.colcon_core.environment:checking '/home/ibrahim/tasc_science/install/science_bringup' for CMake config files
[4.151s] Level 1:colcon.colcon_core.shell:create_environment_hook('science_bringup', 'cmake_prefix_path')
[4.152s] INFO:colcon.colcon_core.shell:Creating environment hook '/home/ibrahim/tasc_science/install/science_bringup/share/science_bringup/hook/cmake_prefix_path.ps1'
[4.152s] INFO:colcon.colcon_core.shell:Creating environment descriptor '/home/ibrahim/tasc_science/install/science_bringup/share/science_bringup/hook/cmake_prefix_path.dsv'
[4.153s] INFO:colcon.colcon_core.shell:Creating environment hook '/home/ibrahim/tasc_science/install/science_bringup/share/science_bringup/hook/cmake_prefix_path.sh'
[4.153s] Level 1:colcon.colcon_core.environment:checking '/home/ibrahim/tasc_science/install/science_bringup/bin'
[4.153s] Level 1:colcon.colcon_core.environment:checking '/home/ibrahim/tasc_science/install/science_bringup/lib/pkgconfig/science_bringup.pc'
[4.154s] Level 1:colcon.colcon_core.environment:checking '/home/ibrahim/tasc_science/install/science_bringup/lib/python3.10/site-packages'
[4.154s] Level 1:colcon.colcon_core.environment:checking '/home/ibrahim/tasc_science/install/science_bringup/bin'
[4.154s] INFO:colcon.colcon_core.shell:Creating package script '/home/ibrahim/tasc_science/install/science_bringup/share/science_bringup/package.ps1'
[4.154s] INFO:colcon.colcon_core.shell:Creating package descriptor '/home/ibrahim/tasc_science/install/science_bringup/share/science_bringup/package.dsv'
[4.155s] INFO:colcon.colcon_core.shell:Creating package script '/home/ibrahim/tasc_science/install/science_bringup/share/science_bringup/package.sh'
[4.155s] INFO:colcon.colcon_core.shell:Creating package script '/home/ibrahim/tasc_science/install/science_bringup/share/science_bringup/package.bash'
[4.155s] INFO:colcon.colcon_core.shell:Creating package script '/home/ibrahim/tasc_science/install/science_bringup/share/science_bringup/package.zsh'
[4.156s] Level 1:colcon.colcon_core.environment:create_file_with_runtime_dependencies(/home/ibrahim/tasc_science/install/science_bringup/share/colcon-core/packages/science_bringup)
[4.156s] Level 1:colcon.colcon_core.environment:create_environment_scripts_only(science_bringup)
[4.157s] Level 1:colcon.colcon_core.environment:checking '/home/ibrahim/tasc_science/install/science_bringup' for CMake module files
[4.157s] Level 1:colcon.colcon_core.environment:checking '/home/ibrahim/tasc_science/install/science_bringup' for CMake config files
[4.157s] Level 1:colcon.colcon_core.shell:create_environment_hook('science_bringup', 'cmake_prefix_path')
[4.157s] INFO:colcon.colcon_core.shell:Creating environment hook '/home/ibrahim/tasc_science/install/science_bringup/share/science_bringup/hook/cmake_prefix_path.ps1'
[4.158s] INFO:colcon.colcon_core.shell:Creating environment descriptor '/home/ibrahim/tasc_science/install/science_bringup/share/science_bringup/hook/cmake_prefix_path.dsv'
[4.158s] INFO:colcon.colcon_core.shell:Creating environment hook '/home/ibrahim/tasc_science/install/science_bringup/share/science_bringup/hook/cmake_prefix_path.sh'
[4.159s] Level 1:colcon.colcon_core.environment:checking '/home/ibrahim/tasc_science/install/science_bringup/bin'
[4.159s] Level 1:colcon.colcon_core.environment:checking '/home/ibrahim/tasc_science/install/science_bringup/lib/pkgconfig/science_bringup.pc'
[4.159s] Level 1:colcon.colcon_core.environment:checking '/home/ibrahim/tasc_science/install/science_bringup/lib/python3.10/site-packages'
[4.160s] Level 1:colcon.colcon_core.environment:checking '/home/ibrahim/tasc_science/install/science_bringup/bin'
[4.160s] INFO:colcon.colcon_core.shell:Creating package script '/home/ibrahim/tasc_science/install/science_bringup/share/science_bringup/package.ps1'
[4.161s] INFO:colcon.colcon_core.shell:Creating package descriptor '/home/ibrahim/tasc_science/install/science_bringup/share/science_bringup/package.dsv'
[4.162s] INFO:colcon.colcon_core.shell:Creating package script '/home/ibrahim/tasc_science/install/science_bringup/share/science_bringup/package.sh'
[4.162s] INFO:colcon.colcon_core.shell:Creating package script '/home/ibrahim/tasc_science/install/science_bringup/share/science_bringup/package.bash'
[4.163s] INFO:colcon.colcon_core.shell:Creating package script '/home/ibrahim/tasc_science/install/science_bringup/share/science_bringup/package.zsh'
[4.163s] Level 1:colcon.colcon_core.environment:create_file_with_runtime_dependencies(/home/ibrahim/tasc_science/install/science_bringup/share/colcon-core/packages/science_bringup)
[4.164s] DEBUG:colcon.colcon_parallel_executor.executor.parallel:closing loop
[4.164s] DEBUG:colcon.colcon_parallel_executor.executor.parallel:loop closed
[4.164s] DEBUG:colcon.colcon_parallel_executor.executor.parallel:run_until_complete finished with '0'
[4.164s] DEBUG:colcon.colcon_core.event_reactor:joining thread
[4.170s] INFO:colcon.colcon_core.plugin_system:Skipping extension 'colcon_notification.desktop_notification.terminal_notifier': Not used on non-Darwin systems
[4.170s] INFO:colcon.colcon_core.plugin_system:Skipping extension 'colcon_notification.desktop_notification.win32': Not used on non-Windows systems
[4.170s] INFO:colcon.colcon_notification.desktop_notification:Sending desktop notification using 'notify2'
[4.191s] DEBUG:colcon.colcon_core.event_reactor:joined thread
[4.191s] INFO:colcon.colcon_core.shell:Creating prefix script '/home/ibrahim/tasc_science/install/local_setup.ps1'
[4.192s] INFO:colcon.colcon_core.shell:Creating prefix util module '/home/ibrahim/tasc_science/install/_local_setup_util_ps1.py'
[4.194s] INFO:colcon.colcon_core.shell:Creating prefix chain script '/home/ibrahim/tasc_science/install/setup.ps1'
[4.196s] INFO:colcon.colcon_core.shell:Creating prefix script '/home/ibrahim/tasc_science/install/local_setup.sh'
[4.199s] INFO:colcon.colcon_core.shell:Creating prefix util module '/home/ibrahim/tasc_science/install/_local_setup_util_sh.py'
[4.199s] INFO:colcon.colcon_core.shell:Creating prefix chain script '/home/ibrahim/tasc_science/install/setup.sh'
[4.201s] INFO:colcon.colcon_core.shell:Creating prefix script '/home/ibrahim/tasc_science/install/local_setup.bash'
[4.201s] INFO:colcon.colcon_core.shell:Creating prefix chain script '/home/ibrahim/tasc_science/install/setup.bash'
[4.202s] INFO:colcon.colcon_core.shell:Creating prefix script '/home/ibrahim/tasc_science/install/local_setup.zsh'
[4.203s] INFO:colcon.colcon_core.shell:Creating prefix chain script '/home/ibrahim/tasc_science/install/setup.zsh'
