[0.094s] DEBUG:colcon:Command line arguments: ['/usr/bin/colcon', 'build', '--symlink-install']
[0.094s] DEBUG:colcon:Parsed command line arguments: Namespace(log_base=None, log_level=None, verb_name='build', build_base='build', install_base='install', merge_install=False, symlink_install=True, test_result_base=None, continue_on_error=False, executor='parallel', parallel_workers=4, event_handlers=None, ignore_user_meta=False, metas=['./colcon.meta'], base_paths=['.'], packages_ignore=None, packages_ignore_regex=None, paths=None, packages_up_to=None, packages_up_to_regex=None, packages_above=None, packages_above_and_dependencies=None, packages_above_depth=None, packages_select_by_dep=None, packages_skip_by_dep=None, packages_skip_up_to=None, packages_select_build_failed=False, packages_skip_build_finished=False, packages_select_test_failures=False, packages_skip_test_passed=False, packages_select=None, packages_skip=None, packages_select_regex=None, packages_skip_regex=None, packages_start=None, packages_end=None, allow_overriding=[], cmake_args=None, cmake_target=None, cmake_target_skip_unavailable=False, cmake_clean_cache=False, cmake_clean_first=False, cmake_force_configure=False, ament_cmake_args=None, catkin_cmake_args=None, catkin_skip_building_tests=False, mixin_files=None, mixin=None, verb_parser=<colcon_mixin.mixin.mixin_argument.MixinArgumentDecorator object at 0x72457c6623b0>, verb_extension=<colcon_core.verb.build.BuildVerb object at 0x72457c74f310>, main=<bound method BuildVerb.main of <colcon_core.verb.build.BuildVerb object at 0x72457c74f310>>, mixin_verb=('build',))
[0.219s] Level 1:colcon.colcon_core.package_discovery:discover_packages(colcon_meta) check parameters
[0.219s] Level 1:colcon.colcon_core.package_discovery:discover_packages(recursive) check parameters
[0.219s] Level 1:colcon.colcon_core.package_discovery:discover_packages(ignore) check parameters
[0.219s] Level 1:colcon.colcon_core.package_discovery:discover_packages(path) check parameters
[0.219s] Level 1:colcon.colcon_core.package_discovery:discover_packages(colcon_meta) discover
[0.219s] Level 1:colcon.colcon_core.package_discovery:discover_packages(recursive) discover
[0.219s] INFO:colcon.colcon_core.package_discovery:Crawling recursively for packages in '/home/ibrahim/tasc_science'
[0.219s] Level 1:colcon.colcon_core.package_identification:_identify(.) by extensions ['ignore', 'ignore_ament_install']
[0.219s] Level 1:colcon.colcon_core.package_identification:_identify(.) by extension 'ignore'
[0.219s] Level 1:colcon.colcon_core.package_identification:_identify(.) by extension 'ignore_ament_install'
[0.219s] Level 1:colcon.colcon_core.package_identification:_identify(.) by extensions ['colcon_pkg']
[0.219s] Level 1:colcon.colcon_core.package_identification:_identify(.) by extension 'colcon_pkg'
[0.219s] Level 1:colcon.colcon_core.package_identification:_identify(.) by extensions ['colcon_meta']
[0.220s] Level 1:colcon.colcon_core.package_identification:_identify(.) by extension 'colcon_meta'
[0.220s] Level 1:colcon.colcon_core.package_identification:_identify(.) by extensions ['ros']
[0.220s] Level 1:colcon.colcon_core.package_identification:_identify(.) by extension 'ros'
[0.228s] Level 1:colcon.colcon_core.package_identification:_identify(.) by extensions ['cmake', 'python']
[0.228s] Level 1:colcon.colcon_core.package_identification:_identify(.) by extension 'cmake'
[0.228s] Level 1:colcon.colcon_core.package_identification:_identify(.) by extension 'python'
[0.228s] Level 1:colcon.colcon_core.package_identification:_identify(.) by extensions ['python_setup_py']
[0.228s] Level 1:colcon.colcon_core.package_identification:_identify(.) by extension 'python_setup_py'
[0.229s] Level 1:colcon.colcon_core.package_identification:_identify(build) by extensions ['ignore', 'ignore_ament_install']
[0.229s] Level 1:colcon.colcon_core.package_identification:_identify(build) by extension 'ignore'
[0.229s] Level 1:colcon.colcon_core.package_identification:_identify(build) ignored
[0.229s] Level 1:colcon.colcon_core.package_identification:_identify(install) by extensions ['ignore', 'ignore_ament_install']
[0.229s] Level 1:colcon.colcon_core.package_identification:_identify(install) by extension 'ignore'
[0.229s] Level 1:colcon.colcon_core.package_identification:_identify(install) ignored
[0.229s] Level 1:colcon.colcon_core.package_identification:_identify(log) by extensions ['ignore', 'ignore_ament_install']
[0.229s] Level 1:colcon.colcon_core.package_identification:_identify(log) by extension 'ignore'
[0.229s] Level 1:colcon.colcon_core.package_identification:_identify(log) ignored
[0.229s] Level 1:colcon.colcon_core.package_identification:_identify(src) by extensions ['ignore', 'ignore_ament_install']
[0.229s] Level 1:colcon.colcon_core.package_identification:_identify(src) by extension 'ignore'
[0.229s] Level 1:colcon.colcon_core.package_identification:_identify(src) by extension 'ignore_ament_install'
[0.229s] Level 1:colcon.colcon_core.package_identification:_identify(src) by extensions ['colcon_pkg']
[0.229s] Level 1:colcon.colcon_core.package_identification:_identify(src) by extension 'colcon_pkg'
[0.229s] Level 1:colcon.colcon_core.package_identification:_identify(src) by extensions ['colcon_meta']
[0.229s] Level 1:colcon.colcon_core.package_identification:_identify(src) by extension 'colcon_meta'
[0.229s] Level 1:colcon.colcon_core.package_identification:_identify(src) by extensions ['ros']
[0.229s] Level 1:colcon.colcon_core.package_identification:_identify(src) by extension 'ros'
[0.229s] Level 1:colcon.colcon_core.package_identification:_identify(src) by extensions ['cmake', 'python']
[0.229s] Level 1:colcon.colcon_core.package_identification:_identify(src) by extension 'cmake'
[0.229s] Level 1:colcon.colcon_core.package_identification:_identify(src) by extension 'python'
[0.229s] Level 1:colcon.colcon_core.package_identification:_identify(src) by extensions ['python_setup_py']
[0.229s] Level 1:colcon.colcon_core.package_identification:_identify(src) by extension 'python_setup_py'
[0.229s] Level 1:colcon.colcon_core.package_identification:_identify(src/science_bringup) by extensions ['ignore', 'ignore_ament_install']
[0.230s] Level 1:colcon.colcon_core.package_identification:_identify(src/science_bringup) by extension 'ignore'
[0.230s] Level 1:colcon.colcon_core.package_identification:_identify(src/science_bringup) by extension 'ignore_ament_install'
[0.230s] Level 1:colcon.colcon_core.package_identification:_identify(src/science_bringup) by extensions ['colcon_pkg']
[0.230s] Level 1:colcon.colcon_core.package_identification:_identify(src/science_bringup) by extension 'colcon_pkg'
[0.230s] Level 1:colcon.colcon_core.package_identification:_identify(src/science_bringup) by extensions ['colcon_meta']
[0.230s] Level 1:colcon.colcon_core.package_identification:_identify(src/science_bringup) by extension 'colcon_meta'
[0.230s] Level 1:colcon.colcon_core.package_identification:_identify(src/science_bringup) by extensions ['ros']
[0.230s] Level 1:colcon.colcon_core.package_identification:_identify(src/science_bringup) by extension 'ros'
[0.232s] DEBUG:colcon.colcon_core.package_identification:Package 'src/science_bringup' with type 'ros.ament_cmake' and name 'science_bringup'
[0.232s] Level 1:colcon.colcon_core.package_identification:_identify(src/science_control) by extensions ['ignore', 'ignore_ament_install']
[0.232s] Level 1:colcon.colcon_core.package_identification:_identify(src/science_control) by extension 'ignore'
[0.232s] Level 1:colcon.colcon_core.package_identification:_identify(src/science_control) by extension 'ignore_ament_install'
[0.232s] Level 1:colcon.colcon_core.package_identification:_identify(src/science_control) by extensions ['colcon_pkg']
[0.232s] Level 1:colcon.colcon_core.package_identification:_identify(src/science_control) by extension 'colcon_pkg'
[0.232s] Level 1:colcon.colcon_core.package_identification:_identify(src/science_control) by extensions ['colcon_meta']
[0.232s] Level 1:colcon.colcon_core.package_identification:_identify(src/science_control) by extension 'colcon_meta'
[0.232s] Level 1:colcon.colcon_core.package_identification:_identify(src/science_control) by extensions ['ros']
[0.232s] Level 1:colcon.colcon_core.package_identification:_identify(src/science_control) by extension 'ros'
[0.233s] DEBUG:colcon.colcon_core.package_identification:Package 'src/science_control' with type 'ros.ament_cmake' and name 'science_control'
[0.233s] Level 1:colcon.colcon_core.package_identification:_identify(src/science_description) by extensions ['ignore', 'ignore_ament_install']
[0.233s] Level 1:colcon.colcon_core.package_identification:_identify(src/science_description) by extension 'ignore'
[0.233s] Level 1:colcon.colcon_core.package_identification:_identify(src/science_description) by extension 'ignore_ament_install'
[0.233s] Level 1:colcon.colcon_core.package_identification:_identify(src/science_description) by extensions ['colcon_pkg']
[0.233s] Level 1:colcon.colcon_core.package_identification:_identify(src/science_description) by extension 'colcon_pkg'
[0.233s] Level 1:colcon.colcon_core.package_identification:_identify(src/science_description) by extensions ['colcon_meta']
[0.233s] Level 1:colcon.colcon_core.package_identification:_identify(src/science_description) by extension 'colcon_meta'
[0.233s] Level 1:colcon.colcon_core.package_identification:_identify(src/science_description) by extensions ['ros']
[0.233s] Level 1:colcon.colcon_core.package_identification:_identify(src/science_description) by extension 'ros'
[0.234s] DEBUG:colcon.colcon_core.package_identification:Package 'src/science_description' with type 'ros.ament_cmake' and name 'science_description'
[0.234s] Level 1:colcon.colcon_core.package_discovery:discover_packages(recursive) using defaults
[0.234s] Level 1:colcon.colcon_core.package_discovery:discover_packages(ignore) discover
[0.234s] Level 1:colcon.colcon_core.package_discovery:discover_packages(ignore) using defaults
[0.234s] Level 1:colcon.colcon_core.package_discovery:discover_packages(path) discover
[0.234s] Level 1:colcon.colcon_core.package_discovery:discover_packages(path) using defaults
[0.260s] Level 1:colcon.colcon_core.package_discovery:discover_packages(prefix_path) check parameters
[0.260s] Level 1:colcon.colcon_core.package_discovery:discover_packages(prefix_path) discover
[0.262s] DEBUG:colcon.colcon_installed_package_information.package_discovery:Found 3 installed packages in /home/ibrahim/tasc_science/install
[0.263s] DEBUG:colcon.colcon_installed_package_information.package_discovery:Found 433 installed packages in /opt/ros/humble
[0.264s] Level 1:colcon.colcon_core.package_discovery:discover_packages(prefix_path) using defaults
[0.302s] Level 5:colcon.colcon_core.verb:set package 'science_control' build argument 'cmake_args' from command line to 'None'
[0.302s] Level 5:colcon.colcon_core.verb:set package 'science_control' build argument 'cmake_target' from command line to 'None'
[0.302s] Level 5:colcon.colcon_core.verb:set package 'science_control' build argument 'cmake_target_skip_unavailable' from command line to 'False'
[0.302s] Level 5:colcon.colcon_core.verb:set package 'science_control' build argument 'cmake_clean_cache' from command line to 'False'
[0.302s] Level 5:colcon.colcon_core.verb:set package 'science_control' build argument 'cmake_clean_first' from command line to 'False'
[0.302s] Level 5:colcon.colcon_core.verb:set package 'science_control' build argument 'cmake_force_configure' from command line to 'False'
[0.302s] Level 5:colcon.colcon_core.verb:set package 'science_control' build argument 'ament_cmake_args' from command line to 'None'
[0.302s] Level 5:colcon.colcon_core.verb:set package 'science_control' build argument 'catkin_cmake_args' from command line to 'None'
[0.302s] Level 5:colcon.colcon_core.verb:set package 'science_control' build argument 'catkin_skip_building_tests' from command line to 'False'
[0.302s] DEBUG:colcon.colcon_core.verb:Building package 'science_control' with the following arguments: {'ament_cmake_args': None, 'build_base': '/home/ibrahim/tasc_science/build/science_control', 'catkin_cmake_args': None, 'catkin_skip_building_tests': False, 'cmake_args': None, 'cmake_clean_cache': False, 'cmake_clean_first': False, 'cmake_force_configure': False, 'cmake_target': None, 'cmake_target_skip_unavailable': False, 'install_base': '/home/ibrahim/tasc_science/install/science_control', 'merge_install': False, 'path': '/home/ibrahim/tasc_science/src/science_control', 'symlink_install': True, 'test_result_base': None}
[0.302s] Level 5:colcon.colcon_core.verb:set package 'science_description' build argument 'cmake_args' from command line to 'None'
[0.302s] Level 5:colcon.colcon_core.verb:set package 'science_description' build argument 'cmake_target' from command line to 'None'
[0.303s] Level 5:colcon.colcon_core.verb:set package 'science_description' build argument 'cmake_target_skip_unavailable' from command line to 'False'
[0.303s] Level 5:colcon.colcon_core.verb:set package 'science_description' build argument 'cmake_clean_cache' from command line to 'False'
[0.303s] Level 5:colcon.colcon_core.verb:set package 'science_description' build argument 'cmake_clean_first' from command line to 'False'
[0.303s] Level 5:colcon.colcon_core.verb:set package 'science_description' build argument 'cmake_force_configure' from command line to 'False'
[0.303s] Level 5:colcon.colcon_core.verb:set package 'science_description' build argument 'ament_cmake_args' from command line to 'None'
[0.303s] Level 5:colcon.colcon_core.verb:set package 'science_description' build argument 'catkin_cmake_args' from command line to 'None'
[0.303s] Level 5:colcon.colcon_core.verb:set package 'science_description' build argument 'catkin_skip_building_tests' from command line to 'False'
[0.303s] DEBUG:colcon.colcon_core.verb:Building package 'science_description' with the following arguments: {'ament_cmake_args': None, 'build_base': '/home/ibrahim/tasc_science/build/science_description', 'catkin_cmake_args': None, 'catkin_skip_building_tests': False, 'cmake_args': None, 'cmake_clean_cache': False, 'cmake_clean_first': False, 'cmake_force_configure': False, 'cmake_target': None, 'cmake_target_skip_unavailable': False, 'install_base': '/home/ibrahim/tasc_science/install/science_description', 'merge_install': False, 'path': '/home/ibrahim/tasc_science/src/science_description', 'symlink_install': True, 'test_result_base': None}
[0.303s] Level 5:colcon.colcon_core.verb:set package 'science_bringup' build argument 'cmake_args' from command line to 'None'
[0.303s] Level 5:colcon.colcon_core.verb:set package 'science_bringup' build argument 'cmake_target' from command line to 'None'
[0.303s] Level 5:colcon.colcon_core.verb:set package 'science_bringup' build argument 'cmake_target_skip_unavailable' from command line to 'False'
[0.303s] Level 5:colcon.colcon_core.verb:set package 'science_bringup' build argument 'cmake_clean_cache' from command line to 'False'
[0.303s] Level 5:colcon.colcon_core.verb:set package 'science_bringup' build argument 'cmake_clean_first' from command line to 'False'
[0.303s] Level 5:colcon.colcon_core.verb:set package 'science_bringup' build argument 'cmake_force_configure' from command line to 'False'
[0.303s] Level 5:colcon.colcon_core.verb:set package 'science_bringup' build argument 'ament_cmake_args' from command line to 'None'
[0.303s] Level 5:colcon.colcon_core.verb:set package 'science_bringup' build argument 'catkin_cmake_args' from command line to 'None'
[0.303s] Level 5:colcon.colcon_core.verb:set package 'science_bringup' build argument 'catkin_skip_building_tests' from command line to 'False'
[0.303s] DEBUG:colcon.colcon_core.verb:Building package 'science_bringup' with the following arguments: {'ament_cmake_args': None, 'build_base': '/home/ibrahim/tasc_science/build/science_bringup', 'catkin_cmake_args': None, 'catkin_skip_building_tests': False, 'cmake_args': None, 'cmake_clean_cache': False, 'cmake_clean_first': False, 'cmake_force_configure': False, 'cmake_target': None, 'cmake_target_skip_unavailable': False, 'install_base': '/home/ibrahim/tasc_science/install/science_bringup', 'merge_install': False, 'path': '/home/ibrahim/tasc_science/src/science_bringup', 'symlink_install': True, 'test_result_base': None}
[0.303s] INFO:colcon.colcon_core.executor:Executing jobs using 'parallel' executor
[0.304s] DEBUG:colcon.colcon_parallel_executor.executor.parallel:run_until_complete
[0.304s] INFO:colcon.colcon_ros.task.ament_cmake.build:Building ROS package in '/home/ibrahim/tasc_science/src/science_control' with build type 'ament_cmake'
[0.305s] INFO:colcon.colcon_cmake.task.cmake.build:Building CMake package in '/home/ibrahim/tasc_science/src/science_control'
[0.307s] INFO:colcon.colcon_core.plugin_system:Skipping extension 'colcon_core.shell.bat': Not used on non-Windows systems
[0.307s] INFO:colcon.colcon_core.shell:Skip shell extension 'powershell' for command environment: Not usable outside of PowerShell
[0.307s] DEBUG:colcon.colcon_core.shell:Skip shell extension 'dsv' for command environment
[0.316s] DEBUG:colcon.colcon_core.event_handler.log_command:Invoking command in '/home/ibrahim/tasc_science/build/science_control': CMAKE_PREFIX_PATH=${CMAKE_PREFIX_PATH}:/opt/ros/humble /usr/bin/cmake --build /home/ibrahim/tasc_science/build/science_control -- -j4 -l4
[4.439s] DEBUG:colcon.colcon_core.event_handler.log_command:Invoked command in '/home/ibrahim/tasc_science/build/science_control' returned '0': CMAKE_PREFIX_PATH=${CMAKE_PREFIX_PATH}:/opt/ros/humble /usr/bin/cmake --build /home/ibrahim/tasc_science/build/science_control -- -j4 -l4
[4.452s] DEBUG:colcon.colcon_core.event_handler.log_command:Invoking command in '/home/ibrahim/tasc_science/build/science_control': CMAKE_PREFIX_PATH=${CMAKE_PREFIX_PATH}:/opt/ros/humble /usr/bin/cmake --install /home/ibrahim/tasc_science/build/science_control
[4.474s] Level 1:colcon.colcon_core.environment:create_environment_scripts_only(science_control)
[4.476s] DEBUG:colcon.colcon_core.event_handler.log_command:Invoked command in '/home/ibrahim/tasc_science/build/science_control' returned '0': CMAKE_PREFIX_PATH=${CMAKE_PREFIX_PATH}:/opt/ros/humble /usr/bin/cmake --install /home/ibrahim/tasc_science/build/science_control
[4.478s] Level 1:colcon.colcon_core.environment:checking '/home/ibrahim/tasc_science/install/science_control' for CMake module files
[4.478s] Level 1:colcon.colcon_core.environment:checking '/home/ibrahim/tasc_science/install/science_control' for CMake config files
[4.478s] Level 1:colcon.colcon_core.shell:create_environment_hook('science_control', 'cmake_prefix_path')
[4.479s] INFO:colcon.colcon_core.shell:Creating environment hook '/home/ibrahim/tasc_science/install/science_control/share/science_control/hook/cmake_prefix_path.ps1'
[4.480s] INFO:colcon.colcon_core.shell:Creating environment descriptor '/home/ibrahim/tasc_science/install/science_control/share/science_control/hook/cmake_prefix_path.dsv'
[4.480s] INFO:colcon.colcon_core.shell:Creating environment hook '/home/ibrahim/tasc_science/install/science_control/share/science_control/hook/cmake_prefix_path.sh'
[4.482s] Level 1:colcon.colcon_core.environment:checking '/home/ibrahim/tasc_science/install/science_control/lib'
[4.482s] Level 1:colcon.colcon_core.shell:create_environment_hook('science_control', 'ld_library_path_lib')
[4.482s] INFO:colcon.colcon_core.shell:Creating environment hook '/home/ibrahim/tasc_science/install/science_control/share/science_control/hook/ld_library_path_lib.ps1'
[4.482s] INFO:colcon.colcon_core.shell:Creating environment descriptor '/home/ibrahim/tasc_science/install/science_control/share/science_control/hook/ld_library_path_lib.dsv'
[4.483s] INFO:colcon.colcon_core.shell:Creating environment hook '/home/ibrahim/tasc_science/install/science_control/share/science_control/hook/ld_library_path_lib.sh'
[4.483s] Level 1:colcon.colcon_core.environment:checking '/home/ibrahim/tasc_science/install/science_control/bin'
[4.483s] Level 1:colcon.colcon_core.environment:checking '/home/ibrahim/tasc_science/install/science_control/lib/pkgconfig/science_control.pc'
[4.484s] Level 1:colcon.colcon_core.environment:checking '/home/ibrahim/tasc_science/install/science_control/lib/python3.10/site-packages'
[4.484s] Level 1:colcon.colcon_core.environment:checking '/home/ibrahim/tasc_science/install/science_control/bin'
[4.484s] INFO:colcon.colcon_core.shell:Creating package script '/home/ibrahim/tasc_science/install/science_control/share/science_control/package.ps1'
[4.485s] INFO:colcon.colcon_core.shell:Creating package descriptor '/home/ibrahim/tasc_science/install/science_control/share/science_control/package.dsv'
[4.485s] INFO:colcon.colcon_core.shell:Creating package script '/home/ibrahim/tasc_science/install/science_control/share/science_control/package.sh'
[4.486s] INFO:colcon.colcon_core.shell:Creating package script '/home/ibrahim/tasc_science/install/science_control/share/science_control/package.bash'
[4.487s] INFO:colcon.colcon_core.shell:Creating package script '/home/ibrahim/tasc_science/install/science_control/share/science_control/package.zsh'
[4.487s] Level 1:colcon.colcon_core.environment:create_file_with_runtime_dependencies(/home/ibrahim/tasc_science/install/science_control/share/colcon-core/packages/science_control)
[4.488s] Level 1:colcon.colcon_core.environment:create_environment_scripts_only(science_control)
[4.488s] Level 1:colcon.colcon_core.environment:checking '/home/ibrahim/tasc_science/install/science_control' for CMake module files
[4.489s] Level 1:colcon.colcon_core.environment:checking '/home/ibrahim/tasc_science/install/science_control' for CMake config files
[4.489s] Level 1:colcon.colcon_core.shell:create_environment_hook('science_control', 'cmake_prefix_path')
[4.489s] INFO:colcon.colcon_core.shell:Creating environment hook '/home/ibrahim/tasc_science/install/science_control/share/science_control/hook/cmake_prefix_path.ps1'
[4.490s] INFO:colcon.colcon_core.shell:Creating environment descriptor '/home/ibrahim/tasc_science/install/science_control/share/science_control/hook/cmake_prefix_path.dsv'
[4.490s] INFO:colcon.colcon_core.shell:Creating environment hook '/home/ibrahim/tasc_science/install/science_control/share/science_control/hook/cmake_prefix_path.sh'
[4.491s] Level 1:colcon.colcon_core.environment:checking '/home/ibrahim/tasc_science/install/science_control/lib'
[4.491s] Level 1:colcon.colcon_core.shell:create_environment_hook('science_control', 'ld_library_path_lib')
[4.491s] INFO:colcon.colcon_core.shell:Creating environment hook '/home/ibrahim/tasc_science/install/science_control/share/science_control/hook/ld_library_path_lib.ps1'
[4.491s] INFO:colcon.colcon_core.shell:Creating environment descriptor '/home/ibrahim/tasc_science/install/science_control/share/science_control/hook/ld_library_path_lib.dsv'
[4.492s] INFO:colcon.colcon_core.shell:Creating environment hook '/home/ibrahim/tasc_science/install/science_control/share/science_control/hook/ld_library_path_lib.sh'
[4.492s] Level 1:colcon.colcon_core.environment:checking '/home/ibrahim/tasc_science/install/science_control/bin'
[4.492s] Level 1:colcon.colcon_core.environment:checking '/home/ibrahim/tasc_science/install/science_control/lib/pkgconfig/science_control.pc'
[4.493s] Level 1:colcon.colcon_core.environment:checking '/home/ibrahim/tasc_science/install/science_control/lib/python3.10/site-packages'
[4.493s] Level 1:colcon.colcon_core.environment:checking '/home/ibrahim/tasc_science/install/science_control/bin'
[4.493s] INFO:colcon.colcon_core.shell:Creating package script '/home/ibrahim/tasc_science/install/science_control/share/science_control/package.ps1'
[4.494s] INFO:colcon.colcon_core.shell:Creating package descriptor '/home/ibrahim/tasc_science/install/science_control/share/science_control/package.dsv'
[4.494s] INFO:colcon.colcon_core.shell:Creating package script '/home/ibrahim/tasc_science/install/science_control/share/science_control/package.sh'
[4.495s] INFO:colcon.colcon_core.shell:Creating package script '/home/ibrahim/tasc_science/install/science_control/share/science_control/package.bash'
[4.495s] INFO:colcon.colcon_core.shell:Creating package script '/home/ibrahim/tasc_science/install/science_control/share/science_control/package.zsh'
[4.495s] Level 1:colcon.colcon_core.environment:create_file_with_runtime_dependencies(/home/ibrahim/tasc_science/install/science_control/share/colcon-core/packages/science_control)
[4.496s] INFO:colcon.colcon_ros.task.ament_cmake.build:Building ROS package in '/home/ibrahim/tasc_science/src/science_description' with build type 'ament_cmake'
[4.497s] INFO:colcon.colcon_cmake.task.cmake.build:Building CMake package in '/home/ibrahim/tasc_science/src/science_description'
[4.497s] INFO:colcon.colcon_core.shell:Skip shell extension 'powershell' for command environment: Not usable outside of PowerShell
[4.497s] DEBUG:colcon.colcon_core.shell:Skip shell extension 'dsv' for command environment
[4.510s] DEBUG:colcon.colcon_core.event_handler.log_command:Invoking command in '/home/ibrahim/tasc_science/build/science_description': CMAKE_PREFIX_PATH=/home/ibrahim/tasc_science/install/science_control:/home/ibrahim/tasc_science/install/science_bringup:/home/ibrahim/tasc_science/install/science_description:/opt/ros/humble /usr/bin/cmake --build /home/ibrahim/tasc_science/build/science_description -- -j4 -l4
[4.549s] DEBUG:colcon.colcon_core.event_handler.log_command:Invoked command in '/home/ibrahim/tasc_science/build/science_description' returned '0': CMAKE_PREFIX_PATH=/home/ibrahim/tasc_science/install/science_control:/home/ibrahim/tasc_science/install/science_bringup:/home/ibrahim/tasc_science/install/science_description:/opt/ros/humble /usr/bin/cmake --build /home/ibrahim/tasc_science/build/science_description -- -j4 -l4
[4.551s] DEBUG:colcon.colcon_core.event_handler.log_command:Invoking command in '/home/ibrahim/tasc_science/build/science_description': CMAKE_PREFIX_PATH=/home/ibrahim/tasc_science/install/science_control:/home/ibrahim/tasc_science/install/science_bringup:/home/ibrahim/tasc_science/install/science_description:/opt/ros/humble /usr/bin/cmake --install /home/ibrahim/tasc_science/build/science_description
[4.573s] Level 1:colcon.colcon_core.environment:create_environment_scripts_only(science_description)
[4.573s] DEBUG:colcon.colcon_core.event_handler.log_command:Invoked command in '/home/ibrahim/tasc_science/build/science_description' returned '0': CMAKE_PREFIX_PATH=/home/ibrahim/tasc_science/install/science_control:/home/ibrahim/tasc_science/install/science_bringup:/home/ibrahim/tasc_science/install/science_description:/opt/ros/humble /usr/bin/cmake --install /home/ibrahim/tasc_science/build/science_description
[4.573s] Level 1:colcon.colcon_core.environment:checking '/home/ibrahim/tasc_science/install/science_description' for CMake module files
[4.574s] Level 1:colcon.colcon_core.environment:checking '/home/ibrahim/tasc_science/install/science_description' for CMake config files
[4.574s] Level 1:colcon.colcon_core.shell:create_environment_hook('science_description', 'cmake_prefix_path')
[4.574s] INFO:colcon.colcon_core.shell:Creating environment hook '/home/ibrahim/tasc_science/install/science_description/share/science_description/hook/cmake_prefix_path.ps1'
[4.575s] INFO:colcon.colcon_core.shell:Creating environment descriptor '/home/ibrahim/tasc_science/install/science_description/share/science_description/hook/cmake_prefix_path.dsv'
[4.575s] INFO:colcon.colcon_core.shell:Creating environment hook '/home/ibrahim/tasc_science/install/science_description/share/science_description/hook/cmake_prefix_path.sh'
[4.576s] Level 1:colcon.colcon_core.environment:checking '/home/ibrahim/tasc_science/install/science_description/bin'
[4.576s] Level 1:colcon.colcon_core.environment:checking '/home/ibrahim/tasc_science/install/science_description/lib/pkgconfig/science_description.pc'
[4.576s] Level 1:colcon.colcon_core.environment:checking '/home/ibrahim/tasc_science/install/science_description/lib/python3.10/site-packages'
[4.576s] Level 1:colcon.colcon_core.environment:checking '/home/ibrahim/tasc_science/install/science_description/bin'
[4.577s] INFO:colcon.colcon_core.shell:Creating package script '/home/ibrahim/tasc_science/install/science_description/share/science_description/package.ps1'
[4.577s] INFO:colcon.colcon_core.shell:Creating package descriptor '/home/ibrahim/tasc_science/install/science_description/share/science_description/package.dsv'
[4.577s] INFO:colcon.colcon_core.shell:Creating package script '/home/ibrahim/tasc_science/install/science_description/share/science_description/package.sh'
[4.578s] INFO:colcon.colcon_core.shell:Creating package script '/home/ibrahim/tasc_science/install/science_description/share/science_description/package.bash'
[4.578s] INFO:colcon.colcon_core.shell:Creating package script '/home/ibrahim/tasc_science/install/science_description/share/science_description/package.zsh'
[4.579s] Level 1:colcon.colcon_core.environment:create_file_with_runtime_dependencies(/home/ibrahim/tasc_science/install/science_description/share/colcon-core/packages/science_description)
[4.579s] Level 1:colcon.colcon_core.environment:create_environment_scripts_only(science_description)
[4.579s] Level 1:colcon.colcon_core.environment:checking '/home/ibrahim/tasc_science/install/science_description' for CMake module files
[4.580s] Level 1:colcon.colcon_core.environment:checking '/home/ibrahim/tasc_science/install/science_description' for CMake config files
[4.580s] Level 1:colcon.colcon_core.shell:create_environment_hook('science_description', 'cmake_prefix_path')
[4.580s] INFO:colcon.colcon_core.shell:Creating environment hook '/home/ibrahim/tasc_science/install/science_description/share/science_description/hook/cmake_prefix_path.ps1'
[4.582s] INFO:colcon.colcon_core.shell:Creating environment descriptor '/home/ibrahim/tasc_science/install/science_description/share/science_description/hook/cmake_prefix_path.dsv'
[4.582s] INFO:colcon.colcon_core.shell:Creating environment hook '/home/ibrahim/tasc_science/install/science_description/share/science_description/hook/cmake_prefix_path.sh'
[4.583s] Level 1:colcon.colcon_core.environment:checking '/home/ibrahim/tasc_science/install/science_description/bin'
[4.583s] Level 1:colcon.colcon_core.environment:checking '/home/ibrahim/tasc_science/install/science_description/lib/pkgconfig/science_description.pc'
[4.584s] Level 1:colcon.colcon_core.environment:checking '/home/ibrahim/tasc_science/install/science_description/lib/python3.10/site-packages'
[4.584s] Level 1:colcon.colcon_core.environment:checking '/home/ibrahim/tasc_science/install/science_description/bin'
[4.584s] INFO:colcon.colcon_core.shell:Creating package script '/home/ibrahim/tasc_science/install/science_description/share/science_description/package.ps1'
[4.585s] INFO:colcon.colcon_core.shell:Creating package descriptor '/home/ibrahim/tasc_science/install/science_description/share/science_description/package.dsv'
[4.586s] INFO:colcon.colcon_core.shell:Creating package script '/home/ibrahim/tasc_science/install/science_description/share/science_description/package.sh'
[4.587s] INFO:colcon.colcon_core.shell:Creating package script '/home/ibrahim/tasc_science/install/science_description/share/science_description/package.bash'
[4.587s] INFO:colcon.colcon_core.shell:Creating package script '/home/ibrahim/tasc_science/install/science_description/share/science_description/package.zsh'
[4.588s] Level 1:colcon.colcon_core.environment:create_file_with_runtime_dependencies(/home/ibrahim/tasc_science/install/science_description/share/colcon-core/packages/science_description)
[4.588s] INFO:colcon.colcon_ros.task.ament_cmake.build:Building ROS package in '/home/ibrahim/tasc_science/src/science_bringup' with build type 'ament_cmake'
[4.588s] INFO:colcon.colcon_cmake.task.cmake.build:Building CMake package in '/home/ibrahim/tasc_science/src/science_bringup'
[4.588s] INFO:colcon.colcon_core.shell:Skip shell extension 'powershell' for command environment: Not usable outside of PowerShell
[4.589s] DEBUG:colcon.colcon_core.shell:Skip shell extension 'dsv' for command environment
[4.603s] DEBUG:colcon.colcon_core.event_handler.log_command:Invoking command in '/home/ibrahim/tasc_science/build/science_bringup': CMAKE_PREFIX_PATH=/home/ibrahim/tasc_science/install/science_description:/home/ibrahim/tasc_science/install/science_control:/home/ibrahim/tasc_science/install/science_bringup:/opt/ros/humble /usr/bin/cmake --build /home/ibrahim/tasc_science/build/science_bringup -- -j4 -l4
[4.639s] DEBUG:colcon.colcon_core.event_handler.log_command:Invoked command in '/home/ibrahim/tasc_science/build/science_bringup' returned '0': CMAKE_PREFIX_PATH=/home/ibrahim/tasc_science/install/science_description:/home/ibrahim/tasc_science/install/science_control:/home/ibrahim/tasc_science/install/science_bringup:/opt/ros/humble /usr/bin/cmake --build /home/ibrahim/tasc_science/build/science_bringup -- -j4 -l4
[4.641s] DEBUG:colcon.colcon_core.event_handler.log_command:Invoking command in '/home/ibrahim/tasc_science/build/science_bringup': CMAKE_PREFIX_PATH=/home/ibrahim/tasc_science/install/science_description:/home/ibrahim/tasc_science/install/science_control:/home/ibrahim/tasc_science/install/science_bringup:/opt/ros/humble /usr/bin/cmake --install /home/ibrahim/tasc_science/build/science_bringup
[4.659s] Level 1:colcon.colcon_core.environment:create_environment_scripts_only(science_bringup)
[4.660s] Level 1:colcon.colcon_core.environment:checking '/home/ibrahim/tasc_science/install/science_bringup' for CMake module files
[4.660s] DEBUG:colcon.colcon_core.event_handler.log_command:Invoked command in '/home/ibrahim/tasc_science/build/science_bringup' returned '0': CMAKE_PREFIX_PATH=/home/ibrahim/tasc_science/install/science_description:/home/ibrahim/tasc_science/install/science_control:/home/ibrahim/tasc_science/install/science_bringup:/opt/ros/humble /usr/bin/cmake --install /home/ibrahim/tasc_science/build/science_bringup
[4.660s] Level 1:colcon.colcon_core.environment:checking '/home/ibrahim/tasc_science/install/science_bringup' for CMake config files
[4.661s] Level 1:colcon.colcon_core.shell:create_environment_hook('science_bringup', 'cmake_prefix_path')
[4.661s] INFO:colcon.colcon_core.shell:Creating environment hook '/home/ibrahim/tasc_science/install/science_bringup/share/science_bringup/hook/cmake_prefix_path.ps1'
[4.661s] INFO:colcon.colcon_core.shell:Creating environment descriptor '/home/ibrahim/tasc_science/install/science_bringup/share/science_bringup/hook/cmake_prefix_path.dsv'
[4.662s] INFO:colcon.colcon_core.shell:Creating environment hook '/home/ibrahim/tasc_science/install/science_bringup/share/science_bringup/hook/cmake_prefix_path.sh'
[4.663s] Level 1:colcon.colcon_core.environment:checking '/home/ibrahim/tasc_science/install/science_bringup/bin'
[4.663s] Level 1:colcon.colcon_core.environment:checking '/home/ibrahim/tasc_science/install/science_bringup/lib/pkgconfig/science_bringup.pc'
[4.663s] Level 1:colcon.colcon_core.environment:checking '/home/ibrahim/tasc_science/install/science_bringup/lib/python3.10/site-packages'
[4.663s] Level 1:colcon.colcon_core.environment:checking '/home/ibrahim/tasc_science/install/science_bringup/bin'
[4.663s] INFO:colcon.colcon_core.shell:Creating package script '/home/ibrahim/tasc_science/install/science_bringup/share/science_bringup/package.ps1'
[4.665s] INFO:colcon.colcon_core.shell:Creating package descriptor '/home/ibrahim/tasc_science/install/science_bringup/share/science_bringup/package.dsv'
[4.666s] INFO:colcon.colcon_core.shell:Creating package script '/home/ibrahim/tasc_science/install/science_bringup/share/science_bringup/package.sh'
[4.666s] INFO:colcon.colcon_core.shell:Creating package script '/home/ibrahim/tasc_science/install/science_bringup/share/science_bringup/package.bash'
[4.667s] INFO:colcon.colcon_core.shell:Creating package script '/home/ibrahim/tasc_science/install/science_bringup/share/science_bringup/package.zsh'
[4.667s] Level 1:colcon.colcon_core.environment:create_file_with_runtime_dependencies(/home/ibrahim/tasc_science/install/science_bringup/share/colcon-core/packages/science_bringup)
[4.668s] Level 1:colcon.colcon_core.environment:create_environment_scripts_only(science_bringup)
[4.668s] Level 1:colcon.colcon_core.environment:checking '/home/ibrahim/tasc_science/install/science_bringup' for CMake module files
[4.669s] Level 1:colcon.colcon_core.environment:checking '/home/ibrahim/tasc_science/install/science_bringup' for CMake config files
[4.669s] Level 1:colcon.colcon_core.shell:create_environment_hook('science_bringup', 'cmake_prefix_path')
[4.669s] INFO:colcon.colcon_core.shell:Creating environment hook '/home/ibrahim/tasc_science/install/science_bringup/share/science_bringup/hook/cmake_prefix_path.ps1'
[4.670s] INFO:colcon.colcon_core.shell:Creating environment descriptor '/home/ibrahim/tasc_science/install/science_bringup/share/science_bringup/hook/cmake_prefix_path.dsv'
[4.670s] INFO:colcon.colcon_core.shell:Creating environment hook '/home/ibrahim/tasc_science/install/science_bringup/share/science_bringup/hook/cmake_prefix_path.sh'
[4.671s] Level 1:colcon.colcon_core.environment:checking '/home/ibrahim/tasc_science/install/science_bringup/bin'
[4.671s] Level 1:colcon.colcon_core.environment:checking '/home/ibrahim/tasc_science/install/science_bringup/lib/pkgconfig/science_bringup.pc'
[4.671s] Level 1:colcon.colcon_core.environment:checking '/home/ibrahim/tasc_science/install/science_bringup/lib/python3.10/site-packages'
[4.671s] Level 1:colcon.colcon_core.environment:checking '/home/ibrahim/tasc_science/install/science_bringup/bin'
[4.672s] INFO:colcon.colcon_core.shell:Creating package script '/home/ibrahim/tasc_science/install/science_bringup/share/science_bringup/package.ps1'
[4.672s] INFO:colcon.colcon_core.shell:Creating package descriptor '/home/ibrahim/tasc_science/install/science_bringup/share/science_bringup/package.dsv'
[4.673s] INFO:colcon.colcon_core.shell:Creating package script '/home/ibrahim/tasc_science/install/science_bringup/share/science_bringup/package.sh'
[4.673s] INFO:colcon.colcon_core.shell:Creating package script '/home/ibrahim/tasc_science/install/science_bringup/share/science_bringup/package.bash'
[4.674s] INFO:colcon.colcon_core.shell:Creating package script '/home/ibrahim/tasc_science/install/science_bringup/share/science_bringup/package.zsh'
[4.674s] Level 1:colcon.colcon_core.environment:create_file_with_runtime_dependencies(/home/ibrahim/tasc_science/install/science_bringup/share/colcon-core/packages/science_bringup)
[4.674s] DEBUG:colcon.colcon_parallel_executor.executor.parallel:closing loop
[4.675s] DEBUG:colcon.colcon_parallel_executor.executor.parallel:loop closed
[4.675s] DEBUG:colcon.colcon_parallel_executor.executor.parallel:run_until_complete finished with '0'
[4.675s] DEBUG:colcon.colcon_core.event_reactor:joining thread
[4.682s] INFO:colcon.colcon_core.plugin_system:Skipping extension 'colcon_notification.desktop_notification.terminal_notifier': Not used on non-Darwin systems
[4.682s] INFO:colcon.colcon_core.plugin_system:Skipping extension 'colcon_notification.desktop_notification.win32': Not used on non-Windows systems
[4.682s] INFO:colcon.colcon_notification.desktop_notification:Sending desktop notification using 'notify2'
[4.698s] DEBUG:colcon.colcon_core.event_reactor:joined thread
[4.698s] INFO:colcon.colcon_core.shell:Creating prefix script '/home/ibrahim/tasc_science/install/local_setup.ps1'
[4.699s] INFO:colcon.colcon_core.shell:Creating prefix util module '/home/ibrahim/tasc_science/install/_local_setup_util_ps1.py'
[4.701s] INFO:colcon.colcon_core.shell:Creating prefix chain script '/home/ibrahim/tasc_science/install/setup.ps1'
[4.702s] INFO:colcon.colcon_core.shell:Creating prefix script '/home/ibrahim/tasc_science/install/local_setup.sh'
[4.702s] INFO:colcon.colcon_core.shell:Creating prefix util module '/home/ibrahim/tasc_science/install/_local_setup_util_sh.py'
[4.703s] INFO:colcon.colcon_core.shell:Creating prefix chain script '/home/ibrahim/tasc_science/install/setup.sh'
[4.704s] INFO:colcon.colcon_core.shell:Creating prefix script '/home/ibrahim/tasc_science/install/local_setup.bash'
[4.705s] INFO:colcon.colcon_core.shell:Creating prefix chain script '/home/ibrahim/tasc_science/install/setup.bash'
[4.706s] INFO:colcon.colcon_core.shell:Creating prefix script '/home/ibrahim/tasc_science/install/local_setup.zsh'
[4.707s] INFO:colcon.colcon_core.shell:Creating prefix chain script '/home/ibrahim/tasc_science/install/setup.zsh'
