[0.009s] Invoking command in '/home/ibrahim/tasc_science/build/science_control': CMAKE_PREFIX_PATH=${CMAKE_PREFIX_PATH}:/opt/ros/humble /usr/bin/cmake --build /home/ibrahim/tasc_science/build/science_control -- -j4 -l4
[0.050s] [35m[1mConsolidate compiler generated dependencies of target keyboard_teleop[0m
[0.063s] [ 75%] Built target science_2026
[0.063s] [100%] Built target keyboard_teleop
[0.072s] Invoked command in '/home/ibrahim/tasc_science/build/science_control' returned '0': CMAKE_PREFIX_PATH=${CMAKE_PREFIX_PATH}:/opt/ros/humble /usr/bin/cmake --build /home/ibrahim/tasc_science/build/science_control -- -j4 -l4
[0.085s] Invoking command in '/home/ibrahim/tasc_science/build/science_control': CMAKE_PREFIX_PATH=${CMAKE_PREFIX_PATH}:/opt/ros/humble /usr/bin/cmake --install /home/ibrahim/tasc_science/build/science_control
[0.088s] -- Install configuration: ""
[0.089s] -- Execute custom install script
[0.089s] -- Up-to-date symlink: /home/ibrahim/tasc_science/install/science_control/share/science_control//plugin.xml
[0.089s] -- Up-to-date symlink: /home/ibrahim/tasc_science/install/science_control/include/science_control/science_2026_system.hpp
[0.090s] -- Up-to-date symlink: /home/ibrahim/tasc_science/install/science_control/share/science_control/config/controllers.yaml
[0.090s] -- Up-to-date symlink: /home/ibrahim/tasc_science/install/science_control/share/science_control/plugin.xml
[0.090s] -- Up-to-date symlink: /home/ibrahim/tasc_science/install/science_control/share/science_control/environment/library_path.sh
[0.090s] -- Up-to-date symlink: /home/ibrahim/tasc_science/install/science_control/share/science_control/environment/library_path.dsv
[0.091s] -- Up-to-date symlink: /home/ibrahim/tasc_science/install/science_control/share/ament_index/resource_index/package_run_dependencies/science_control
[0.091s] -- Up-to-date symlink: /home/ibrahim/tasc_science/install/science_control/share/ament_index/resource_index/parent_prefix_path/science_control
[0.091s] -- Up-to-date symlink: /home/ibrahim/tasc_science/install/science_control/share/science_control/environment/ament_prefix_path.sh
[0.091s] -- Up-to-date symlink: /home/ibrahim/tasc_science/install/science_control/share/science_control/environment/ament_prefix_path.dsv
[0.092s] -- Up-to-date symlink: /home/ibrahim/tasc_science/install/science_control/share/science_control/environment/path.sh
[0.092s] -- Up-to-date symlink: /home/ibrahim/tasc_science/install/science_control/share/science_control/environment/path.dsv
[0.092s] -- Up-to-date symlink: /home/ibrahim/tasc_science/install/science_control/share/science_control/local_setup.bash
[0.092s] -- Up-to-date symlink: /home/ibrahim/tasc_science/install/science_control/share/science_control/local_setup.sh
[0.093s] -- Up-to-date symlink: /home/ibrahim/tasc_science/install/science_control/share/science_control/local_setup.zsh
[0.093s] -- Up-to-date symlink: /home/ibrahim/tasc_science/install/science_control/share/science_control/local_setup.dsv
[0.093s] -- Symlinking: /home/ibrahim/tasc_science/install/science_control/share/science_control/package.dsv
[0.102s] -- Up-to-date symlink: /home/ibrahim/tasc_science/install/science_control/share/ament_index/resource_index/packages/science_control
[0.102s] -- Up-to-date symlink: /home/ibrahim/tasc_science/install/science_control/share/ament_index/resource_index/hardware_interface__pluginlib__plugin/science_control
[0.102s] -- Up-to-date symlink: /home/ibrahim/tasc_science/install/science_control/share/science_control/cmake/ament_cmake_export_targets-extras.cmake
[0.102s] -- Up-to-date symlink: /home/ibrahim/tasc_science/install/science_control/share/science_control/cmake/ament_cmake_export_dependencies-extras.cmake
[0.103s] -- Up-to-date symlink: /home/ibrahim/tasc_science/install/science_control/share/science_control/cmake/science_controlConfig.cmake
[0.103s] -- Up-to-date symlink: /home/ibrahim/tasc_science/install/science_control/share/science_control/cmake/science_controlConfig-version.cmake
[0.103s] -- Up-to-date symlink: /home/ibrahim/tasc_science/install/science_control/share/science_control/package.xml
[0.103s] -- Up-to-date: /home/ibrahim/tasc_science/install/science_control/lib/libscience_2026.so
[0.104s] -- Up-to-date: /home/ibrahim/tasc_science/install/science_control/lib/science_control/keyboard_teleop
[0.104s] -- Up-to-date: /home/ibrahim/tasc_science/install/science_control/share/science_control/cmake/export_science_controlExport.cmake
[0.104s] -- Up-to-date: /home/ibrahim/tasc_science/install/science_control/share/science_control/cmake/export_science_controlExport-noconfig.cmake
[0.108s] Invoked command in '/home/ibrahim/tasc_science/build/science_control' returned '0': CMAKE_PREFIX_PATH=${CMAKE_PREFIX_PATH}:/opt/ros/humble /usr/bin/cmake --install /home/ibrahim/tasc_science/build/science_control
