[0.023s] Invoking command in '/home/ibrahim/tasc_science/build/science_description': AMENT_PREFIX_PATH=/home/ibrahim/tasc_science/install/science_control:${AMENT_PREFIX_PATH} CMAKE_PREFIX_PATH=/home/ibrahim/tasc_science/install/science_control:/opt/ros/humble LD_LIBRARY_PATH=/home/ibrahim/tasc_science/install/science_control/lib:${LD_LIBRARY_PATH} /usr/bin/cmake /home/ibrahim/tasc_science/src/science_description -DAMENT_CMAKE_SYMLINK_INSTALL=1 -DCMAKE_INSTALL_PREFIX=/home/ibrahim/tasc_science/install/science_description
[0.161s] -- The C compiler identification is GNU 11.4.0
[0.261s] -- The CXX compiler identification is GNU 11.4.0
[0.281s] -- Detecting C compiler ABI info
[0.417s] -- Detecting C compiler ABI info - done
[0.441s] -- Check for working C compiler: /usr/bin/cc - skipped
[0.442s] -- Detecting C compile features
[0.443s] -- Detecting C compile features - done
[0.452s] -- Detecting CXX compiler ABI info
[0.636s] -- Detecting CXX compiler ABI info - done
[0.650s] -- Check for working CXX compiler: /usr/bin/c++ - skipped
[0.650s] -- Detecting CXX compile features
[0.651s] -- Detecting CXX compile features - done
[0.655s] -- Found ament_cmake: 1.3.12 (/opt/ros/humble/share/ament_cmake/cmake)
[0.994s] -- Found Python3: /usr/bin/python3 (found version "3.10.12") found components: Interpreter 
[1.185s] -- Override CMake install command with custom implementation using symlinks instead of copying resources
[1.408s] -- Configuring done
[1.414s] -- Generating done
[1.417s] -- Build files have been written to: /home/ibrahim/tasc_science/build/science_description
[1.432s] Invoked command in '/home/ibrahim/tasc_science/build/science_description' returned '0': AMENT_PREFIX_PATH=/home/ibrahim/tasc_science/install/science_control:${AMENT_PREFIX_PATH} CMAKE_PREFIX_PATH=/home/ibrahim/tasc_science/install/science_control:/opt/ros/humble LD_LIBRARY_PATH=/home/ibrahim/tasc_science/install/science_control/lib:${LD_LIBRARY_PATH} /usr/bin/cmake /home/ibrahim/tasc_science/src/science_description -DAMENT_CMAKE_SYMLINK_INSTALL=1 -DCMAKE_INSTALL_PREFIX=/home/ibrahim/tasc_science/install/science_description
[1.439s] Invoking command in '/home/ibrahim/tasc_science/build/science_description': AMENT_PREFIX_PATH=/home/ibrahim/tasc_science/install/science_control:${AMENT_PREFIX_PATH} CMAKE_PREFIX_PATH=/home/ibrahim/tasc_science/install/science_control:/opt/ros/humble LD_LIBRARY_PATH=/home/ibrahim/tasc_science/install/science_control/lib:${LD_LIBRARY_PATH} /usr/bin/cmake --build /home/ibrahim/tasc_science/build/science_description -- -j4 -l4
[1.563s] Invoked command in '/home/ibrahim/tasc_science/build/science_description' returned '0': AMENT_PREFIX_PATH=/home/ibrahim/tasc_science/install/science_control:${AMENT_PREFIX_PATH} CMAKE_PREFIX_PATH=/home/ibrahim/tasc_science/install/science_control:/opt/ros/humble LD_LIBRARY_PATH=/home/ibrahim/tasc_science/install/science_control/lib:${LD_LIBRARY_PATH} /usr/bin/cmake --build /home/ibrahim/tasc_science/build/science_description -- -j4 -l4
[1.571s] Invoking command in '/home/ibrahim/tasc_science/build/science_description': AMENT_PREFIX_PATH=/home/ibrahim/tasc_science/install/science_control:${AMENT_PREFIX_PATH} CMAKE_PREFIX_PATH=/home/ibrahim/tasc_science/install/science_control:/opt/ros/humble LD_LIBRARY_PATH=/home/ibrahim/tasc_science/install/science_control/lib:${LD_LIBRARY_PATH} /usr/bin/cmake --install /home/ibrahim/tasc_science/build/science_description
[1.594s] -- Install configuration: ""
[1.595s] -- Execute custom install script
[1.596s] -- Symlinking: /home/ibrahim/tasc_science/install/science_description/share/science_description/urdf/science_2026.urdf.xacro
[1.626s] -- Symlinking: /home/ibrahim/tasc_science/install/science_description/share/ament_index/resource_index/package_run_dependencies/science_description
[1.649s] -- Symlinking: /home/ibrahim/tasc_science/install/science_description/share/ament_index/resource_index/parent_prefix_path/science_description
[1.672s] -- Symlinking: /home/ibrahim/tasc_science/install/science_description/share/science_description/environment/ament_prefix_path.sh
[1.722s] -- Symlinking: /home/ibrahim/tasc_science/install/science_description/share/science_description/environment/ament_prefix_path.dsv
[1.750s] -- Symlinking: /home/ibrahim/tasc_science/install/science_description/share/science_description/environment/path.sh
[1.776s] -- Symlinking: /home/ibrahim/tasc_science/install/science_description/share/science_description/environment/path.dsv
[1.801s] -- Symlinking: /home/ibrahim/tasc_science/install/science_description/share/science_description/local_setup.bash
[1.825s] -- Symlinking: /home/ibrahim/tasc_science/install/science_description/share/science_description/local_setup.sh
[1.848s] -- Symlinking: /home/ibrahim/tasc_science/install/science_description/share/science_description/local_setup.zsh
[1.874s] -- Symlinking: /home/ibrahim/tasc_science/install/science_description/share/science_description/local_setup.dsv
[1.901s] -- Symlinking: /home/ibrahim/tasc_science/install/science_description/share/science_description/package.dsv
[1.928s] -- Symlinking: /home/ibrahim/tasc_science/install/science_description/share/ament_index/resource_index/packages/science_description
[1.952s] -- Symlinking: /home/ibrahim/tasc_science/install/science_description/share/science_description/cmake/science_descriptionConfig.cmake
[1.980s] -- Symlinking: /home/ibrahim/tasc_science/install/science_description/share/science_description/cmake/science_descriptionConfig-version.cmake
[2.005s] -- Symlinking: /home/ibrahim/tasc_science/install/science_description/share/science_description/package.xml
[2.038s] Invoked command in '/home/ibrahim/tasc_science/build/science_description' returned '0': AMENT_PREFIX_PATH=/home/ibrahim/tasc_science/install/science_control:${AMENT_PREFIX_PATH} CMAKE_PREFIX_PATH=/home/ibrahim/tasc_science/install/science_control:/opt/ros/humble LD_LIBRARY_PATH=/home/ibrahim/tasc_science/install/science_control/lib:${LD_LIBRARY_PATH} /usr/bin/cmake --install /home/ibrahim/tasc_science/build/science_description
