[0.020s] Invoking command in '/home/ibrahim/tasc_science/build/science_control': CMAKE_PREFIX_PATH=/opt/ros/humble /usr/bin/cmake /home/ibrahim/tasc_science/src/science_control -DAMENT_CMAKE_SYMLINK_INSTALL=1 -DCMAKE_INSTALL_PREFIX=/home/ibrahim/tasc_science/install/science_control
[0.218s] -- The C compiler identification is GNU 11.4.0
[0.376s] -- The CXX compiler identification is GNU 11.4.0
[0.393s] -- Detecting C compiler ABI info
[0.568s] -- Detecting C compiler ABI info - done
[0.578s] -- Check for working C compiler: /usr/bin/cc - skipped
[0.579s] -- Detecting C compile features
[0.580s] -- Detecting C compile features - done
[0.622s] -- Detecting CXX compiler ABI info
[0.850s] -- Detecting CXX compiler ABI info - done
[0.868s] -- Check for working CXX compiler: /usr/bin/c++ - skipped
[0.868s] -- Detecting CXX compile features
[0.868s] -- Detecting CXX compile features - done
[0.869s] -- Found ament_cmake: 1.3.12 (/opt/ros/humble/share/ament_cmake/cmake)
[1.307s] -- Found Python3: /usr/bin/python3 (found version "3.10.12") found components: Interpreter 
[1.486s] -- Override CMake install command with custom implementation using symlinks instead of copying resources
[1.548s] -- Found rclcpp: 16.0.14 (/opt/ros/humble/share/rclcpp/cmake)
[1.667s] -- Found rosidl_generator_c: 3.1.7 (/opt/ros/humble/share/rosidl_generator_c/cmake)
[1.684s] -- Found rosidl_adapter: 3.1.7 (/opt/ros/humble/share/rosidl_adapter/cmake)
[1.714s] -- Found rosidl_generator_cpp: 3.1.7 (/opt/ros/humble/share/rosidl_generator_cpp/cmake)
[1.750s] -- Using all available rosidl_typesupport_c: rosidl_typesupport_fastrtps_c;rosidl_typesupport_introspection_c
[1.798s] -- Using all available rosidl_typesupport_cpp: rosidl_typesupport_fastrtps_cpp;rosidl_typesupport_introspection_cpp
[1.955s] -- Found rmw_implementation_cmake: 6.1.2 (/opt/ros/humble/share/rmw_implementation_cmake/cmake)
[1.970s] -- Found rmw_cyclonedds_cpp: 1.3.4 (/opt/ros/humble/share/rmw_cyclonedds_cpp/cmake)
[2.044s] -- Using RMW implementation 'rmw_cyclonedds_cpp' as default
[2.069s] -- Looking for pthread.h
[2.326s] -- Looking for pthread.h - found
[2.327s] -- Performing Test CMAKE_HAVE_LIBC_PTHREAD
[2.537s] -- Performing Test CMAKE_HAVE_LIBC_PTHREAD - Success
[2.537s] -- Found Threads: TRUE  
[2.704s] -- Found rclcpp_lifecycle: 16.0.14 (/opt/ros/humble/share/rclcpp_lifecycle/cmake)
[2.758s] -- Found hardware_interface: 2.51.0 (/opt/ros/humble/share/hardware_interface/cmake)
[3.271s] -- Configuring done
[3.437s] -- Generating done
[3.453s] -- Build files have been written to: /home/ibrahim/tasc_science/build/science_control
[3.472s] Invoked command in '/home/ibrahim/tasc_science/build/science_control' returned '0': CMAKE_PREFIX_PATH=/opt/ros/humble /usr/bin/cmake /home/ibrahim/tasc_science/src/science_control -DAMENT_CMAKE_SYMLINK_INSTALL=1 -DCMAKE_INSTALL_PREFIX=/home/ibrahim/tasc_science/install/science_control
[3.474s] Invoking command in '/home/ibrahim/tasc_science/build/science_control': CMAKE_PREFIX_PATH=/opt/ros/humble /usr/bin/cmake --build /home/ibrahim/tasc_science/build/science_control -- -j4 -l4
[3.576s] [ 25%] [32mBuilding CXX object CMakeFiles/science_2026_keyboard_teleop.dir/teleop/science_2026_keyboard_teleop.cpp.o[0m
[3.579s] [ 50%] [32mBuilding CXX object CMakeFiles/science_2026.dir/src/science_2026_system.cpp.o[0m
[20.645s] [ 75%] [32m[1mLinking CXX shared library libscience_2026.so[0m
[21.362s] [ 75%] Built target science_2026
[31.835s] [100%] [32m[1mLinking CXX executable science_2026_keyboard_teleop[0m
[32.624s] [100%] Built target science_2026_keyboard_teleop
[32.647s] Invoked command in '/home/ibrahim/tasc_science/build/science_control' returned '0': CMAKE_PREFIX_PATH=/opt/ros/humble /usr/bin/cmake --build /home/ibrahim/tasc_science/build/science_control -- -j4 -l4
[32.669s] Invoking command in '/home/ibrahim/tasc_science/build/science_control': CMAKE_PREFIX_PATH=/opt/ros/humble /usr/bin/cmake --install /home/ibrahim/tasc_science/build/science_control
[32.683s] -- Install configuration: ""
[32.684s] -- Execute custom install script
[32.685s] -- Symlinking: /home/ibrahim/tasc_science/install/science_control/share/science_control//plugin.xml
[32.713s] -- Symlinking: /home/ibrahim/tasc_science/install/science_control/include/science_control/science_2026_system.hpp
[32.730s] -- Symlinking: /home/ibrahim/tasc_science/install/science_control/share/science_control/config/controllers.yaml
[32.749s] -- Up-to-date symlink: /home/ibrahim/tasc_science/install/science_control/share/science_control/plugin.xml
[32.749s] -- Symlinking: /home/ibrahim/tasc_science/install/science_control/share/science_control/environment/library_path.sh
[32.767s] -- Symlinking: /home/ibrahim/tasc_science/install/science_control/share/science_control/environment/library_path.dsv
[32.784s] -- Symlinking: /home/ibrahim/tasc_science/install/science_control/share/ament_index/resource_index/package_run_dependencies/science_control
[32.803s] -- Symlinking: /home/ibrahim/tasc_science/install/science_control/share/ament_index/resource_index/parent_prefix_path/science_control
[32.827s] -- Symlinking: /home/ibrahim/tasc_science/install/science_control/share/science_control/environment/ament_prefix_path.sh
[32.853s] -- Symlinking: /home/ibrahim/tasc_science/install/science_control/share/science_control/environment/ament_prefix_path.dsv
[32.870s] -- Symlinking: /home/ibrahim/tasc_science/install/science_control/share/science_control/environment/path.sh
[32.887s] -- Symlinking: /home/ibrahim/tasc_science/install/science_control/share/science_control/environment/path.dsv
[32.906s] -- Symlinking: /home/ibrahim/tasc_science/install/science_control/share/science_control/local_setup.bash
[32.926s] -- Symlinking: /home/ibrahim/tasc_science/install/science_control/share/science_control/local_setup.sh
[32.941s] -- Symlinking: /home/ibrahim/tasc_science/install/science_control/share/science_control/local_setup.zsh
[32.955s] -- Symlinking: /home/ibrahim/tasc_science/install/science_control/share/science_control/local_setup.dsv
[32.971s] -- Symlinking: /home/ibrahim/tasc_science/install/science_control/share/science_control/package.dsv
[32.993s] -- Symlinking: /home/ibrahim/tasc_science/install/science_control/share/ament_index/resource_index/packages/science_control
[33.021s] -- Symlinking: /home/ibrahim/tasc_science/install/science_control/share/ament_index/resource_index/hardware_interface__pluginlib__plugin/science_control
[33.038s] -- Symlinking: /home/ibrahim/tasc_science/install/science_control/share/science_control/cmake/ament_cmake_export_targets-extras.cmake
[33.064s] -- Symlinking: /home/ibrahim/tasc_science/install/science_control/share/science_control/cmake/ament_cmake_export_dependencies-extras.cmake
[33.080s] -- Symlinking: /home/ibrahim/tasc_science/install/science_control/share/science_control/cmake/science_controlConfig.cmake
[33.113s] -- Symlinking: /home/ibrahim/tasc_science/install/science_control/share/science_control/cmake/science_controlConfig-version.cmake
[33.131s] -- Symlinking: /home/ibrahim/tasc_science/install/science_control/share/science_control/package.xml
[33.155s] -- Installing: /home/ibrahim/tasc_science/install/science_control/lib/libscience_2026.so
[33.156s] -- Set runtime path of "/home/ibrahim/tasc_science/install/science_control/lib/libscience_2026.so" to ""
[33.156s] -- Installing: /home/ibrahim/tasc_science/install/science_control/lib/science_control/science_2026_keyboard_teleop
[33.164s] -- Set runtime path of "/home/ibrahim/tasc_science/install/science_control/lib/science_control/science_2026_keyboard_teleop" to ""
[33.168s] -- Installing: /home/ibrahim/tasc_science/install/science_control/share/science_control/cmake/export_science_controlExport.cmake
[33.168s] -- Installing: /home/ibrahim/tasc_science/install/science_control/share/science_control/cmake/export_science_controlExport-noconfig.cmake
[33.173s] Invoked command in '/home/ibrahim/tasc_science/build/science_control' returned '0': CMAKE_PREFIX_PATH=/opt/ros/humble /usr/bin/cmake --install /home/ibrahim/tasc_science/build/science_control
