[0.282s] DEBUG:colcon:Command line arguments: ['/usr/bin/colcon', 'build', '--symlink-install']
[0.283s] DEBUG:colcon:Parsed command line arguments: Namespace(log_base=None, log_level=None, verb_name='build', build_base='build', install_base='install', merge_install=False, symlink_install=True, test_result_base=None, continue_on_error=False, executor='parallel', parallel_workers=4, event_handlers=None, ignore_user_meta=False, metas=['./colcon.meta'], base_paths=['.'], packages_ignore=None, packages_ignore_regex=None, paths=None, packages_up_to=None, packages_up_to_regex=None, packages_above=None, packages_above_and_dependencies=None, packages_above_depth=None, packages_select_by_dep=None, packages_skip_by_dep=None, packages_skip_up_to=None, packages_select_build_failed=False, packages_skip_build_finished=False, packages_select_test_failures=False, packages_skip_test_passed=False, packages_select=None, packages_skip=None, packages_select_regex=None, packages_skip_regex=None, packages_start=None, packages_end=None, allow_overriding=[], cmake_args=None, cmake_target=None, cmake_target_skip_unavailable=False, cmake_clean_cache=False, cmake_clean_first=False, cmake_force_configure=False, ament_cmake_args=None, catkin_cmake_args=None, catkin_skip_building_tests=False, mixin_files=None, mixin=None, verb_parser=<colcon_mixin.mixin.mixin_argument.MixinArgumentDecorator object at 0x702b5375a3b0>, verb_extension=<colcon_core.verb.build.BuildVerb object at 0x702b5384b310>, main=<bound method BuildVerb.main of <colcon_core.verb.build.BuildVerb object at 0x702b5384b310>>, mixin_verb=('build',))
[0.812s] Level 1:colcon.colcon_core.package_discovery:discover_packages(colcon_meta) check parameters
[0.812s] Level 1:colcon.colcon_core.package_discovery:discover_packages(recursive) check parameters
[0.812s] Level 1:colcon.colcon_core.package_discovery:discover_packages(ignore) check parameters
[0.812s] Level 1:colcon.colcon_core.package_discovery:discover_packages(path) check parameters
[0.812s] Level 1:colcon.colcon_core.package_discovery:discover_packages(colcon_meta) discover
[0.813s] Level 1:colcon.colcon_core.package_discovery:discover_packages(recursive) discover
[0.813s] INFO:colcon.colcon_core.package_discovery:Crawling recursively for packages in '/home/ibrahim/tasc_science'
[0.813s] Level 1:colcon.colcon_core.package_identification:_identify(.) by extensions ['ignore', 'ignore_ament_install']
[0.813s] Level 1:colcon.colcon_core.package_identification:_identify(.) by extension 'ignore'
[0.813s] Level 1:colcon.colcon_core.package_identification:_identify(.) by extension 'ignore_ament_install'
[0.813s] Level 1:colcon.colcon_core.package_identification:_identify(.) by extensions ['colcon_pkg']
[0.813s] Level 1:colcon.colcon_core.package_identification:_identify(.) by extension 'colcon_pkg'
[0.813s] Level 1:colcon.colcon_core.package_identification:_identify(.) by extensions ['colcon_meta']
[0.813s] Level 1:colcon.colcon_core.package_identification:_identify(.) by extension 'colcon_meta'
[0.813s] Level 1:colcon.colcon_core.package_identification:_identify(.) by extensions ['ros']
[0.814s] Level 1:colcon.colcon_core.package_identification:_identify(.) by extension 'ros'
[0.836s] Level 1:colcon.colcon_core.package_identification:_identify(.) by extensions ['cmake', 'python']
[0.836s] Level 1:colcon.colcon_core.package_identification:_identify(.) by extension 'cmake'
[0.836s] Level 1:colcon.colcon_core.package_identification:_identify(.) by extension 'python'
[0.836s] Level 1:colcon.colcon_core.package_identification:_identify(.) by extensions ['python_setup_py']
[0.837s] Level 1:colcon.colcon_core.package_identification:_identify(.) by extension 'python_setup_py'
[0.837s] Level 1:colcon.colcon_core.package_identification:_identify(build) by extensions ['ignore', 'ignore_ament_install']
[0.837s] Level 1:colcon.colcon_core.package_identification:_identify(build) by extension 'ignore'
[0.837s] Level 1:colcon.colcon_core.package_identification:_identify(build) ignored
[0.837s] Level 1:colcon.colcon_core.package_identification:_identify(install) by extensions ['ignore', 'ignore_ament_install']
[0.837s] Level 1:colcon.colcon_core.package_identification:_identify(install) by extension 'ignore'
[0.837s] Level 1:colcon.colcon_core.package_identification:_identify(install) ignored
[0.838s] Level 1:colcon.colcon_core.package_identification:_identify(log) by extensions ['ignore', 'ignore_ament_install']
[0.838s] Level 1:colcon.colcon_core.package_identification:_identify(log) by extension 'ignore'
[0.838s] Level 1:colcon.colcon_core.package_identification:_identify(log) ignored
[0.838s] Level 1:colcon.colcon_core.package_identification:_identify(src) by extensions ['ignore', 'ignore_ament_install']
[0.838s] Level 1:colcon.colcon_core.package_identification:_identify(src) by extension 'ignore'
[0.838s] Level 1:colcon.colcon_core.package_identification:_identify(src) by extension 'ignore_ament_install'
[0.838s] Level 1:colcon.colcon_core.package_identification:_identify(src) by extensions ['colcon_pkg']
[0.838s] Level 1:colcon.colcon_core.package_identification:_identify(src) by extension 'colcon_pkg'
[0.838s] Level 1:colcon.colcon_core.package_identification:_identify(src) by extensions ['colcon_meta']
[0.838s] Level 1:colcon.colcon_core.package_identification:_identify(src) by extension 'colcon_meta'
[0.838s] Level 1:colcon.colcon_core.package_identification:_identify(src) by extensions ['ros']
[0.838s] Level 1:colcon.colcon_core.package_identification:_identify(src) by extension 'ros'
[0.838s] Level 1:colcon.colcon_core.package_identification:_identify(src) by extensions ['cmake', 'python']
[0.838s] Level 1:colcon.colcon_core.package_identification:_identify(src) by extension 'cmake'
[0.838s] Level 1:colcon.colcon_core.package_identification:_identify(src) by extension 'python'
[0.838s] Level 1:colcon.colcon_core.package_identification:_identify(src) by extensions ['python_setup_py']
[0.838s] Level 1:colcon.colcon_core.package_identification:_identify(src) by extension 'python_setup_py'
[0.839s] Level 1:colcon.colcon_core.package_identification:_identify(src/science_bringup) by extensions ['ignore', 'ignore_ament_install']
[0.839s] Level 1:colcon.colcon_core.package_identification:_identify(src/science_bringup) by extension 'ignore'
[0.839s] Level 1:colcon.colcon_core.package_identification:_identify(src/science_bringup) by extension 'ignore_ament_install'
[0.839s] Level 1:colcon.colcon_core.package_identification:_identify(src/science_bringup) by extensions ['colcon_pkg']
[0.839s] Level 1:colcon.colcon_core.package_identification:_identify(src/science_bringup) by extension 'colcon_pkg'
[0.839s] Level 1:colcon.colcon_core.package_identification:_identify(src/science_bringup) by extensions ['colcon_meta']
[0.839s] Level 1:colcon.colcon_core.package_identification:_identify(src/science_bringup) by extension 'colcon_meta'
[0.839s] Level 1:colcon.colcon_core.package_identification:_identify(src/science_bringup) by extensions ['ros']
[0.839s] Level 1:colcon.colcon_core.package_identification:_identify(src/science_bringup) by extension 'ros'
[0.843s] DEBUG:colcon.colcon_core.package_identification:Package 'src/science_bringup' with type 'ros.ament_cmake' and name 'science_bringup'
[0.844s] Level 1:colcon.colcon_core.package_identification:_identify(src/science_control) by extensions ['ignore', 'ignore_ament_install']
[0.844s] Level 1:colcon.colcon_core.package_identification:_identify(src/science_control) by extension 'ignore'
[0.844s] Level 1:colcon.colcon_core.package_identification:_identify(src/science_control) by extension 'ignore_ament_install'
[0.844s] Level 1:colcon.colcon_core.package_identification:_identify(src/science_control) by extensions ['colcon_pkg']
[0.844s] Level 1:colcon.colcon_core.package_identification:_identify(src/science_control) by extension 'colcon_pkg'
[0.844s] Level 1:colcon.colcon_core.package_identification:_identify(src/science_control) by extensions ['colcon_meta']
[0.844s] Level 1:colcon.colcon_core.package_identification:_identify(src/science_control) by extension 'colcon_meta'
[0.844s] Level 1:colcon.colcon_core.package_identification:_identify(src/science_control) by extensions ['ros']
[0.844s] Level 1:colcon.colcon_core.package_identification:_identify(src/science_control) by extension 'ros'
[0.845s] DEBUG:colcon.colcon_core.package_identification:Package 'src/science_control' with type 'ros.ament_cmake' and name 'science_control'
[0.846s] Level 1:colcon.colcon_core.package_identification:_identify(src/science_description) by extensions ['ignore', 'ignore_ament_install']
[0.846s] Level 1:colcon.colcon_core.package_identification:_identify(src/science_description) by extension 'ignore'
[0.846s] Level 1:colcon.colcon_core.package_identification:_identify(src/science_description) by extension 'ignore_ament_install'
[0.846s] Level 1:colcon.colcon_core.package_identification:_identify(src/science_description) by extensions ['colcon_pkg']
[0.846s] Level 1:colcon.colcon_core.package_identification:_identify(src/science_description) by extension 'colcon_pkg'
[0.846s] Level 1:colcon.colcon_core.package_identification:_identify(src/science_description) by extensions ['colcon_meta']
[0.846s] Level 1:colcon.colcon_core.package_identification:_identify(src/science_description) by extension 'colcon_meta'
[0.846s] Level 1:colcon.colcon_core.package_identification:_identify(src/science_description) by extensions ['ros']
[0.846s] Level 1:colcon.colcon_core.package_identification:_identify(src/science_description) by extension 'ros'
[0.847s] DEBUG:colcon.colcon_core.package_identification:Package 'src/science_description' with type 'ros.ament_cmake' and name 'science_description'
[0.847s] Level 1:colcon.colcon_core.package_discovery:discover_packages(recursive) using defaults
[0.847s] Level 1:colcon.colcon_core.package_discovery:discover_packages(ignore) discover
[0.847s] Level 1:colcon.colcon_core.package_discovery:discover_packages(ignore) using defaults
[0.847s] Level 1:colcon.colcon_core.package_discovery:discover_packages(path) discover
[0.847s] Level 1:colcon.colcon_core.package_discovery:discover_packages(path) using defaults
[0.919s] Level 1:colcon.colcon_core.package_discovery:discover_packages(prefix_path) check parameters
[0.919s] Level 1:colcon.colcon_core.package_discovery:discover_packages(prefix_path) discover
[0.923s] DEBUG:colcon.colcon_installed_package_information.package_discovery:Found 3 installed packages in /home/ibrahim/tasc_science/install
[0.925s] DEBUG:colcon.colcon_installed_package_information.package_discovery:Found 433 installed packages in /opt/ros/humble
[0.928s] Level 1:colcon.colcon_core.package_discovery:discover_packages(prefix_path) using defaults
[1.052s] Level 5:colcon.colcon_core.verb:set package 'science_control' build argument 'cmake_args' from command line to 'None'
[1.053s] Level 5:colcon.colcon_core.verb:set package 'science_control' build argument 'cmake_target' from command line to 'None'
[1.053s] Level 5:colcon.colcon_core.verb:set package 'science_control' build argument 'cmake_target_skip_unavailable' from command line to 'False'
[1.053s] Level 5:colcon.colcon_core.verb:set package 'science_control' build argument 'cmake_clean_cache' from command line to 'False'
[1.053s] Level 5:colcon.colcon_core.verb:set package 'science_control' build argument 'cmake_clean_first' from command line to 'False'
[1.053s] Level 5:colcon.colcon_core.verb:set package 'science_control' build argument 'cmake_force_configure' from command line to 'False'
[1.053s] Level 5:colcon.colcon_core.verb:set package 'science_control' build argument 'ament_cmake_args' from command line to 'None'
[1.054s] Level 5:colcon.colcon_core.verb:set package 'science_control' build argument 'catkin_cmake_args' from command line to 'None'
[1.054s] Level 5:colcon.colcon_core.verb:set package 'science_control' build argument 'catkin_skip_building_tests' from command line to 'False'
[1.054s] DEBUG:colcon.colcon_core.verb:Building package 'science_control' with the following arguments: {'ament_cmake_args': None, 'build_base': '/home/ibrahim/tasc_science/build/science_control', 'catkin_cmake_args': None, 'catkin_skip_building_tests': False, 'cmake_args': None, 'cmake_clean_cache': False, 'cmake_clean_first': False, 'cmake_force_configure': False, 'cmake_target': None, 'cmake_target_skip_unavailable': False, 'install_base': '/home/ibrahim/tasc_science/install/science_control', 'merge_install': False, 'path': '/home/ibrahim/tasc_science/src/science_control', 'symlink_install': True, 'test_result_base': None}
[1.056s] Level 5:colcon.colcon_core.verb:set package 'science_description' build argument 'cmake_args' from command line to 'None'
[1.056s] Level 5:colcon.colcon_core.verb:set package 'science_description' build argument 'cmake_target' from command line to 'None'
[1.056s] Level 5:colcon.colcon_core.verb:set package 'science_description' build argument 'cmake_target_skip_unavailable' from command line to 'False'
[1.056s] Level 5:colcon.colcon_core.verb:set package 'science_description' build argument 'cmake_clean_cache' from command line to 'False'
[1.056s] Level 5:colcon.colcon_core.verb:set package 'science_description' build argument 'cmake_clean_first' from command line to 'False'
[1.057s] Level 5:colcon.colcon_core.verb:set package 'science_description' build argument 'cmake_force_configure' from command line to 'False'
[1.057s] Level 5:colcon.colcon_core.verb:set package 'science_description' build argument 'ament_cmake_args' from command line to 'None'
[1.057s] Level 5:colcon.colcon_core.verb:set package 'science_description' build argument 'catkin_cmake_args' from command line to 'None'
[1.057s] Level 5:colcon.colcon_core.verb:set package 'science_description' build argument 'catkin_skip_building_tests' from command line to 'False'
[1.057s] DEBUG:colcon.colcon_core.verb:Building package 'science_description' with the following arguments: {'ament_cmake_args': None, 'build_base': '/home/ibrahim/tasc_science/build/science_description', 'catkin_cmake_args': None, 'catkin_skip_building_tests': False, 'cmake_args': None, 'cmake_clean_cache': False, 'cmake_clean_first': False, 'cmake_force_configure': False, 'cmake_target': None, 'cmake_target_skip_unavailable': False, 'install_base': '/home/ibrahim/tasc_science/install/science_description', 'merge_install': False, 'path': '/home/ibrahim/tasc_science/src/science_description', 'symlink_install': True, 'test_result_base': None}
[1.059s] Level 5:colcon.colcon_core.verb:set package 'science_bringup' build argument 'cmake_args' from command line to 'None'
[1.059s] Level 5:colcon.colcon_core.verb:set package 'science_bringup' build argument 'cmake_target' from command line to 'None'
[1.059s] Level 5:colcon.colcon_core.verb:set package 'science_bringup' build argument 'cmake_target_skip_unavailable' from command line to 'False'
[1.059s] Level 5:colcon.colcon_core.verb:set package 'science_bringup' build argument 'cmake_clean_cache' from command line to 'False'
[1.059s] Level 5:colcon.colcon_core.verb:set package 'science_bringup' build argument 'cmake_clean_first' from command line to 'False'
[1.059s] Level 5:colcon.colcon_core.verb:set package 'science_bringup' build argument 'cmake_force_configure' from command line to 'False'
[1.059s] Level 5:colcon.colcon_core.verb:set package 'science_bringup' build argument 'ament_cmake_args' from command line to 'None'
[1.059s] Level 5:colcon.colcon_core.verb:set package 'science_bringup' build argument 'catkin_cmake_args' from command line to 'None'
[1.059s] Level 5:colcon.colcon_core.verb:set package 'science_bringup' build argument 'catkin_skip_building_tests' from command line to 'False'
[1.059s] DEBUG:colcon.colcon_core.verb:Building package 'science_bringup' with the following arguments: {'ament_cmake_args': None, 'build_base': '/home/ibrahim/tasc_science/build/science_bringup', 'catkin_cmake_args': None, 'catkin_skip_building_tests': False, 'cmake_args': None, 'cmake_clean_cache': False, 'cmake_clean_first': False, 'cmake_force_configure': False, 'cmake_target': None, 'cmake_target_skip_unavailable': False, 'install_base': '/home/ibrahim/tasc_science/install/science_bringup', 'merge_install': False, 'path': '/home/ibrahim/tasc_science/src/science_bringup', 'symlink_install': True, 'test_result_base': None}
[1.060s] INFO:colcon.colcon_core.executor:Executing jobs using 'parallel' executor
[1.063s] DEBUG:colcon.colcon_parallel_executor.executor.parallel:run_until_complete
[1.064s] INFO:colcon.colcon_ros.task.ament_cmake.build:Building ROS package in '/home/ibrahim/tasc_science/src/science_control' with build type 'ament_cmake'
[1.065s] INFO:colcon.colcon_cmake.task.cmake.build:Building CMake package in '/home/ibrahim/tasc_science/src/science_control'
[1.077s] INFO:colcon.colcon_core.plugin_system:Skipping extension 'colcon_core.shell.bat': Not used on non-Windows systems
[1.077s] INFO:colcon.colcon_core.shell:Skip shell extension 'powershell' for command environment: Not usable outside of PowerShell
[1.077s] DEBUG:colcon.colcon_core.shell:Skip shell extension 'dsv' for command environment
[1.110s] DEBUG:colcon.colcon_core.event_handler.log_command:Invoking command in '/home/ibrahim/tasc_science/build/science_control': CMAKE_PREFIX_PATH=${CMAKE_PREFIX_PATH}:/opt/ros/humble /usr/bin/cmake --build /home/ibrahim/tasc_science/build/science_control -- -j4 -l4
[1.355s] DEBUG:colcon.colcon_core.event_handler.log_command:Invoked command in '/home/ibrahim/tasc_science/build/science_control' returned '0': CMAKE_PREFIX_PATH=${CMAKE_PREFIX_PATH}:/opt/ros/humble /usr/bin/cmake --build /home/ibrahim/tasc_science/build/science_control -- -j4 -l4
[1.375s] DEBUG:colcon.colcon_core.event_handler.log_command:Invoking command in '/home/ibrahim/tasc_science/build/science_control': CMAKE_PREFIX_PATH=${CMAKE_PREFIX_PATH}:/opt/ros/humble /usr/bin/cmake --install /home/ibrahim/tasc_science/build/science_control
[1.425s] Level 1:colcon.colcon_core.environment:create_environment_scripts_only(science_control)
[1.426s] DEBUG:colcon.colcon_core.event_handler.log_command:Invoked command in '/home/ibrahim/tasc_science/build/science_control' returned '0': CMAKE_PREFIX_PATH=${CMAKE_PREFIX_PATH}:/opt/ros/humble /usr/bin/cmake --install /home/ibrahim/tasc_science/build/science_control
[1.430s] Level 1:colcon.colcon_core.environment:checking '/home/ibrahim/tasc_science/install/science_control' for CMake module files
[1.431s] Level 1:colcon.colcon_core.environment:checking '/home/ibrahim/tasc_science/install/science_control' for CMake config files
[1.431s] Level 1:colcon.colcon_core.shell:create_environment_hook('science_control', 'cmake_prefix_path')
[1.432s] INFO:colcon.colcon_core.shell:Creating environment hook '/home/ibrahim/tasc_science/install/science_control/share/science_control/hook/cmake_prefix_path.ps1'
[1.433s] INFO:colcon.colcon_core.shell:Creating environment descriptor '/home/ibrahim/tasc_science/install/science_control/share/science_control/hook/cmake_prefix_path.dsv'
[1.435s] INFO:colcon.colcon_core.shell:Creating environment hook '/home/ibrahim/tasc_science/install/science_control/share/science_control/hook/cmake_prefix_path.sh'
[1.438s] Level 1:colcon.colcon_core.environment:checking '/home/ibrahim/tasc_science/install/science_control/lib'
[1.438s] Level 1:colcon.colcon_core.shell:create_environment_hook('science_control', 'ld_library_path_lib')
[1.439s] INFO:colcon.colcon_core.shell:Creating environment hook '/home/ibrahim/tasc_science/install/science_control/share/science_control/hook/ld_library_path_lib.ps1'
[1.441s] INFO:colcon.colcon_core.shell:Creating environment descriptor '/home/ibrahim/tasc_science/install/science_control/share/science_control/hook/ld_library_path_lib.dsv'
[1.442s] INFO:colcon.colcon_core.shell:Creating environment hook '/home/ibrahim/tasc_science/install/science_control/share/science_control/hook/ld_library_path_lib.sh'
[1.443s] Level 1:colcon.colcon_core.environment:checking '/home/ibrahim/tasc_science/install/science_control/bin'
[1.443s] Level 1:colcon.colcon_core.environment:checking '/home/ibrahim/tasc_science/install/science_control/lib/pkgconfig/science_control.pc'
[1.444s] Level 1:colcon.colcon_core.environment:checking '/home/ibrahim/tasc_science/install/science_control/lib/python3.10/site-packages'
[1.444s] Level 1:colcon.colcon_core.environment:checking '/home/ibrahim/tasc_science/install/science_control/bin'
[1.445s] INFO:colcon.colcon_core.shell:Creating package script '/home/ibrahim/tasc_science/install/science_control/share/science_control/package.ps1'
[1.446s] INFO:colcon.colcon_core.shell:Creating package descriptor '/home/ibrahim/tasc_science/install/science_control/share/science_control/package.dsv'
[1.447s] INFO:colcon.colcon_core.shell:Creating package script '/home/ibrahim/tasc_science/install/science_control/share/science_control/package.sh'
[1.448s] INFO:colcon.colcon_core.shell:Creating package script '/home/ibrahim/tasc_science/install/science_control/share/science_control/package.bash'
[1.449s] INFO:colcon.colcon_core.shell:Creating package script '/home/ibrahim/tasc_science/install/science_control/share/science_control/package.zsh'
[1.453s] Level 1:colcon.colcon_core.environment:create_file_with_runtime_dependencies(/home/ibrahim/tasc_science/install/science_control/share/colcon-core/packages/science_control)
[1.456s] Level 1:colcon.colcon_core.environment:create_environment_scripts_only(science_control)
[1.457s] Level 1:colcon.colcon_core.environment:checking '/home/ibrahim/tasc_science/install/science_control' for CMake module files
[1.458s] Level 1:colcon.colcon_core.environment:checking '/home/ibrahim/tasc_science/install/science_control' for CMake config files
[1.459s] Level 1:colcon.colcon_core.shell:create_environment_hook('science_control', 'cmake_prefix_path')
[1.460s] INFO:colcon.colcon_core.shell:Creating environment hook '/home/ibrahim/tasc_science/install/science_control/share/science_control/hook/cmake_prefix_path.ps1'
[1.461s] INFO:colcon.colcon_core.shell:Creating environment descriptor '/home/ibrahim/tasc_science/install/science_control/share/science_control/hook/cmake_prefix_path.dsv'
[1.462s] INFO:colcon.colcon_core.shell:Creating environment hook '/home/ibrahim/tasc_science/install/science_control/share/science_control/hook/cmake_prefix_path.sh'
[1.463s] Level 1:colcon.colcon_core.environment:checking '/home/ibrahim/tasc_science/install/science_control/lib'
[1.463s] Level 1:colcon.colcon_core.shell:create_environment_hook('science_control', 'ld_library_path_lib')
[1.464s] INFO:colcon.colcon_core.shell:Creating environment hook '/home/ibrahim/tasc_science/install/science_control/share/science_control/hook/ld_library_path_lib.ps1'
[1.465s] INFO:colcon.colcon_core.shell:Creating environment descriptor '/home/ibrahim/tasc_science/install/science_control/share/science_control/hook/ld_library_path_lib.dsv'
[1.467s] INFO:colcon.colcon_core.shell:Creating environment hook '/home/ibrahim/tasc_science/install/science_control/share/science_control/hook/ld_library_path_lib.sh'
[1.469s] Level 1:colcon.colcon_core.environment:checking '/home/ibrahim/tasc_science/install/science_control/bin'
[1.470s] Level 1:colcon.colcon_core.environment:checking '/home/ibrahim/tasc_science/install/science_control/lib/pkgconfig/science_control.pc'
[1.471s] Level 1:colcon.colcon_core.environment:checking '/home/ibrahim/tasc_science/install/science_control/lib/python3.10/site-packages'
[1.471s] Level 1:colcon.colcon_core.environment:checking '/home/ibrahim/tasc_science/install/science_control/bin'
[1.473s] INFO:colcon.colcon_core.shell:Creating package script '/home/ibrahim/tasc_science/install/science_control/share/science_control/package.ps1'
[1.477s] INFO:colcon.colcon_core.shell:Creating package descriptor '/home/ibrahim/tasc_science/install/science_control/share/science_control/package.dsv'
[1.480s] INFO:colcon.colcon_core.shell:Creating package script '/home/ibrahim/tasc_science/install/science_control/share/science_control/package.sh'
[1.482s] INFO:colcon.colcon_core.shell:Creating package script '/home/ibrahim/tasc_science/install/science_control/share/science_control/package.bash'
[1.484s] INFO:colcon.colcon_core.shell:Creating package script '/home/ibrahim/tasc_science/install/science_control/share/science_control/package.zsh'
[1.487s] Level 1:colcon.colcon_core.environment:create_file_with_runtime_dependencies(/home/ibrahim/tasc_science/install/science_control/share/colcon-core/packages/science_control)
[1.492s] INFO:colcon.colcon_ros.task.ament_cmake.build:Building ROS package in '/home/ibrahim/tasc_science/src/science_description' with build type 'ament_cmake'
[1.497s] INFO:colcon.colcon_cmake.task.cmake.build:Building CMake package in '/home/ibrahim/tasc_science/src/science_description'
[1.497s] INFO:colcon.colcon_core.shell:Skip shell extension 'powershell' for command environment: Not usable outside of PowerShell
[1.498s] DEBUG:colcon.colcon_core.shell:Skip shell extension 'dsv' for command environment
[1.565s] DEBUG:colcon.colcon_core.event_handler.log_command:Invoking command in '/home/ibrahim/tasc_science/build/science_description': CMAKE_PREFIX_PATH=/home/ibrahim/tasc_science/install/science_control:/home/ibrahim/tasc_science/install/science_bringup:/home/ibrahim/tasc_science/install/science_description:/opt/ros/humble /usr/bin/cmake --build /home/ibrahim/tasc_science/build/science_description -- -j4 -l4
[1.686s] DEBUG:colcon.colcon_core.event_handler.log_command:Invoked command in '/home/ibrahim/tasc_science/build/science_description' returned '0': CMAKE_PREFIX_PATH=/home/ibrahim/tasc_science/install/science_control:/home/ibrahim/tasc_science/install/science_bringup:/home/ibrahim/tasc_science/install/science_description:/opt/ros/humble /usr/bin/cmake --build /home/ibrahim/tasc_science/build/science_description -- -j4 -l4
[1.691s] DEBUG:colcon.colcon_core.event_handler.log_command:Invoking command in '/home/ibrahim/tasc_science/build/science_description': CMAKE_PREFIX_PATH=/home/ibrahim/tasc_science/install/science_control:/home/ibrahim/tasc_science/install/science_bringup:/home/ibrahim/tasc_science/install/science_description:/opt/ros/humble /usr/bin/cmake --install /home/ibrahim/tasc_science/build/science_description
[1.745s] Level 1:colcon.colcon_core.environment:create_environment_scripts_only(science_description)
[1.746s] DEBUG:colcon.colcon_core.event_handler.log_command:Invoked command in '/home/ibrahim/tasc_science/build/science_description' returned '0': CMAKE_PREFIX_PATH=/home/ibrahim/tasc_science/install/science_control:/home/ibrahim/tasc_science/install/science_bringup:/home/ibrahim/tasc_science/install/science_description:/opt/ros/humble /usr/bin/cmake --install /home/ibrahim/tasc_science/build/science_description
[1.747s] Level 1:colcon.colcon_core.environment:checking '/home/ibrahim/tasc_science/install/science_description' for CMake module files
[1.748s] Level 1:colcon.colcon_core.environment:checking '/home/ibrahim/tasc_science/install/science_description' for CMake config files
[1.748s] Level 1:colcon.colcon_core.shell:create_environment_hook('science_description', 'cmake_prefix_path')
[1.748s] INFO:colcon.colcon_core.shell:Creating environment hook '/home/ibrahim/tasc_science/install/science_description/share/science_description/hook/cmake_prefix_path.ps1'
[1.750s] INFO:colcon.colcon_core.shell:Creating environment descriptor '/home/ibrahim/tasc_science/install/science_description/share/science_description/hook/cmake_prefix_path.dsv'
[1.751s] INFO:colcon.colcon_core.shell:Creating environment hook '/home/ibrahim/tasc_science/install/science_description/share/science_description/hook/cmake_prefix_path.sh'
[1.753s] Level 1:colcon.colcon_core.environment:checking '/home/ibrahim/tasc_science/install/science_description/bin'
[1.753s] Level 1:colcon.colcon_core.environment:checking '/home/ibrahim/tasc_science/install/science_description/lib/pkgconfig/science_description.pc'
[1.754s] Level 1:colcon.colcon_core.environment:checking '/home/ibrahim/tasc_science/install/science_description/lib/python3.10/site-packages'
[1.754s] Level 1:colcon.colcon_core.environment:checking '/home/ibrahim/tasc_science/install/science_description/bin'
[1.755s] INFO:colcon.colcon_core.shell:Creating package script '/home/ibrahim/tasc_science/install/science_description/share/science_description/package.ps1'
[1.758s] INFO:colcon.colcon_core.shell:Creating package descriptor '/home/ibrahim/tasc_science/install/science_description/share/science_description/package.dsv'
[1.759s] INFO:colcon.colcon_core.shell:Creating package script '/home/ibrahim/tasc_science/install/science_description/share/science_description/package.sh'
[1.760s] INFO:colcon.colcon_core.shell:Creating package script '/home/ibrahim/tasc_science/install/science_description/share/science_description/package.bash'
[1.760s] INFO:colcon.colcon_core.shell:Creating package script '/home/ibrahim/tasc_science/install/science_description/share/science_description/package.zsh'
[1.761s] Level 1:colcon.colcon_core.environment:create_file_with_runtime_dependencies(/home/ibrahim/tasc_science/install/science_description/share/colcon-core/packages/science_description)
[1.762s] Level 1:colcon.colcon_core.environment:create_environment_scripts_only(science_description)
[1.763s] Level 1:colcon.colcon_core.environment:checking '/home/ibrahim/tasc_science/install/science_description' for CMake module files
[1.765s] Level 1:colcon.colcon_core.environment:checking '/home/ibrahim/tasc_science/install/science_description' for CMake config files
[1.765s] Level 1:colcon.colcon_core.shell:create_environment_hook('science_description', 'cmake_prefix_path')
[1.765s] INFO:colcon.colcon_core.shell:Creating environment hook '/home/ibrahim/tasc_science/install/science_description/share/science_description/hook/cmake_prefix_path.ps1'
[1.766s] INFO:colcon.colcon_core.shell:Creating environment descriptor '/home/ibrahim/tasc_science/install/science_description/share/science_description/hook/cmake_prefix_path.dsv'
[1.767s] INFO:colcon.colcon_core.shell:Creating environment hook '/home/ibrahim/tasc_science/install/science_description/share/science_description/hook/cmake_prefix_path.sh'
[1.770s] Level 1:colcon.colcon_core.environment:checking '/home/ibrahim/tasc_science/install/science_description/bin'
[1.770s] Level 1:colcon.colcon_core.environment:checking '/home/ibrahim/tasc_science/install/science_description/lib/pkgconfig/science_description.pc'
[1.770s] Level 1:colcon.colcon_core.environment:checking '/home/ibrahim/tasc_science/install/science_description/lib/python3.10/site-packages'
[1.771s] Level 1:colcon.colcon_core.environment:checking '/home/ibrahim/tasc_science/install/science_description/bin'
[1.771s] INFO:colcon.colcon_core.shell:Creating package script '/home/ibrahim/tasc_science/install/science_description/share/science_description/package.ps1'
[1.772s] INFO:colcon.colcon_core.shell:Creating package descriptor '/home/ibrahim/tasc_science/install/science_description/share/science_description/package.dsv'
[1.774s] INFO:colcon.colcon_core.shell:Creating package script '/home/ibrahim/tasc_science/install/science_description/share/science_description/package.sh'
[1.774s] INFO:colcon.colcon_core.shell:Creating package script '/home/ibrahim/tasc_science/install/science_description/share/science_description/package.bash'
[1.775s] INFO:colcon.colcon_core.shell:Creating package script '/home/ibrahim/tasc_science/install/science_description/share/science_description/package.zsh'
[1.776s] Level 1:colcon.colcon_core.environment:create_file_with_runtime_dependencies(/home/ibrahim/tasc_science/install/science_description/share/colcon-core/packages/science_description)
[1.777s] INFO:colcon.colcon_ros.task.ament_cmake.build:Building ROS package in '/home/ibrahim/tasc_science/src/science_bringup' with build type 'ament_cmake'
[1.777s] INFO:colcon.colcon_cmake.task.cmake.build:Building CMake package in '/home/ibrahim/tasc_science/src/science_bringup'
[1.778s] INFO:colcon.colcon_core.shell:Skip shell extension 'powershell' for command environment: Not usable outside of PowerShell
[1.778s] DEBUG:colcon.colcon_core.shell:Skip shell extension 'dsv' for command environment
[1.818s] DEBUG:colcon.colcon_core.event_handler.log_command:Invoking command in '/home/ibrahim/tasc_science/build/science_bringup': CMAKE_PREFIX_PATH=/home/ibrahim/tasc_science/install/science_description:/home/ibrahim/tasc_science/install/science_control:/home/ibrahim/tasc_science/install/science_bringup:/opt/ros/humble /usr/bin/cmake --build /home/ibrahim/tasc_science/build/science_bringup -- -j4 -l4
[1.921s] DEBUG:colcon.colcon_core.event_handler.log_command:Invoked command in '/home/ibrahim/tasc_science/build/science_bringup' returned '0': CMAKE_PREFIX_PATH=/home/ibrahim/tasc_science/install/science_description:/home/ibrahim/tasc_science/install/science_control:/home/ibrahim/tasc_science/install/science_bringup:/opt/ros/humble /usr/bin/cmake --build /home/ibrahim/tasc_science/build/science_bringup -- -j4 -l4
[1.923s] DEBUG:colcon.colcon_core.event_handler.log_command:Invoking command in '/home/ibrahim/tasc_science/build/science_bringup': CMAKE_PREFIX_PATH=/home/ibrahim/tasc_science/install/science_description:/home/ibrahim/tasc_science/install/science_control:/home/ibrahim/tasc_science/install/science_bringup:/opt/ros/humble /usr/bin/cmake --install /home/ibrahim/tasc_science/build/science_bringup
[1.972s] Level 1:colcon.colcon_core.environment:create_environment_scripts_only(science_bringup)
[1.973s] Level 1:colcon.colcon_core.environment:checking '/home/ibrahim/tasc_science/install/science_bringup' for CMake module files
[1.974s] DEBUG:colcon.colcon_core.event_handler.log_command:Invoked command in '/home/ibrahim/tasc_science/build/science_bringup' returned '0': CMAKE_PREFIX_PATH=/home/ibrahim/tasc_science/install/science_description:/home/ibrahim/tasc_science/install/science_control:/home/ibrahim/tasc_science/install/science_bringup:/opt/ros/humble /usr/bin/cmake --install /home/ibrahim/tasc_science/build/science_bringup
[1.976s] Level 1:colcon.colcon_core.environment:checking '/home/ibrahim/tasc_science/install/science_bringup' for CMake config files
[1.977s] Level 1:colcon.colcon_core.shell:create_environment_hook('science_bringup', 'cmake_prefix_path')
[1.978s] INFO:colcon.colcon_core.shell:Creating environment hook '/home/ibrahim/tasc_science/install/science_bringup/share/science_bringup/hook/cmake_prefix_path.ps1'
[1.980s] INFO:colcon.colcon_core.shell:Creating environment descriptor '/home/ibrahim/tasc_science/install/science_bringup/share/science_bringup/hook/cmake_prefix_path.dsv'
[1.981s] INFO:colcon.colcon_core.shell:Creating environment hook '/home/ibrahim/tasc_science/install/science_bringup/share/science_bringup/hook/cmake_prefix_path.sh'
[1.982s] Level 1:colcon.colcon_core.environment:checking '/home/ibrahim/tasc_science/install/science_bringup/bin'
[1.983s] Level 1:colcon.colcon_core.environment:checking '/home/ibrahim/tasc_science/install/science_bringup/lib/pkgconfig/science_bringup.pc'
[1.983s] Level 1:colcon.colcon_core.environment:checking '/home/ibrahim/tasc_science/install/science_bringup/lib/python3.10/site-packages'
[1.984s] Level 1:colcon.colcon_core.environment:checking '/home/ibrahim/tasc_science/install/science_bringup/bin'
[1.984s] INFO:colcon.colcon_core.shell:Creating package script '/home/ibrahim/tasc_science/install/science_bringup/share/science_bringup/package.ps1'
[1.988s] INFO:colcon.colcon_core.shell:Creating package descriptor '/home/ibrahim/tasc_science/install/science_bringup/share/science_bringup/package.dsv'
[1.988s] INFO:colcon.colcon_core.shell:Creating package script '/home/ibrahim/tasc_science/install/science_bringup/share/science_bringup/package.sh'
[1.990s] INFO:colcon.colcon_core.shell:Creating package script '/home/ibrahim/tasc_science/install/science_bringup/share/science_bringup/package.bash'
[1.991s] INFO:colcon.colcon_core.shell:Creating package script '/home/ibrahim/tasc_science/install/science_bringup/share/science_bringup/package.zsh'
[1.992s] Level 1:colcon.colcon_core.environment:create_file_with_runtime_dependencies(/home/ibrahim/tasc_science/install/science_bringup/share/colcon-core/packages/science_bringup)
[1.994s] Level 1:colcon.colcon_core.environment:create_environment_scripts_only(science_bringup)
[1.995s] Level 1:colcon.colcon_core.environment:checking '/home/ibrahim/tasc_science/install/science_bringup' for CMake module files
[1.996s] Level 1:colcon.colcon_core.environment:checking '/home/ibrahim/tasc_science/install/science_bringup' for CMake config files
[1.996s] Level 1:colcon.colcon_core.shell:create_environment_hook('science_bringup', 'cmake_prefix_path')
[1.997s] INFO:colcon.colcon_core.shell:Creating environment hook '/home/ibrahim/tasc_science/install/science_bringup/share/science_bringup/hook/cmake_prefix_path.ps1'
[1.998s] INFO:colcon.colcon_core.shell:Creating environment descriptor '/home/ibrahim/tasc_science/install/science_bringup/share/science_bringup/hook/cmake_prefix_path.dsv'
[1.999s] INFO:colcon.colcon_core.shell:Creating environment hook '/home/ibrahim/tasc_science/install/science_bringup/share/science_bringup/hook/cmake_prefix_path.sh'
[2.003s] Level 1:colcon.colcon_core.environment:checking '/home/ibrahim/tasc_science/install/science_bringup/bin'
[2.003s] Level 1:colcon.colcon_core.environment:checking '/home/ibrahim/tasc_science/install/science_bringup/lib/pkgconfig/science_bringup.pc'
[2.004s] Level 1:colcon.colcon_core.environment:checking '/home/ibrahim/tasc_science/install/science_bringup/lib/python3.10/site-packages'
[2.005s] Level 1:colcon.colcon_core.environment:checking '/home/ibrahim/tasc_science/install/science_bringup/bin'
[2.006s] INFO:colcon.colcon_core.shell:Creating package script '/home/ibrahim/tasc_science/install/science_bringup/share/science_bringup/package.ps1'
[2.010s] INFO:colcon.colcon_core.shell:Creating package descriptor '/home/ibrahim/tasc_science/install/science_bringup/share/science_bringup/package.dsv'
[2.013s] INFO:colcon.colcon_core.shell:Creating package script '/home/ibrahim/tasc_science/install/science_bringup/share/science_bringup/package.sh'
[2.016s] INFO:colcon.colcon_core.shell:Creating package script '/home/ibrahim/tasc_science/install/science_bringup/share/science_bringup/package.bash'
[2.018s] INFO:colcon.colcon_core.shell:Creating package script '/home/ibrahim/tasc_science/install/science_bringup/share/science_bringup/package.zsh'
[2.020s] Level 1:colcon.colcon_core.environment:create_file_with_runtime_dependencies(/home/ibrahim/tasc_science/install/science_bringup/share/colcon-core/packages/science_bringup)
[2.022s] DEBUG:colcon.colcon_parallel_executor.executor.parallel:closing loop
[2.024s] DEBUG:colcon.colcon_parallel_executor.executor.parallel:loop closed
[2.024s] DEBUG:colcon.colcon_parallel_executor.executor.parallel:run_until_complete finished with '0'
[2.025s] DEBUG:colcon.colcon_core.event_reactor:joining thread
[2.041s] INFO:colcon.colcon_core.plugin_system:Skipping extension 'colcon_notification.desktop_notification.terminal_notifier': Not used on non-Darwin systems
[2.042s] INFO:colcon.colcon_core.plugin_system:Skipping extension 'colcon_notification.desktop_notification.win32': Not used on non-Windows systems
[2.042s] INFO:colcon.colcon_notification.desktop_notification:Sending desktop notification using 'notify2'
[2.089s] DEBUG:colcon.colcon_core.event_reactor:joined thread
[2.091s] INFO:colcon.colcon_core.shell:Creating prefix script '/home/ibrahim/tasc_science/install/local_setup.ps1'
[2.096s] INFO:colcon.colcon_core.shell:Creating prefix util module '/home/ibrahim/tasc_science/install/_local_setup_util_ps1.py'
[2.101s] INFO:colcon.colcon_core.shell:Creating prefix chain script '/home/ibrahim/tasc_science/install/setup.ps1'
[2.107s] INFO:colcon.colcon_core.shell:Creating prefix script '/home/ibrahim/tasc_science/install/local_setup.sh'
[2.109s] INFO:colcon.colcon_core.shell:Creating prefix util module '/home/ibrahim/tasc_science/install/_local_setup_util_sh.py'
[2.111s] INFO:colcon.colcon_core.shell:Creating prefix chain script '/home/ibrahim/tasc_science/install/setup.sh'
[2.116s] INFO:colcon.colcon_core.shell:Creating prefix script '/home/ibrahim/tasc_science/install/local_setup.bash'
[2.118s] INFO:colcon.colcon_core.shell:Creating prefix chain script '/home/ibrahim/tasc_science/install/setup.bash'
[2.122s] INFO:colcon.colcon_core.shell:Creating prefix script '/home/ibrahim/tasc_science/install/local_setup.zsh'
[2.125s] INFO:colcon.colcon_core.shell:Creating prefix chain script '/home/ibrahim/tasc_science/install/setup.zsh'
