[0.013s] Invoking command in '/home/ibrahim/tasc_science/build/science_bringup': CMAKE_PREFIX_PATH=/home/ibrahim/tasc_science/install/science_description:/home/ibrahim/tasc_science/install/science_control:/home/ibrahim/tasc_science/install/science_bringup:/opt/ros/humble /usr/bin/cmake --build /home/ibrahim/tasc_science/build/science_bringup -- -j4 -l4
[0.049s] Invoked command in '/home/ibrahim/tasc_science/build/science_bringup' returned '0': CMAKE_PREFIX_PATH=/home/ibrahim/tasc_science/install/science_description:/home/ibrahim/tasc_science/install/science_control:/home/ibrahim/tasc_science/install/science_bringup:/opt/ros/humble /usr/bin/cmake --build /home/ibrahim/tasc_science/build/science_bringup -- -j4 -l4
[0.051s] Invoking command in '/home/ibrahim/tasc_science/build/science_bringup': CMAKE_PREFIX_PATH=/home/ibrahim/tasc_science/install/science_description:/home/ibrahim/tasc_science/install/science_control:/home/ibrahim/tasc_science/install/science_bringup:/opt/ros/humble /usr/bin/cmake --install /home/ibrahim/tasc_science/build/science_bringup
[0.057s] -- Install configuration: ""
[0.057s] -- Execute custom install script
[0.057s] -- Up-to-date symlink: /home/ibrahim/tasc_science/install/science_bringup/share/science_bringup/launch/bringup.launch.py
[0.058s] -- Up-to-date symlink: /home/ibrahim/tasc_science/install/science_bringup/share/ament_index/resource_index/package_run_dependencies/science_bringup
[0.058s] -- Up-to-date symlink: /home/ibrahim/tasc_science/install/science_bringup/share/ament_index/resource_index/parent_prefix_path/science_bringup
[0.058s] -- Up-to-date symlink: /home/ibrahim/tasc_science/install/science_bringup/share/science_bringup/environment/ament_prefix_path.sh
[0.058s] -- Up-to-date symlink: /home/ibrahim/tasc_science/install/science_bringup/share/science_bringup/environment/ament_prefix_path.dsv
[0.058s] -- Up-to-date symlink: /home/ibrahim/tasc_science/install/science_bringup/share/science_bringup/environment/path.sh
[0.060s] -- Up-to-date symlink: /home/ibrahim/tasc_science/install/science_bringup/share/science_bringup/environment/path.dsv
[0.060s] -- Up-to-date symlink: /home/ibrahim/tasc_science/install/science_bringup/share/science_bringup/local_setup.bash
[0.060s] -- Up-to-date symlink: /home/ibrahim/tasc_science/install/science_bringup/share/science_bringup/local_setup.sh
[0.060s] -- Up-to-date symlink: /home/ibrahim/tasc_science/install/science_bringup/share/science_bringup/local_setup.zsh
[0.060s] -- Up-to-date symlink: /home/ibrahim/tasc_science/install/science_bringup/share/science_bringup/local_setup.dsv
[0.060s] -- Symlinking: /home/ibrahim/tasc_science/install/science_bringup/share/science_bringup/package.dsv
[0.067s] -- Up-to-date symlink: /home/ibrahim/tasc_science/install/science_bringup/share/ament_index/resource_index/packages/science_bringup
[0.067s] -- Up-to-date symlink: /home/ibrahim/tasc_science/install/science_bringup/share/science_bringup/cmake/science_bringupConfig.cmake
[0.068s] -- Up-to-date symlink: /home/ibrahim/tasc_science/install/science_bringup/share/science_bringup/cmake/science_bringupConfig-version.cmake
[0.068s] -- Up-to-date symlink: /home/ibrahim/tasc_science/install/science_bringup/share/science_bringup/package.xml
[0.070s] Invoked command in '/home/ibrahim/tasc_science/build/science_bringup' returned '0': CMAKE_PREFIX_PATH=/home/ibrahim/tasc_science/install/science_description:/home/ibrahim/tasc_science/install/science_control:/home/ibrahim/tasc_science/install/science_bringup:/opt/ros/humble /usr/bin/cmake --install /home/ibrahim/tasc_science/build/science_bringup
