[0.351s] DEBUG:colcon:Command line arguments: ['/usr/bin/colcon', 'build', '--symlink-install']
[0.351s] DEBUG:colcon:Parsed command line arguments: Namespace(log_base=None, log_level=None, verb_name='build', build_base='build', install_base='install', merge_install=False, symlink_install=True, test_result_base=None, continue_on_error=False, executor='parallel', parallel_workers=4, event_handlers=None, ignore_user_meta=False, metas=['./colcon.meta'], base_paths=['.'], packages_ignore=None, packages_ignore_regex=None, paths=None, packages_up_to=None, packages_up_to_regex=None, packages_above=None, packages_above_and_dependencies=None, packages_above_depth=None, packages_select_by_dep=None, packages_skip_by_dep=None, packages_skip_up_to=None, packages_select_build_failed=False, packages_skip_build_finished=False, packages_select_test_failures=False, packages_skip_test_passed=False, packages_select=None, packages_skip=None, packages_select_regex=None, packages_skip_regex=None, packages_start=None, packages_end=None, allow_overriding=[], cmake_args=None, cmake_target=None, cmake_target_skip_unavailable=False, cmake_clean_cache=False, cmake_clean_first=False, cmake_force_configure=False, ament_cmake_args=None, catkin_cmake_args=None, catkin_skip_building_tests=False, mixin_files=None, mixin=None, verb_parser=<colcon_mixin.mixin.mixin_argument.MixinArgumentDecorator object at 0x70e3bae623b0>, verb_extension=<colcon_core.verb.build.BuildVerb object at 0x70e3baf4f310>, main=<bound method BuildVerb.main of <colcon_core.verb.build.BuildVerb object at 0x70e3baf4f310>>, mixin_verb=('build',))
[0.805s] Level 1:colcon.colcon_core.package_discovery:discover_packages(colcon_meta) check parameters
[0.805s] Level 1:colcon.colcon_core.package_discovery:discover_packages(recursive) check parameters
[0.806s] Level 1:colcon.colcon_core.package_discovery:discover_packages(ignore) check parameters
[0.806s] Level 1:colcon.colcon_core.package_discovery:discover_packages(path) check parameters
[0.806s] Level 1:colcon.colcon_core.package_discovery:discover_packages(colcon_meta) discover
[0.806s] Level 1:colcon.colcon_core.package_discovery:discover_packages(recursive) discover
[0.807s] INFO:colcon.colcon_core.package_discovery:Crawling recursively for packages in '/home/ibrahim/tasc_science'
[0.808s] Level 1:colcon.colcon_core.package_identification:_identify(.) by extensions ['ignore', 'ignore_ament_install']
[0.809s] Level 1:colcon.colcon_core.package_identification:_identify(.) by extension 'ignore'
[0.809s] Level 1:colcon.colcon_core.package_identification:_identify(.) by extension 'ignore_ament_install'
[0.809s] Level 1:colcon.colcon_core.package_identification:_identify(.) by extensions ['colcon_pkg']
[0.809s] Level 1:colcon.colcon_core.package_identification:_identify(.) by extension 'colcon_pkg'
[0.810s] Level 1:colcon.colcon_core.package_identification:_identify(.) by extensions ['colcon_meta']
[0.810s] Level 1:colcon.colcon_core.package_identification:_identify(.) by extension 'colcon_meta'
[0.810s] Level 1:colcon.colcon_core.package_identification:_identify(.) by extensions ['ros']
[0.810s] Level 1:colcon.colcon_core.package_identification:_identify(.) by extension 'ros'
[0.835s] Level 1:colcon.colcon_core.package_identification:_identify(.) by extensions ['cmake', 'python']
[0.835s] Level 1:colcon.colcon_core.package_identification:_identify(.) by extension 'cmake'
[0.836s] Level 1:colcon.colcon_core.package_identification:_identify(.) by extension 'python'
[0.836s] Level 1:colcon.colcon_core.package_identification:_identify(.) by extensions ['python_setup_py']
[0.836s] Level 1:colcon.colcon_core.package_identification:_identify(.) by extension 'python_setup_py'
[0.836s] Level 1:colcon.colcon_core.package_identification:_identify(build) by extensions ['ignore', 'ignore_ament_install']
[0.837s] Level 1:colcon.colcon_core.package_identification:_identify(build) by extension 'ignore'
[0.837s] Level 1:colcon.colcon_core.package_identification:_identify(build) ignored
[0.837s] Level 1:colcon.colcon_core.package_identification:_identify(install) by extensions ['ignore', 'ignore_ament_install']
[0.837s] Level 1:colcon.colcon_core.package_identification:_identify(install) by extension 'ignore'
[0.838s] Level 1:colcon.colcon_core.package_identification:_identify(install) ignored
[0.838s] Level 1:colcon.colcon_core.package_identification:_identify(log) by extensions ['ignore', 'ignore_ament_install']
[0.838s] Level 1:colcon.colcon_core.package_identification:_identify(log) by extension 'ignore'
[0.838s] Level 1:colcon.colcon_core.package_identification:_identify(log) ignored
[0.838s] Level 1:colcon.colcon_core.package_identification:_identify(src) by extensions ['ignore', 'ignore_ament_install']
[0.839s] Level 1:colcon.colcon_core.package_identification:_identify(src) by extension 'ignore'
[0.839s] Level 1:colcon.colcon_core.package_identification:_identify(src) by extension 'ignore_ament_install'
[0.839s] Level 1:colcon.colcon_core.package_identification:_identify(src) by extensions ['colcon_pkg']
[0.839s] Level 1:colcon.colcon_core.package_identification:_identify(src) by extension 'colcon_pkg'
[0.839s] Level 1:colcon.colcon_core.package_identification:_identify(src) by extensions ['colcon_meta']
[0.839s] Level 1:colcon.colcon_core.package_identification:_identify(src) by extension 'colcon_meta'
[0.839s] Level 1:colcon.colcon_core.package_identification:_identify(src) by extensions ['ros']
[0.839s] Level 1:colcon.colcon_core.package_identification:_identify(src) by extension 'ros'
[0.839s] Level 1:colcon.colcon_core.package_identification:_identify(src) by extensions ['cmake', 'python']
[0.839s] Level 1:colcon.colcon_core.package_identification:_identify(src) by extension 'cmake'
[0.840s] Level 1:colcon.colcon_core.package_identification:_identify(src) by extension 'python'
[0.840s] Level 1:colcon.colcon_core.package_identification:_identify(src) by extensions ['python_setup_py']
[0.840s] Level 1:colcon.colcon_core.package_identification:_identify(src) by extension 'python_setup_py'
[0.840s] Level 1:colcon.colcon_core.package_identification:_identify(src/science_bringup) by extensions ['ignore', 'ignore_ament_install']
[0.840s] Level 1:colcon.colcon_core.package_identification:_identify(src/science_bringup) by extension 'ignore'
[0.840s] Level 1:colcon.colcon_core.package_identification:_identify(src/science_bringup) by extension 'ignore_ament_install'
[0.841s] Level 1:colcon.colcon_core.package_identification:_identify(src/science_bringup) by extensions ['colcon_pkg']
[0.841s] Level 1:colcon.colcon_core.package_identification:_identify(src/science_bringup) by extension 'colcon_pkg'
[0.841s] Level 1:colcon.colcon_core.package_identification:_identify(src/science_bringup) by extensions ['colcon_meta']
[0.841s] Level 1:colcon.colcon_core.package_identification:_identify(src/science_bringup) by extension 'colcon_meta'
[0.841s] Level 1:colcon.colcon_core.package_identification:_identify(src/science_bringup) by extensions ['ros']
[0.841s] Level 1:colcon.colcon_core.package_identification:_identify(src/science_bringup) by extension 'ros'
[0.847s] DEBUG:colcon.colcon_core.package_identification:Package 'src/science_bringup' with type 'ros.ament_cmake' and name 'science_bringup'
[0.848s] Level 1:colcon.colcon_core.package_identification:_identify(src/science_control) by extensions ['ignore', 'ignore_ament_install']
[0.848s] Level 1:colcon.colcon_core.package_identification:_identify(src/science_control) by extension 'ignore'
[0.848s] Level 1:colcon.colcon_core.package_identification:_identify(src/science_control) by extension 'ignore_ament_install'
[0.848s] Level 1:colcon.colcon_core.package_identification:_identify(src/science_control) by extensions ['colcon_pkg']
[0.848s] Level 1:colcon.colcon_core.package_identification:_identify(src/science_control) by extension 'colcon_pkg'
[0.848s] Level 1:colcon.colcon_core.package_identification:_identify(src/science_control) by extensions ['colcon_meta']
[0.848s] Level 1:colcon.colcon_core.package_identification:_identify(src/science_control) by extension 'colcon_meta'
[0.848s] Level 1:colcon.colcon_core.package_identification:_identify(src/science_control) by extensions ['ros']
[0.848s] Level 1:colcon.colcon_core.package_identification:_identify(src/science_control) by extension 'ros'
[0.852s] DEBUG:colcon.colcon_core.package_identification:Package 'src/science_control' with type 'ros.ament_cmake' and name 'science_control'
[0.852s] Level 1:colcon.colcon_core.package_identification:_identify(src/science_description) by extensions ['ignore', 'ignore_ament_install']
[0.853s] Level 1:colcon.colcon_core.package_identification:_identify(src/science_description) by extension 'ignore'
[0.853s] Level 1:colcon.colcon_core.package_identification:_identify(src/science_description) by extension 'ignore_ament_install'
[0.853s] Level 1:colcon.colcon_core.package_identification:_identify(src/science_description) by extensions ['colcon_pkg']
[0.853s] Level 1:colcon.colcon_core.package_identification:_identify(src/science_description) by extension 'colcon_pkg'
[0.853s] Level 1:colcon.colcon_core.package_identification:_identify(src/science_description) by extensions ['colcon_meta']
[0.853s] Level 1:colcon.colcon_core.package_identification:_identify(src/science_description) by extension 'colcon_meta'
[0.853s] Level 1:colcon.colcon_core.package_identification:_identify(src/science_description) by extensions ['ros']
[0.853s] Level 1:colcon.colcon_core.package_identification:_identify(src/science_description) by extension 'ros'
[0.856s] DEBUG:colcon.colcon_core.package_identification:Package 'src/science_description' with type 'ros.ament_cmake' and name 'science_description'
[0.856s] Level 1:colcon.colcon_core.package_discovery:discover_packages(recursive) using defaults
[0.856s] Level 1:colcon.colcon_core.package_discovery:discover_packages(ignore) discover
[0.856s] Level 1:colcon.colcon_core.package_discovery:discover_packages(ignore) using defaults
[0.856s] Level 1:colcon.colcon_core.package_discovery:discover_packages(path) discover
[0.857s] Level 1:colcon.colcon_core.package_discovery:discover_packages(path) using defaults
[0.931s] Level 1:colcon.colcon_core.package_discovery:discover_packages(prefix_path) check parameters
[0.931s] Level 1:colcon.colcon_core.package_discovery:discover_packages(prefix_path) discover
[0.934s] DEBUG:colcon.colcon_installed_package_information.package_discovery:Found 3 installed packages in /home/ibrahim/tasc_science/install
[0.936s] DEBUG:colcon.colcon_installed_package_information.package_discovery:Found 433 installed packages in /opt/ros/humble
[0.942s] Level 1:colcon.colcon_core.package_discovery:discover_packages(prefix_path) using defaults
[1.040s] Level 5:colcon.colcon_core.verb:set package 'science_control' build argument 'cmake_args' from command line to 'None'
[1.041s] Level 5:colcon.colcon_core.verb:set package 'science_control' build argument 'cmake_target' from command line to 'None'
[1.041s] Level 5:colcon.colcon_core.verb:set package 'science_control' build argument 'cmake_target_skip_unavailable' from command line to 'False'
[1.041s] Level 5:colcon.colcon_core.verb:set package 'science_control' build argument 'cmake_clean_cache' from command line to 'False'
[1.041s] Level 5:colcon.colcon_core.verb:set package 'science_control' build argument 'cmake_clean_first' from command line to 'False'
[1.041s] Level 5:colcon.colcon_core.verb:set package 'science_control' build argument 'cmake_force_configure' from command line to 'False'
[1.041s] Level 5:colcon.colcon_core.verb:set package 'science_control' build argument 'ament_cmake_args' from command line to 'None'
[1.041s] Level 5:colcon.colcon_core.verb:set package 'science_control' build argument 'catkin_cmake_args' from command line to 'None'
[1.041s] Level 5:colcon.colcon_core.verb:set package 'science_control' build argument 'catkin_skip_building_tests' from command line to 'False'
[1.041s] DEBUG:colcon.colcon_core.verb:Building package 'science_control' with the following arguments: {'ament_cmake_args': None, 'build_base': '/home/ibrahim/tasc_science/build/science_control', 'catkin_cmake_args': None, 'catkin_skip_building_tests': False, 'cmake_args': None, 'cmake_clean_cache': False, 'cmake_clean_first': False, 'cmake_force_configure': False, 'cmake_target': None, 'cmake_target_skip_unavailable': False, 'install_base': '/home/ibrahim/tasc_science/install/science_control', 'merge_install': False, 'path': '/home/ibrahim/tasc_science/src/science_control', 'symlink_install': True, 'test_result_base': None}
[1.042s] Level 5:colcon.colcon_core.verb:set package 'science_description' build argument 'cmake_args' from command line to 'None'
[1.042s] Level 5:colcon.colcon_core.verb:set package 'science_description' build argument 'cmake_target' from command line to 'None'
[1.042s] Level 5:colcon.colcon_core.verb:set package 'science_description' build argument 'cmake_target_skip_unavailable' from command line to 'False'
[1.042s] Level 5:colcon.colcon_core.verb:set package 'science_description' build argument 'cmake_clean_cache' from command line to 'False'
[1.042s] Level 5:colcon.colcon_core.verb:set package 'science_description' build argument 'cmake_clean_first' from command line to 'False'
[1.042s] Level 5:colcon.colcon_core.verb:set package 'science_description' build argument 'cmake_force_configure' from command line to 'False'
[1.042s] Level 5:colcon.colcon_core.verb:set package 'science_description' build argument 'ament_cmake_args' from command line to 'None'
[1.043s] Level 5:colcon.colcon_core.verb:set package 'science_description' build argument 'catkin_cmake_args' from command line to 'None'
[1.043s] Level 5:colcon.colcon_core.verb:set package 'science_description' build argument 'catkin_skip_building_tests' from command line to 'False'
[1.043s] DEBUG:colcon.colcon_core.verb:Building package 'science_description' with the following arguments: {'ament_cmake_args': None, 'build_base': '/home/ibrahim/tasc_science/build/science_description', 'catkin_cmake_args': None, 'catkin_skip_building_tests': False, 'cmake_args': None, 'cmake_clean_cache': False, 'cmake_clean_first': False, 'cmake_force_configure': False, 'cmake_target': None, 'cmake_target_skip_unavailable': False, 'install_base': '/home/ibrahim/tasc_science/install/science_description', 'merge_install': False, 'path': '/home/ibrahim/tasc_science/src/science_description', 'symlink_install': True, 'test_result_base': None}
[1.043s] Level 5:colcon.colcon_core.verb:set package 'science_bringup' build argument 'cmake_args' from command line to 'None'
[1.043s] Level 5:colcon.colcon_core.verb:set package 'science_bringup' build argument 'cmake_target' from command line to 'None'
[1.044s] Level 5:colcon.colcon_core.verb:set package 'science_bringup' build argument 'cmake_target_skip_unavailable' from command line to 'False'
[1.044s] Level 5:colcon.colcon_core.verb:set package 'science_bringup' build argument 'cmake_clean_cache' from command line to 'False'
[1.044s] Level 5:colcon.colcon_core.verb:set package 'science_bringup' build argument 'cmake_clean_first' from command line to 'False'
[1.044s] Level 5:colcon.colcon_core.verb:set package 'science_bringup' build argument 'cmake_force_configure' from command line to 'False'
[1.044s] Level 5:colcon.colcon_core.verb:set package 'science_bringup' build argument 'ament_cmake_args' from command line to 'None'
[1.044s] Level 5:colcon.colcon_core.verb:set package 'science_bringup' build argument 'catkin_cmake_args' from command line to 'None'
[1.044s] Level 5:colcon.colcon_core.verb:set package 'science_bringup' build argument 'catkin_skip_building_tests' from command line to 'False'
[1.044s] DEBUG:colcon.colcon_core.verb:Building package 'science_bringup' with the following arguments: {'ament_cmake_args': None, 'build_base': '/home/ibrahim/tasc_science/build/science_bringup', 'catkin_cmake_args': None, 'catkin_skip_building_tests': False, 'cmake_args': None, 'cmake_clean_cache': False, 'cmake_clean_first': False, 'cmake_force_configure': False, 'cmake_target': None, 'cmake_target_skip_unavailable': False, 'install_base': '/home/ibrahim/tasc_science/install/science_bringup', 'merge_install': False, 'path': '/home/ibrahim/tasc_science/src/science_bringup', 'symlink_install': True, 'test_result_base': None}
[1.044s] INFO:colcon.colcon_core.executor:Executing jobs using 'parallel' executor
[1.047s] DEBUG:colcon.colcon_parallel_executor.executor.parallel:run_until_complete
[1.048s] INFO:colcon.colcon_ros.task.ament_cmake.build:Building ROS package in '/home/ibrahim/tasc_science/src/science_control' with build type 'ament_cmake'
[1.048s] INFO:colcon.colcon_cmake.task.cmake.build:Building CMake package in '/home/ibrahim/tasc_science/src/science_control'
[1.057s] INFO:colcon.colcon_core.plugin_system:Skipping extension 'colcon_core.shell.bat': Not used on non-Windows systems
[1.058s] INFO:colcon.colcon_core.shell:Skip shell extension 'powershell' for command environment: Not usable outside of PowerShell
[1.058s] DEBUG:colcon.colcon_core.shell:Skip shell extension 'dsv' for command environment
[1.095s] DEBUG:colcon.colcon_core.event_handler.log_command:Invoking command in '/home/ibrahim/tasc_science/build/science_control': CMAKE_PREFIX_PATH=${CMAKE_PREFIX_PATH}:/opt/ros/humble /usr/bin/cmake --build /home/ibrahim/tasc_science/build/science_control -- -j4 -l4
[8.954s] DEBUG:colcon.colcon_core.event_handler.log_command:Invoked command in '/home/ibrahim/tasc_science/build/science_control' returned '0': CMAKE_PREFIX_PATH=${CMAKE_PREFIX_PATH}:/opt/ros/humble /usr/bin/cmake --build /home/ibrahim/tasc_science/build/science_control -- -j4 -l4
[8.978s] DEBUG:colcon.colcon_core.event_handler.log_command:Invoking command in '/home/ibrahim/tasc_science/build/science_control': CMAKE_PREFIX_PATH=${CMAKE_PREFIX_PATH}:/opt/ros/humble /usr/bin/cmake --install /home/ibrahim/tasc_science/build/science_control
[9.049s] Level 1:colcon.colcon_core.environment:create_environment_scripts_only(science_control)
[9.051s] DEBUG:colcon.colcon_core.event_handler.log_command:Invoked command in '/home/ibrahim/tasc_science/build/science_control' returned '0': CMAKE_PREFIX_PATH=${CMAKE_PREFIX_PATH}:/opt/ros/humble /usr/bin/cmake --install /home/ibrahim/tasc_science/build/science_control
[9.063s] Level 1:colcon.colcon_core.environment:checking '/home/ibrahim/tasc_science/install/science_control' for CMake module files
[9.065s] Level 1:colcon.colcon_core.environment:checking '/home/ibrahim/tasc_science/install/science_control' for CMake config files
[9.066s] Level 1:colcon.colcon_core.shell:create_environment_hook('science_control', 'cmake_prefix_path')
[9.067s] INFO:colcon.colcon_core.shell:Creating environment hook '/home/ibrahim/tasc_science/install/science_control/share/science_control/hook/cmake_prefix_path.ps1'
[9.069s] INFO:colcon.colcon_core.shell:Creating environment descriptor '/home/ibrahim/tasc_science/install/science_control/share/science_control/hook/cmake_prefix_path.dsv'
[9.071s] INFO:colcon.colcon_core.shell:Creating environment hook '/home/ibrahim/tasc_science/install/science_control/share/science_control/hook/cmake_prefix_path.sh'
[9.075s] Level 1:colcon.colcon_core.environment:checking '/home/ibrahim/tasc_science/install/science_control/lib'
[9.076s] Level 1:colcon.colcon_core.shell:create_environment_hook('science_control', 'ld_library_path_lib')
[9.077s] INFO:colcon.colcon_core.shell:Creating environment hook '/home/ibrahim/tasc_science/install/science_control/share/science_control/hook/ld_library_path_lib.ps1'
[9.082s] INFO:colcon.colcon_core.shell:Creating environment descriptor '/home/ibrahim/tasc_science/install/science_control/share/science_control/hook/ld_library_path_lib.dsv'
[9.088s] INFO:colcon.colcon_core.shell:Creating environment hook '/home/ibrahim/tasc_science/install/science_control/share/science_control/hook/ld_library_path_lib.sh'
[9.091s] Level 1:colcon.colcon_core.environment:checking '/home/ibrahim/tasc_science/install/science_control/bin'
[9.092s] Level 1:colcon.colcon_core.environment:checking '/home/ibrahim/tasc_science/install/science_control/lib/pkgconfig/science_control.pc'
[9.093s] Level 1:colcon.colcon_core.environment:checking '/home/ibrahim/tasc_science/install/science_control/lib/python3.10/site-packages'
[9.093s] Level 1:colcon.colcon_core.environment:checking '/home/ibrahim/tasc_science/install/science_control/bin'
[9.094s] INFO:colcon.colcon_core.shell:Creating package script '/home/ibrahim/tasc_science/install/science_control/share/science_control/package.ps1'
[9.096s] INFO:colcon.colcon_core.shell:Creating package descriptor '/home/ibrahim/tasc_science/install/science_control/share/science_control/package.dsv'
[9.098s] INFO:colcon.colcon_core.shell:Creating package script '/home/ibrahim/tasc_science/install/science_control/share/science_control/package.sh'
[9.100s] INFO:colcon.colcon_core.shell:Creating package script '/home/ibrahim/tasc_science/install/science_control/share/science_control/package.bash'
[9.102s] INFO:colcon.colcon_core.shell:Creating package script '/home/ibrahim/tasc_science/install/science_control/share/science_control/package.zsh'
[9.104s] Level 1:colcon.colcon_core.environment:create_file_with_runtime_dependencies(/home/ibrahim/tasc_science/install/science_control/share/colcon-core/packages/science_control)
[9.106s] Level 1:colcon.colcon_core.environment:create_environment_scripts_only(science_control)
[9.107s] Level 1:colcon.colcon_core.environment:checking '/home/ibrahim/tasc_science/install/science_control' for CMake module files
[9.109s] Level 1:colcon.colcon_core.environment:checking '/home/ibrahim/tasc_science/install/science_control' for CMake config files
[9.110s] Level 1:colcon.colcon_core.shell:create_environment_hook('science_control', 'cmake_prefix_path')
[9.111s] INFO:colcon.colcon_core.shell:Creating environment hook '/home/ibrahim/tasc_science/install/science_control/share/science_control/hook/cmake_prefix_path.ps1'
[9.113s] INFO:colcon.colcon_core.shell:Creating environment descriptor '/home/ibrahim/tasc_science/install/science_control/share/science_control/hook/cmake_prefix_path.dsv'
[9.114s] INFO:colcon.colcon_core.shell:Creating environment hook '/home/ibrahim/tasc_science/install/science_control/share/science_control/hook/cmake_prefix_path.sh'
[9.115s] Level 1:colcon.colcon_core.environment:checking '/home/ibrahim/tasc_science/install/science_control/lib'
[9.115s] Level 1:colcon.colcon_core.shell:create_environment_hook('science_control', 'ld_library_path_lib')
[9.115s] INFO:colcon.colcon_core.shell:Creating environment hook '/home/ibrahim/tasc_science/install/science_control/share/science_control/hook/ld_library_path_lib.ps1'
[9.116s] INFO:colcon.colcon_core.shell:Creating environment descriptor '/home/ibrahim/tasc_science/install/science_control/share/science_control/hook/ld_library_path_lib.dsv'
[9.117s] INFO:colcon.colcon_core.shell:Creating environment hook '/home/ibrahim/tasc_science/install/science_control/share/science_control/hook/ld_library_path_lib.sh'
[9.118s] Level 1:colcon.colcon_core.environment:checking '/home/ibrahim/tasc_science/install/science_control/bin'
[9.119s] Level 1:colcon.colcon_core.environment:checking '/home/ibrahim/tasc_science/install/science_control/lib/pkgconfig/science_control.pc'
[9.119s] Level 1:colcon.colcon_core.environment:checking '/home/ibrahim/tasc_science/install/science_control/lib/python3.10/site-packages'
[9.120s] Level 1:colcon.colcon_core.environment:checking '/home/ibrahim/tasc_science/install/science_control/bin'
[9.121s] INFO:colcon.colcon_core.shell:Creating package script '/home/ibrahim/tasc_science/install/science_control/share/science_control/package.ps1'
[9.123s] INFO:colcon.colcon_core.shell:Creating package descriptor '/home/ibrahim/tasc_science/install/science_control/share/science_control/package.dsv'
[9.125s] INFO:colcon.colcon_core.shell:Creating package script '/home/ibrahim/tasc_science/install/science_control/share/science_control/package.sh'
[9.126s] INFO:colcon.colcon_core.shell:Creating package script '/home/ibrahim/tasc_science/install/science_control/share/science_control/package.bash'
[9.128s] INFO:colcon.colcon_core.shell:Creating package script '/home/ibrahim/tasc_science/install/science_control/share/science_control/package.zsh'
[9.129s] Level 1:colcon.colcon_core.environment:create_file_with_runtime_dependencies(/home/ibrahim/tasc_science/install/science_control/share/colcon-core/packages/science_control)
[9.130s] INFO:colcon.colcon_ros.task.ament_cmake.build:Building ROS package in '/home/ibrahim/tasc_science/src/science_description' with build type 'ament_cmake'
[9.130s] INFO:colcon.colcon_cmake.task.cmake.build:Building CMake package in '/home/ibrahim/tasc_science/src/science_description'
[9.130s] INFO:colcon.colcon_core.shell:Skip shell extension 'powershell' for command environment: Not usable outside of PowerShell
[9.131s] DEBUG:colcon.colcon_core.shell:Skip shell extension 'dsv' for command environment
[9.161s] DEBUG:colcon.colcon_core.event_handler.log_command:Invoking command in '/home/ibrahim/tasc_science/build/science_description': CMAKE_PREFIX_PATH=/home/ibrahim/tasc_science/install/science_control:/home/ibrahim/tasc_science/install/science_bringup:/home/ibrahim/tasc_science/install/science_description:/opt/ros/humble /usr/bin/cmake --build /home/ibrahim/tasc_science/build/science_description -- -j4 -l4
[9.243s] DEBUG:colcon.colcon_core.event_handler.log_command:Invoked command in '/home/ibrahim/tasc_science/build/science_description' returned '0': CMAKE_PREFIX_PATH=/home/ibrahim/tasc_science/install/science_control:/home/ibrahim/tasc_science/install/science_bringup:/home/ibrahim/tasc_science/install/science_description:/opt/ros/humble /usr/bin/cmake --build /home/ibrahim/tasc_science/build/science_description -- -j4 -l4
[9.249s] DEBUG:colcon.colcon_core.event_handler.log_command:Invoking command in '/home/ibrahim/tasc_science/build/science_description': CMAKE_PREFIX_PATH=/home/ibrahim/tasc_science/install/science_control:/home/ibrahim/tasc_science/install/science_bringup:/home/ibrahim/tasc_science/install/science_description:/opt/ros/humble /usr/bin/cmake --install /home/ibrahim/tasc_science/build/science_description
[9.299s] Level 1:colcon.colcon_core.environment:create_environment_scripts_only(science_description)
[9.300s] DEBUG:colcon.colcon_core.event_handler.log_command:Invoked command in '/home/ibrahim/tasc_science/build/science_description' returned '0': CMAKE_PREFIX_PATH=/home/ibrahim/tasc_science/install/science_control:/home/ibrahim/tasc_science/install/science_bringup:/home/ibrahim/tasc_science/install/science_description:/opt/ros/humble /usr/bin/cmake --install /home/ibrahim/tasc_science/build/science_description
[9.301s] Level 1:colcon.colcon_core.environment:checking '/home/ibrahim/tasc_science/install/science_description' for CMake module files
[9.302s] Level 1:colcon.colcon_core.environment:checking '/home/ibrahim/tasc_science/install/science_description' for CMake config files
[9.303s] Level 1:colcon.colcon_core.shell:create_environment_hook('science_description', 'cmake_prefix_path')
[9.304s] INFO:colcon.colcon_core.shell:Creating environment hook '/home/ibrahim/tasc_science/install/science_description/share/science_description/hook/cmake_prefix_path.ps1'
[9.306s] INFO:colcon.colcon_core.shell:Creating environment descriptor '/home/ibrahim/tasc_science/install/science_description/share/science_description/hook/cmake_prefix_path.dsv'
[9.308s] INFO:colcon.colcon_core.shell:Creating environment hook '/home/ibrahim/tasc_science/install/science_description/share/science_description/hook/cmake_prefix_path.sh'
[9.311s] Level 1:colcon.colcon_core.environment:checking '/home/ibrahim/tasc_science/install/science_description/bin'
[9.311s] Level 1:colcon.colcon_core.environment:checking '/home/ibrahim/tasc_science/install/science_description/lib/pkgconfig/science_description.pc'
[9.311s] Level 1:colcon.colcon_core.environment:checking '/home/ibrahim/tasc_science/install/science_description/lib/python3.10/site-packages'
[9.311s] Level 1:colcon.colcon_core.environment:checking '/home/ibrahim/tasc_science/install/science_description/bin'
[9.312s] INFO:colcon.colcon_core.shell:Creating package script '/home/ibrahim/tasc_science/install/science_description/share/science_description/package.ps1'
[9.313s] INFO:colcon.colcon_core.shell:Creating package descriptor '/home/ibrahim/tasc_science/install/science_description/share/science_description/package.dsv'
[9.314s] INFO:colcon.colcon_core.shell:Creating package script '/home/ibrahim/tasc_science/install/science_description/share/science_description/package.sh'
[9.315s] INFO:colcon.colcon_core.shell:Creating package script '/home/ibrahim/tasc_science/install/science_description/share/science_description/package.bash'
[9.316s] INFO:colcon.colcon_core.shell:Creating package script '/home/ibrahim/tasc_science/install/science_description/share/science_description/package.zsh'
[9.317s] Level 1:colcon.colcon_core.environment:create_file_with_runtime_dependencies(/home/ibrahim/tasc_science/install/science_description/share/colcon-core/packages/science_description)
[9.318s] Level 1:colcon.colcon_core.environment:create_environment_scripts_only(science_description)
[9.318s] Level 1:colcon.colcon_core.environment:checking '/home/ibrahim/tasc_science/install/science_description' for CMake module files
[9.319s] Level 1:colcon.colcon_core.environment:checking '/home/ibrahim/tasc_science/install/science_description' for CMake config files
[9.320s] Level 1:colcon.colcon_core.shell:create_environment_hook('science_description', 'cmake_prefix_path')
[9.320s] INFO:colcon.colcon_core.shell:Creating environment hook '/home/ibrahim/tasc_science/install/science_description/share/science_description/hook/cmake_prefix_path.ps1'
[9.321s] INFO:colcon.colcon_core.shell:Creating environment descriptor '/home/ibrahim/tasc_science/install/science_description/share/science_description/hook/cmake_prefix_path.dsv'
[9.322s] INFO:colcon.colcon_core.shell:Creating environment hook '/home/ibrahim/tasc_science/install/science_description/share/science_description/hook/cmake_prefix_path.sh'
[9.324s] Level 1:colcon.colcon_core.environment:checking '/home/ibrahim/tasc_science/install/science_description/bin'
[9.324s] Level 1:colcon.colcon_core.environment:checking '/home/ibrahim/tasc_science/install/science_description/lib/pkgconfig/science_description.pc'
[9.325s] Level 1:colcon.colcon_core.environment:checking '/home/ibrahim/tasc_science/install/science_description/lib/python3.10/site-packages'
[9.325s] Level 1:colcon.colcon_core.environment:checking '/home/ibrahim/tasc_science/install/science_description/bin'
[9.326s] INFO:colcon.colcon_core.shell:Creating package script '/home/ibrahim/tasc_science/install/science_description/share/science_description/package.ps1'
[9.327s] INFO:colcon.colcon_core.shell:Creating package descriptor '/home/ibrahim/tasc_science/install/science_description/share/science_description/package.dsv'
[9.328s] INFO:colcon.colcon_core.shell:Creating package script '/home/ibrahim/tasc_science/install/science_description/share/science_description/package.sh'
[9.330s] INFO:colcon.colcon_core.shell:Creating package script '/home/ibrahim/tasc_science/install/science_description/share/science_description/package.bash'
[9.331s] INFO:colcon.colcon_core.shell:Creating package script '/home/ibrahim/tasc_science/install/science_description/share/science_description/package.zsh'
[9.332s] Level 1:colcon.colcon_core.environment:create_file_with_runtime_dependencies(/home/ibrahim/tasc_science/install/science_description/share/colcon-core/packages/science_description)
[9.334s] INFO:colcon.colcon_ros.task.ament_cmake.build:Building ROS package in '/home/ibrahim/tasc_science/src/science_bringup' with build type 'ament_cmake'
[9.335s] INFO:colcon.colcon_cmake.task.cmake.build:Building CMake package in '/home/ibrahim/tasc_science/src/science_bringup'
[9.335s] INFO:colcon.colcon_core.shell:Skip shell extension 'powershell' for command environment: Not usable outside of PowerShell
[9.335s] DEBUG:colcon.colcon_core.shell:Skip shell extension 'dsv' for command environment
[9.371s] DEBUG:colcon.colcon_core.event_handler.log_command:Invoking command in '/home/ibrahim/tasc_science/build/science_bringup': CMAKE_PREFIX_PATH=/home/ibrahim/tasc_science/install/science_description:/home/ibrahim/tasc_science/install/science_control:/home/ibrahim/tasc_science/install/science_bringup:/opt/ros/humble /usr/bin/cmake --build /home/ibrahim/tasc_science/build/science_bringup -- -j4 -l4
[9.487s] DEBUG:colcon.colcon_core.event_handler.log_command:Invoked command in '/home/ibrahim/tasc_science/build/science_bringup' returned '0': CMAKE_PREFIX_PATH=/home/ibrahim/tasc_science/install/science_description:/home/ibrahim/tasc_science/install/science_control:/home/ibrahim/tasc_science/install/science_bringup:/opt/ros/humble /usr/bin/cmake --build /home/ibrahim/tasc_science/build/science_bringup -- -j4 -l4
[9.488s] DEBUG:colcon.colcon_core.event_handler.log_command:Invoking command in '/home/ibrahim/tasc_science/build/science_bringup': CMAKE_PREFIX_PATH=/home/ibrahim/tasc_science/install/science_description:/home/ibrahim/tasc_science/install/science_control:/home/ibrahim/tasc_science/install/science_bringup:/opt/ros/humble /usr/bin/cmake --install /home/ibrahim/tasc_science/build/science_bringup
[9.547s] Level 1:colcon.colcon_core.environment:create_environment_scripts_only(science_bringup)
[9.548s] DEBUG:colcon.colcon_core.event_handler.log_command:Invoked command in '/home/ibrahim/tasc_science/build/science_bringup' returned '0': CMAKE_PREFIX_PATH=/home/ibrahim/tasc_science/install/science_description:/home/ibrahim/tasc_science/install/science_control:/home/ibrahim/tasc_science/install/science_bringup:/opt/ros/humble /usr/bin/cmake --install /home/ibrahim/tasc_science/build/science_bringup
[9.549s] Level 1:colcon.colcon_core.environment:checking '/home/ibrahim/tasc_science/install/science_bringup' for CMake module files
[9.551s] Level 1:colcon.colcon_core.environment:checking '/home/ibrahim/tasc_science/install/science_bringup' for CMake config files
[9.551s] Level 1:colcon.colcon_core.shell:create_environment_hook('science_bringup', 'cmake_prefix_path')
[9.551s] INFO:colcon.colcon_core.shell:Creating environment hook '/home/ibrahim/tasc_science/install/science_bringup/share/science_bringup/hook/cmake_prefix_path.ps1'
[9.553s] INFO:colcon.colcon_core.shell:Creating environment descriptor '/home/ibrahim/tasc_science/install/science_bringup/share/science_bringup/hook/cmake_prefix_path.dsv'
[9.553s] INFO:colcon.colcon_core.shell:Creating environment hook '/home/ibrahim/tasc_science/install/science_bringup/share/science_bringup/hook/cmake_prefix_path.sh'
[9.555s] Level 1:colcon.colcon_core.environment:checking '/home/ibrahim/tasc_science/install/science_bringup/bin'
[9.555s] Level 1:colcon.colcon_core.environment:checking '/home/ibrahim/tasc_science/install/science_bringup/lib/pkgconfig/science_bringup.pc'
[9.555s] Level 1:colcon.colcon_core.environment:checking '/home/ibrahim/tasc_science/install/science_bringup/lib/python3.10/site-packages'
[9.556s] Level 1:colcon.colcon_core.environment:checking '/home/ibrahim/tasc_science/install/science_bringup/bin'
[9.558s] INFO:colcon.colcon_core.shell:Creating package script '/home/ibrahim/tasc_science/install/science_bringup/share/science_bringup/package.ps1'
[9.560s] INFO:colcon.colcon_core.shell:Creating package descriptor '/home/ibrahim/tasc_science/install/science_bringup/share/science_bringup/package.dsv'
[9.560s] INFO:colcon.colcon_core.shell:Creating package script '/home/ibrahim/tasc_science/install/science_bringup/share/science_bringup/package.sh'
[9.562s] INFO:colcon.colcon_core.shell:Creating package script '/home/ibrahim/tasc_science/install/science_bringup/share/science_bringup/package.bash'
[9.563s] INFO:colcon.colcon_core.shell:Creating package script '/home/ibrahim/tasc_science/install/science_bringup/share/science_bringup/package.zsh'
[9.564s] Level 1:colcon.colcon_core.environment:create_file_with_runtime_dependencies(/home/ibrahim/tasc_science/install/science_bringup/share/colcon-core/packages/science_bringup)
[9.566s] Level 1:colcon.colcon_core.environment:create_environment_scripts_only(science_bringup)
[9.566s] Level 1:colcon.colcon_core.environment:checking '/home/ibrahim/tasc_science/install/science_bringup' for CMake module files
[9.567s] Level 1:colcon.colcon_core.environment:checking '/home/ibrahim/tasc_science/install/science_bringup' for CMake config files
[9.567s] Level 1:colcon.colcon_core.shell:create_environment_hook('science_bringup', 'cmake_prefix_path')
[9.568s] INFO:colcon.colcon_core.shell:Creating environment hook '/home/ibrahim/tasc_science/install/science_bringup/share/science_bringup/hook/cmake_prefix_path.ps1'
[9.568s] INFO:colcon.colcon_core.shell:Creating environment descriptor '/home/ibrahim/tasc_science/install/science_bringup/share/science_bringup/hook/cmake_prefix_path.dsv'
[9.569s] INFO:colcon.colcon_core.shell:Creating environment hook '/home/ibrahim/tasc_science/install/science_bringup/share/science_bringup/hook/cmake_prefix_path.sh'
[9.570s] Level 1:colcon.colcon_core.environment:checking '/home/ibrahim/tasc_science/install/science_bringup/bin'
[9.571s] Level 1:colcon.colcon_core.environment:checking '/home/ibrahim/tasc_science/install/science_bringup/lib/pkgconfig/science_bringup.pc'
[9.571s] Level 1:colcon.colcon_core.environment:checking '/home/ibrahim/tasc_science/install/science_bringup/lib/python3.10/site-packages'
[9.571s] Level 1:colcon.colcon_core.environment:checking '/home/ibrahim/tasc_science/install/science_bringup/bin'
[9.572s] INFO:colcon.colcon_core.shell:Creating package script '/home/ibrahim/tasc_science/install/science_bringup/share/science_bringup/package.ps1'
[9.574s] INFO:colcon.colcon_core.shell:Creating package descriptor '/home/ibrahim/tasc_science/install/science_bringup/share/science_bringup/package.dsv'
[9.575s] INFO:colcon.colcon_core.shell:Creating package script '/home/ibrahim/tasc_science/install/science_bringup/share/science_bringup/package.sh'
[9.576s] INFO:colcon.colcon_core.shell:Creating package script '/home/ibrahim/tasc_science/install/science_bringup/share/science_bringup/package.bash'
[9.577s] INFO:colcon.colcon_core.shell:Creating package script '/home/ibrahim/tasc_science/install/science_bringup/share/science_bringup/package.zsh'
[9.579s] Level 1:colcon.colcon_core.environment:create_file_with_runtime_dependencies(/home/ibrahim/tasc_science/install/science_bringup/share/colcon-core/packages/science_bringup)
[9.580s] DEBUG:colcon.colcon_parallel_executor.executor.parallel:closing loop
[9.581s] DEBUG:colcon.colcon_parallel_executor.executor.parallel:loop closed
[9.581s] DEBUG:colcon.colcon_parallel_executor.executor.parallel:run_until_complete finished with '0'
[9.583s] DEBUG:colcon.colcon_core.event_reactor:joining thread
[9.601s] INFO:colcon.colcon_core.plugin_system:Skipping extension 'colcon_notification.desktop_notification.terminal_notifier': Not used on non-Darwin systems
[9.601s] INFO:colcon.colcon_core.plugin_system:Skipping extension 'colcon_notification.desktop_notification.win32': Not used on non-Windows systems
[9.601s] INFO:colcon.colcon_notification.desktop_notification:Sending desktop notification using 'notify2'
[9.635s] DEBUG:colcon.colcon_core.event_reactor:joined thread
[9.636s] INFO:colcon.colcon_core.shell:Creating prefix script '/home/ibrahim/tasc_science/install/local_setup.ps1'
[9.638s] INFO:colcon.colcon_core.shell:Creating prefix util module '/home/ibrahim/tasc_science/install/_local_setup_util_ps1.py'
[9.642s] INFO:colcon.colcon_core.shell:Creating prefix chain script '/home/ibrahim/tasc_science/install/setup.ps1'
[9.645s] INFO:colcon.colcon_core.shell:Creating prefix script '/home/ibrahim/tasc_science/install/local_setup.sh'
[9.649s] INFO:colcon.colcon_core.shell:Creating prefix util module '/home/ibrahim/tasc_science/install/_local_setup_util_sh.py'
[9.651s] INFO:colcon.colcon_core.shell:Creating prefix chain script '/home/ibrahim/tasc_science/install/setup.sh'
[9.656s] INFO:colcon.colcon_core.shell:Creating prefix script '/home/ibrahim/tasc_science/install/local_setup.bash'
[9.658s] INFO:colcon.colcon_core.shell:Creating prefix chain script '/home/ibrahim/tasc_science/install/setup.bash'
[9.661s] INFO:colcon.colcon_core.shell:Creating prefix script '/home/ibrahim/tasc_science/install/local_setup.zsh'
[9.663s] INFO:colcon.colcon_core.shell:Creating prefix chain script '/home/ibrahim/tasc_science/install/setup.zsh'
