[0.994s] DEBUG:colcon:Command line arguments: ['/usr/bin/colcon', 'build']
[0.994s] DEBUG:colcon:Parsed command line arguments: Namespace(log_base=None, log_level=None, verb_name='build', build_base='build', install_base='install', merge_install=False, symlink_install=False, test_result_base=None, continue_on_error=False, executor='parallel', parallel_workers=3, event_handlers=None, ignore_user_meta=False, metas=['./colcon.meta'], base_paths=['.'], packages_ignore=None, packages_ignore_regex=None, paths=None, packages_up_to=None, packages_up_to_regex=None, packages_above=None, packages_above_and_dependencies=None, packages_above_depth=None, packages_select_by_dep=None, packages_skip_by_dep=None, packages_skip_up_to=None, packages_select_build_failed=False, packages_skip_build_finished=False, packages_select_test_failures=False, packages_skip_test_passed=False, packages_select=None, packages_skip=None, packages_select_regex=None, packages_skip_regex=None, packages_start=None, packages_end=None, allow_overriding=[], cmake_args=None, cmake_target=None, cmake_target_skip_unavailable=False, cmake_clean_cache=False, cmake_clean_first=False, cmake_force_configure=False, ament_cmake_args=None, catkin_cmake_args=None, catkin_skip_building_tests=False, mixin_files=None, mixin=None, verb_parser=<colcon_mixin.mixin.mixin_argument.MixinArgumentDecorator object at 0x779cfe3f4460>, verb_extension=<colcon_core.verb.build.BuildVerb object at 0x779cfe3c7a60>, main=<bound method BuildVerb.main of <colcon_core.verb.build.BuildVerb object at 0x779cfe3c7a60>>, mixin_verb=('build',))
[2.168s] Level 1:colcon.colcon_core.package_discovery:discover_packages(colcon_meta) check parameters
[2.169s] Level 1:colcon.colcon_core.package_discovery:discover_packages(recursive) check parameters
[2.169s] Level 1:colcon.colcon_core.package_discovery:discover_packages(ignore) check parameters
[2.169s] Level 1:colcon.colcon_core.package_discovery:discover_packages(path) check parameters
[2.169s] Level 1:colcon.colcon_core.package_discovery:discover_packages(colcon_meta) discover
[2.169s] Level 1:colcon.colcon_core.package_discovery:discover_packages(recursive) discover
[2.169s] INFO:colcon.colcon_core.package_discovery:Crawling recursively for packages in '/home/rida/tasc_science'
[2.170s] Level 1:colcon.colcon_core.package_identification:_identify(.) by extensions ['ignore', 'ignore_ament_install']
[2.170s] Level 1:colcon.colcon_core.package_identification:_identify(.) by extension 'ignore'
[2.170s] Level 1:colcon.colcon_core.package_identification:_identify(.) by extension 'ignore_ament_install'
[2.170s] Level 1:colcon.colcon_core.package_identification:_identify(.) by extensions ['colcon_pkg']
[2.170s] Level 1:colcon.colcon_core.package_identification:_identify(.) by extension 'colcon_pkg'
[2.171s] Level 1:colcon.colcon_core.package_identification:_identify(.) by extensions ['colcon_meta']
[2.171s] Level 1:colcon.colcon_core.package_identification:_identify(.) by extension 'colcon_meta'
[2.171s] Level 1:colcon.colcon_core.package_identification:_identify(.) by extensions ['ros']
[2.171s] Level 1:colcon.colcon_core.package_identification:_identify(.) by extension 'ros'
[2.212s] Level 1:colcon.colcon_core.package_identification:_identify(.) by extensions ['cmake', 'python']
[2.212s] Level 1:colcon.colcon_core.package_identification:_identify(.) by extension 'cmake'
[2.212s] Level 1:colcon.colcon_core.package_identification:_identify(.) by extension 'python'
[2.212s] Level 1:colcon.colcon_core.package_identification:_identify(.) by extensions ['python_setup_py']
[2.213s] Level 1:colcon.colcon_core.package_identification:_identify(.) by extension 'python_setup_py'
[2.213s] Level 1:colcon.colcon_core.package_identification:_identify(build) by extensions ['ignore', 'ignore_ament_install']
[2.213s] Level 1:colcon.colcon_core.package_identification:_identify(build) by extension 'ignore'
[2.213s] Level 1:colcon.colcon_core.package_identification:_identify(build) ignored
[2.214s] Level 1:colcon.colcon_core.package_identification:_identify(install) by extensions ['ignore', 'ignore_ament_install']
[2.214s] Level 1:colcon.colcon_core.package_identification:_identify(install) by extension 'ignore'
[2.215s] Level 1:colcon.colcon_core.package_identification:_identify(install) ignored
[2.215s] Level 1:colcon.colcon_core.package_identification:_identify(log) by extensions ['ignore', 'ignore_ament_install']
[2.215s] Level 1:colcon.colcon_core.package_identification:_identify(log) by extension 'ignore'
[2.216s] Level 1:colcon.colcon_core.package_identification:_identify(log) ignored
[2.216s] Level 1:colcon.colcon_core.package_identification:_identify(src) by extensions ['ignore', 'ignore_ament_install']
[2.217s] Level 1:colcon.colcon_core.package_identification:_identify(src) by extension 'ignore'
[2.217s] Level 1:colcon.colcon_core.package_identification:_identify(src) by extension 'ignore_ament_install'
[2.217s] Level 1:colcon.colcon_core.package_identification:_identify(src) by extensions ['colcon_pkg']
[2.217s] Level 1:colcon.colcon_core.package_identification:_identify(src) by extension 'colcon_pkg'
[2.217s] Level 1:colcon.colcon_core.package_identification:_identify(src) by extensions ['colcon_meta']
[2.217s] Level 1:colcon.colcon_core.package_identification:_identify(src) by extension 'colcon_meta'
[2.218s] Level 1:colcon.colcon_core.package_identification:_identify(src) by extensions ['ros']
[2.218s] Level 1:colcon.colcon_core.package_identification:_identify(src) by extension 'ros'
[2.218s] Level 1:colcon.colcon_core.package_identification:_identify(src) by extensions ['cmake', 'python']
[2.218s] Level 1:colcon.colcon_core.package_identification:_identify(src) by extension 'cmake'
[2.218s] Level 1:colcon.colcon_core.package_identification:_identify(src) by extension 'python'
[2.218s] Level 1:colcon.colcon_core.package_identification:_identify(src) by extensions ['python_setup_py']
[2.218s] Level 1:colcon.colcon_core.package_identification:_identify(src) by extension 'python_setup_py'
[2.219s] Level 1:colcon.colcon_core.package_identification:_identify(src/science_bringup) by extensions ['ignore', 'ignore_ament_install']
[2.219s] Level 1:colcon.colcon_core.package_identification:_identify(src/science_bringup) by extension 'ignore'
[2.219s] Level 1:colcon.colcon_core.package_identification:_identify(src/science_bringup) by extension 'ignore_ament_install'
[2.219s] Level 1:colcon.colcon_core.package_identification:_identify(src/science_bringup) by extensions ['colcon_pkg']
[2.219s] Level 1:colcon.colcon_core.package_identification:_identify(src/science_bringup) by extension 'colcon_pkg'
[2.219s] Level 1:colcon.colcon_core.package_identification:_identify(src/science_bringup) by extensions ['colcon_meta']
[2.219s] Level 1:colcon.colcon_core.package_identification:_identify(src/science_bringup) by extension 'colcon_meta'
[2.219s] Level 1:colcon.colcon_core.package_identification:_identify(src/science_bringup) by extensions ['ros']
[2.220s] Level 1:colcon.colcon_core.package_identification:_identify(src/science_bringup) by extension 'ros'
[2.229s] DEBUG:colcon.colcon_core.package_identification:Package 'src/science_bringup' with type 'ros.ament_cmake' and name 'science_bringup'
[2.230s] Level 1:colcon.colcon_core.package_identification:_identify(src/science_control) by extensions ['ignore', 'ignore_ament_install']
[2.230s] Level 1:colcon.colcon_core.package_identification:_identify(src/science_control) by extension 'ignore'
[2.231s] Level 1:colcon.colcon_core.package_identification:_identify(src/science_control) by extension 'ignore_ament_install'
[2.231s] Level 1:colcon.colcon_core.package_identification:_identify(src/science_control) by extensions ['colcon_pkg']
[2.231s] Level 1:colcon.colcon_core.package_identification:_identify(src/science_control) by extension 'colcon_pkg'
[2.231s] Level 1:colcon.colcon_core.package_identification:_identify(src/science_control) by extensions ['colcon_meta']
[2.231s] Level 1:colcon.colcon_core.package_identification:_identify(src/science_control) by extension 'colcon_meta'
[2.231s] Level 1:colcon.colcon_core.package_identification:_identify(src/science_control) by extensions ['ros']
[2.232s] Level 1:colcon.colcon_core.package_identification:_identify(src/science_control) by extension 'ros'
[2.236s] DEBUG:colcon.colcon_core.package_identification:Package 'src/science_control' with type 'ros.ament_cmake' and name 'science_control'
[2.237s] Level 1:colcon.colcon_core.package_identification:_identify(src/science_description) by extensions ['ignore', 'ignore_ament_install']
[2.237s] Level 1:colcon.colcon_core.package_identification:_identify(src/science_description) by extension 'ignore'
[2.237s] Level 1:colcon.colcon_core.package_identification:_identify(src/science_description) by extension 'ignore_ament_install'
[2.238s] Level 1:colcon.colcon_core.package_identification:_identify(src/science_description) by extensions ['colcon_pkg']
[2.238s] Level 1:colcon.colcon_core.package_identification:_identify(src/science_description) by extension 'colcon_pkg'
[2.238s] Level 1:colcon.colcon_core.package_identification:_identify(src/science_description) by extensions ['colcon_meta']
[2.238s] Level 1:colcon.colcon_core.package_identification:_identify(src/science_description) by extension 'colcon_meta'
[2.238s] Level 1:colcon.colcon_core.package_identification:_identify(src/science_description) by extensions ['ros']
[2.238s] Level 1:colcon.colcon_core.package_identification:_identify(src/science_description) by extension 'ros'
[2.240s] DEBUG:colcon.colcon_core.package_identification:Package 'src/science_description' with type 'ros.ament_cmake' and name 'science_description'
[2.241s] Level 1:colcon.colcon_core.package_discovery:discover_packages(recursive) using defaults
[2.241s] Level 1:colcon.colcon_core.package_discovery:discover_packages(ignore) discover
[2.241s] Level 1:colcon.colcon_core.package_discovery:discover_packages(ignore) using defaults
[2.241s] Level 1:colcon.colcon_core.package_discovery:discover_packages(path) discover
[2.241s] Level 1:colcon.colcon_core.package_discovery:discover_packages(path) using defaults
[2.375s] Level 1:colcon.colcon_core.package_discovery:discover_packages(prefix_path) check parameters
[2.375s] Level 1:colcon.colcon_core.package_discovery:discover_packages(prefix_path) discover
[2.404s] DEBUG:colcon.colcon_installed_package_information.package_discovery:Found 5 installed packages in /home/rida/asimov_ws/install
[2.407s] DEBUG:colcon.colcon_installed_package_information.package_discovery:Found 5 installed packages in /home/rida/asimov_ws Rida Test/install
[2.411s] DEBUG:colcon.colcon_installed_package_information.package_discovery:Found 17 installed packages in /home/rida/ros2_ws/install
[2.414s] DEBUG:colcon.colcon_installed_package_information.package_discovery:Found 15 installed packages in /home/rida/ros2control/install
[2.416s] DEBUG:colcon.colcon_installed_package_information.package_discovery:Found 1 installed packages in /home/rida/ros2control/src/ASIMOV_FINAL_2/install
[2.421s] DEBUG:colcon.colcon_installed_package_information.package_discovery:Found 382 installed packages in /opt/ros/humble
[2.427s] Level 1:colcon.colcon_core.package_discovery:discover_packages(prefix_path) using defaults
[2.623s] Level 5:colcon.colcon_core.verb:set package 'science_control' build argument 'cmake_args' from command line to 'None'
[2.624s] Level 5:colcon.colcon_core.verb:set package 'science_control' build argument 'cmake_target' from command line to 'None'
[2.624s] Level 5:colcon.colcon_core.verb:set package 'science_control' build argument 'cmake_target_skip_unavailable' from command line to 'False'
[2.624s] Level 5:colcon.colcon_core.verb:set package 'science_control' build argument 'cmake_clean_cache' from command line to 'False'
[2.624s] Level 5:colcon.colcon_core.verb:set package 'science_control' build argument 'cmake_clean_first' from command line to 'False'
[2.624s] Level 5:colcon.colcon_core.verb:set package 'science_control' build argument 'cmake_force_configure' from command line to 'False'
[2.624s] Level 5:colcon.colcon_core.verb:set package 'science_control' build argument 'ament_cmake_args' from command line to 'None'
[2.624s] Level 5:colcon.colcon_core.verb:set package 'science_control' build argument 'catkin_cmake_args' from command line to 'None'
[2.624s] Level 5:colcon.colcon_core.verb:set package 'science_control' build argument 'catkin_skip_building_tests' from command line to 'False'
[2.624s] DEBUG:colcon.colcon_core.verb:Building package 'science_control' with the following arguments: {'ament_cmake_args': None, 'build_base': '/home/rida/tasc_science/build/science_control', 'catkin_cmake_args': None, 'catkin_skip_building_tests': False, 'cmake_args': None, 'cmake_clean_cache': False, 'cmake_clean_first': False, 'cmake_force_configure': False, 'cmake_target': None, 'cmake_target_skip_unavailable': False, 'install_base': '/home/rida/tasc_science/install/science_control', 'merge_install': False, 'path': '/home/rida/tasc_science/src/science_control', 'symlink_install': False, 'test_result_base': None}
[2.625s] Level 5:colcon.colcon_core.verb:set package 'science_description' build argument 'cmake_args' from command line to 'None'
[2.626s] Level 5:colcon.colcon_core.verb:set package 'science_description' build argument 'cmake_target' from command line to 'None'
[2.626s] Level 5:colcon.colcon_core.verb:set package 'science_description' build argument 'cmake_target_skip_unavailable' from command line to 'False'
[2.626s] Level 5:colcon.colcon_core.verb:set package 'science_description' build argument 'cmake_clean_cache' from command line to 'False'
[2.626s] Level 5:colcon.colcon_core.verb:set package 'science_description' build argument 'cmake_clean_first' from command line to 'False'
[2.626s] Level 5:colcon.colcon_core.verb:set package 'science_description' build argument 'cmake_force_configure' from command line to 'False'
[2.626s] Level 5:colcon.colcon_core.verb:set package 'science_description' build argument 'ament_cmake_args' from command line to 'None'
[2.626s] Level 5:colcon.colcon_core.verb:set package 'science_description' build argument 'catkin_cmake_args' from command line to 'None'
[2.626s] Level 5:colcon.colcon_core.verb:set package 'science_description' build argument 'catkin_skip_building_tests' from command line to 'False'
[2.626s] DEBUG:colcon.colcon_core.verb:Building package 'science_description' with the following arguments: {'ament_cmake_args': None, 'build_base': '/home/rida/tasc_science/build/science_description', 'catkin_cmake_args': None, 'catkin_skip_building_tests': False, 'cmake_args': None, 'cmake_clean_cache': False, 'cmake_clean_first': False, 'cmake_force_configure': False, 'cmake_target': None, 'cmake_target_skip_unavailable': False, 'install_base': '/home/rida/tasc_science/install/science_description', 'merge_install': False, 'path': '/home/rida/tasc_science/src/science_description', 'symlink_install': False, 'test_result_base': None}
[2.627s] Level 5:colcon.colcon_core.verb:set package 'science_bringup' build argument 'cmake_args' from command line to 'None'
[2.627s] Level 5:colcon.colcon_core.verb:set package 'science_bringup' build argument 'cmake_target' from command line to 'None'
[2.627s] Level 5:colcon.colcon_core.verb:set package 'science_bringup' build argument 'cmake_target_skip_unavailable' from command line to 'False'
[2.627s] Level 5:colcon.colcon_core.verb:set package 'science_bringup' build argument 'cmake_clean_cache' from command line to 'False'
[2.627s] Level 5:colcon.colcon_core.verb:set package 'science_bringup' build argument 'cmake_clean_first' from command line to 'False'
[2.627s] Level 5:colcon.colcon_core.verb:set package 'science_bringup' build argument 'cmake_force_configure' from command line to 'False'
[2.627s] Level 5:colcon.colcon_core.verb:set package 'science_bringup' build argument 'ament_cmake_args' from command line to 'None'
[2.627s] Level 5:colcon.colcon_core.verb:set package 'science_bringup' build argument 'catkin_cmake_args' from command line to 'None'
[2.627s] Level 5:colcon.colcon_core.verb:set package 'science_bringup' build argument 'catkin_skip_building_tests' from command line to 'False'
[2.627s] DEBUG:colcon.colcon_core.verb:Building package 'science_bringup' with the following arguments: {'ament_cmake_args': None, 'build_base': '/home/rida/tasc_science/build/science_bringup', 'catkin_cmake_args': None, 'catkin_skip_building_tests': False, 'cmake_args': None, 'cmake_clean_cache': False, 'cmake_clean_first': False, 'cmake_force_configure': False, 'cmake_target': None, 'cmake_target_skip_unavailable': False, 'install_base': '/home/rida/tasc_science/install/science_bringup', 'merge_install': False, 'path': '/home/rida/tasc_science/src/science_bringup', 'symlink_install': False, 'test_result_base': None}
[2.628s] INFO:colcon.colcon_core.executor:Executing jobs using 'parallel' executor
[2.632s] DEBUG:colcon.colcon_parallel_executor.executor.parallel:run_until_complete
[2.633s] INFO:colcon.colcon_ros.task.ament_cmake.build:Building ROS package in '/home/rida/tasc_science/src/science_control' with build type 'ament_cmake'
[2.634s] INFO:colcon.colcon_cmake.task.cmake.build:Building CMake package in '/home/rida/tasc_science/src/science_control'
[2.652s] INFO:colcon.colcon_core.plugin_system:Skipping extension 'colcon_core.shell.bat': Not used on non-Windows systems
[2.653s] INFO:colcon.colcon_core.shell:Skip shell extension 'powershell' for command environment: Not usable outside of PowerShell
[2.653s] DEBUG:colcon.colcon_core.shell:Skip shell extension 'dsv' for command environment
[2.705s] DEBUG:colcon.colcon_core.event_handler.log_command:Invoking command in '/home/rida/tasc_science/build/science_control': CMAKE_PREFIX_PATH=${CMAKE_PREFIX_PATH}:/home/rida/asimov_ws/install/rover_dashboard:/home/rida/asimov_ws/install/drive_bringup:/home/rida/asimov_ws/install/phidgets_hardware:/home/rida/asimov_ws/install/drive_description:/home/rida/asimov_ws/install/drive_control:/home/rida/asimov_ws Rida Test/install/rover_dashboard:/home/rida/asimov_ws Rida Test/install/drive_bringup:/home/rida/asimov_ws Rida Test/install/drive_control:/home/rida/ros2control/install/rqt_controller_manager:/home/rida/ros2control/install/ros2controlcli:/opt/ros/humble /usr/bin/cmake /home/rida/tasc_science/src/science_control -DCMAKE_INSTALL_PREFIX=/home/rida/tasc_science/install/science_control
[8.163s] DEBUG:colcon.colcon_core.event_handler.log_command:Invoked command in '/home/rida/tasc_science/build/science_control' returned '0': CMAKE_PREFIX_PATH=${CMAKE_PREFIX_PATH}:/home/rida/asimov_ws/install/rover_dashboard:/home/rida/asimov_ws/install/drive_bringup:/home/rida/asimov_ws/install/phidgets_hardware:/home/rida/asimov_ws/install/drive_description:/home/rida/asimov_ws/install/drive_control:/home/rida/asimov_ws Rida Test/install/rover_dashboard:/home/rida/asimov_ws Rida Test/install/drive_bringup:/home/rida/asimov_ws Rida Test/install/drive_control:/home/rida/ros2control/install/rqt_controller_manager:/home/rida/ros2control/install/ros2controlcli:/opt/ros/humble /usr/bin/cmake /home/rida/tasc_science/src/science_control -DCMAKE_INSTALL_PREFIX=/home/rida/tasc_science/install/science_control
[8.164s] DEBUG:colcon.colcon_core.event_handler.log_command:Invoking command in '/home/rida/tasc_science/build/science_control': CMAKE_PREFIX_PATH=${CMAKE_PREFIX_PATH}:/home/rida/asimov_ws/install/rover_dashboard:/home/rida/asimov_ws/install/drive_bringup:/home/rida/asimov_ws/install/phidgets_hardware:/home/rida/asimov_ws/install/drive_description:/home/rida/asimov_ws/install/drive_control:/home/rida/asimov_ws Rida Test/install/rover_dashboard:/home/rida/asimov_ws Rida Test/install/drive_bringup:/home/rida/asimov_ws Rida Test/install/drive_control:/home/rida/ros2control/install/rqt_controller_manager:/home/rida/ros2control/install/ros2controlcli:/opt/ros/humble /usr/bin/cmake --build /home/rida/tasc_science/build/science_control -- -j3 -l3
[35.655s] DEBUG:colcon.colcon_core.event_handler.log_command:Invoked command in '/home/rida/tasc_science/build/science_control' returned '0': CMAKE_PREFIX_PATH=${CMAKE_PREFIX_PATH}:/home/rida/asimov_ws/install/rover_dashboard:/home/rida/asimov_ws/install/drive_bringup:/home/rida/asimov_ws/install/phidgets_hardware:/home/rida/asimov_ws/install/drive_description:/home/rida/asimov_ws/install/drive_control:/home/rida/asimov_ws Rida Test/install/rover_dashboard:/home/rida/asimov_ws Rida Test/install/drive_bringup:/home/rida/asimov_ws Rida Test/install/drive_control:/home/rida/ros2control/install/rqt_controller_manager:/home/rida/ros2control/install/ros2controlcli:/opt/ros/humble /usr/bin/cmake --build /home/rida/tasc_science/build/science_control -- -j3 -l3
[35.694s] DEBUG:colcon.colcon_core.event_handler.log_command:Invoking command in '/home/rida/tasc_science/build/science_control': CMAKE_PREFIX_PATH=${CMAKE_PREFIX_PATH}:/home/rida/asimov_ws/install/rover_dashboard:/home/rida/asimov_ws/install/drive_bringup:/home/rida/asimov_ws/install/phidgets_hardware:/home/rida/asimov_ws/install/drive_description:/home/rida/asimov_ws/install/drive_control:/home/rida/asimov_ws Rida Test/install/rover_dashboard:/home/rida/asimov_ws Rida Test/install/drive_bringup:/home/rida/asimov_ws Rida Test/install/drive_control:/home/rida/ros2control/install/rqt_controller_manager:/home/rida/ros2control/install/ros2controlcli:/opt/ros/humble /usr/bin/cmake --install /home/rida/tasc_science/build/science_control
[35.770s] Level 1:colcon.colcon_core.environment:create_environment_scripts_only(science_control)
[35.772s] DEBUG:colcon.colcon_core.event_handler.log_command:Invoked command in '/home/rida/tasc_science/build/science_control' returned '0': CMAKE_PREFIX_PATH=${CMAKE_PREFIX_PATH}:/home/rida/asimov_ws/install/rover_dashboard:/home/rida/asimov_ws/install/drive_bringup:/home/rida/asimov_ws/install/phidgets_hardware:/home/rida/asimov_ws/install/drive_description:/home/rida/asimov_ws/install/drive_control:/home/rida/asimov_ws Rida Test/install/rover_dashboard:/home/rida/asimov_ws Rida Test/install/drive_bringup:/home/rida/asimov_ws Rida Test/install/drive_control:/home/rida/ros2control/install/rqt_controller_manager:/home/rida/ros2control/install/ros2controlcli:/opt/ros/humble /usr/bin/cmake --install /home/rida/tasc_science/build/science_control
[35.778s] Level 1:colcon.colcon_core.environment:checking '/home/rida/tasc_science/install/science_control' for CMake module files
[35.780s] Level 1:colcon.colcon_core.environment:checking '/home/rida/tasc_science/install/science_control' for CMake config files
[35.780s] Level 1:colcon.colcon_core.shell:create_environment_hook('science_control', 'cmake_prefix_path')
[35.781s] INFO:colcon.colcon_core.shell:Creating environment hook '/home/rida/tasc_science/install/science_control/share/science_control/hook/cmake_prefix_path.ps1'
[35.783s] INFO:colcon.colcon_core.shell:Creating environment descriptor '/home/rida/tasc_science/install/science_control/share/science_control/hook/cmake_prefix_path.dsv'
[35.784s] INFO:colcon.colcon_core.shell:Creating environment hook '/home/rida/tasc_science/install/science_control/share/science_control/hook/cmake_prefix_path.sh'
[35.787s] Level 1:colcon.colcon_core.environment:checking '/home/rida/tasc_science/install/science_control/lib'
[35.788s] Level 1:colcon.colcon_core.shell:create_environment_hook('science_control', 'ld_library_path_lib')
[35.788s] INFO:colcon.colcon_core.shell:Creating environment hook '/home/rida/tasc_science/install/science_control/share/science_control/hook/ld_library_path_lib.ps1'
[35.790s] INFO:colcon.colcon_core.shell:Creating environment descriptor '/home/rida/tasc_science/install/science_control/share/science_control/hook/ld_library_path_lib.dsv'
[35.791s] INFO:colcon.colcon_core.shell:Creating environment hook '/home/rida/tasc_science/install/science_control/share/science_control/hook/ld_library_path_lib.sh'
[35.792s] Level 1:colcon.colcon_core.environment:checking '/home/rida/tasc_science/install/science_control/bin'
[35.792s] Level 1:colcon.colcon_core.environment:checking '/home/rida/tasc_science/install/science_control/lib/pkgconfig/science_control.pc'
[35.793s] Level 1:colcon.colcon_core.environment:checking '/home/rida/tasc_science/install/science_control/lib/python3.10/site-packages'
[35.794s] Level 1:colcon.colcon_core.environment:checking '/home/rida/tasc_science/install/science_control/bin'
[35.795s] INFO:colcon.colcon_core.shell:Creating package script '/home/rida/tasc_science/install/science_control/share/science_control/package.ps1'
[35.797s] INFO:colcon.colcon_core.shell:Creating package descriptor '/home/rida/tasc_science/install/science_control/share/science_control/package.dsv'
[35.799s] INFO:colcon.colcon_core.shell:Creating package script '/home/rida/tasc_science/install/science_control/share/science_control/package.sh'
[35.802s] INFO:colcon.colcon_core.shell:Creating package script '/home/rida/tasc_science/install/science_control/share/science_control/package.bash'
[35.804s] INFO:colcon.colcon_core.shell:Creating package script '/home/rida/tasc_science/install/science_control/share/science_control/package.zsh'
[35.805s] Level 1:colcon.colcon_core.environment:create_file_with_runtime_dependencies(/home/rida/tasc_science/install/science_control/share/colcon-core/packages/science_control)
[35.807s] Level 1:colcon.colcon_core.environment:create_environment_scripts_only(science_control)
[35.807s] Level 1:colcon.colcon_core.environment:checking '/home/rida/tasc_science/install/science_control' for CMake module files
[35.809s] Level 1:colcon.colcon_core.environment:checking '/home/rida/tasc_science/install/science_control' for CMake config files
[35.809s] Level 1:colcon.colcon_core.shell:create_environment_hook('science_control', 'cmake_prefix_path')
[35.810s] INFO:colcon.colcon_core.shell:Creating environment hook '/home/rida/tasc_science/install/science_control/share/science_control/hook/cmake_prefix_path.ps1'
[35.812s] INFO:colcon.colcon_core.shell:Creating environment descriptor '/home/rida/tasc_science/install/science_control/share/science_control/hook/cmake_prefix_path.dsv'
[35.813s] INFO:colcon.colcon_core.shell:Creating environment hook '/home/rida/tasc_science/install/science_control/share/science_control/hook/cmake_prefix_path.sh'
[35.815s] Level 1:colcon.colcon_core.environment:checking '/home/rida/tasc_science/install/science_control/lib'
[35.816s] Level 1:colcon.colcon_core.shell:create_environment_hook('science_control', 'ld_library_path_lib')
[35.816s] INFO:colcon.colcon_core.shell:Creating environment hook '/home/rida/tasc_science/install/science_control/share/science_control/hook/ld_library_path_lib.ps1'
[35.818s] INFO:colcon.colcon_core.shell:Creating environment descriptor '/home/rida/tasc_science/install/science_control/share/science_control/hook/ld_library_path_lib.dsv'
[35.819s] INFO:colcon.colcon_core.shell:Creating environment hook '/home/rida/tasc_science/install/science_control/share/science_control/hook/ld_library_path_lib.sh'
[35.821s] Level 1:colcon.colcon_core.environment:checking '/home/rida/tasc_science/install/science_control/bin'
[35.821s] Level 1:colcon.colcon_core.environment:checking '/home/rida/tasc_science/install/science_control/lib/pkgconfig/science_control.pc'
[35.822s] Level 1:colcon.colcon_core.environment:checking '/home/rida/tasc_science/install/science_control/lib/python3.10/site-packages'
[35.822s] Level 1:colcon.colcon_core.environment:checking '/home/rida/tasc_science/install/science_control/bin'
[35.823s] INFO:colcon.colcon_core.shell:Creating package script '/home/rida/tasc_science/install/science_control/share/science_control/package.ps1'
[35.825s] INFO:colcon.colcon_core.shell:Creating package descriptor '/home/rida/tasc_science/install/science_control/share/science_control/package.dsv'
[35.827s] INFO:colcon.colcon_core.shell:Creating package script '/home/rida/tasc_science/install/science_control/share/science_control/package.sh'
[35.829s] INFO:colcon.colcon_core.shell:Creating package script '/home/rida/tasc_science/install/science_control/share/science_control/package.bash'
[35.831s] INFO:colcon.colcon_core.shell:Creating package script '/home/rida/tasc_science/install/science_control/share/science_control/package.zsh'
[35.833s] Level 1:colcon.colcon_core.environment:create_file_with_runtime_dependencies(/home/rida/tasc_science/install/science_control/share/colcon-core/packages/science_control)
[35.834s] INFO:colcon.colcon_ros.task.ament_cmake.build:Building ROS package in '/home/rida/tasc_science/src/science_description' with build type 'ament_cmake'
[35.835s] INFO:colcon.colcon_cmake.task.cmake.build:Building CMake package in '/home/rida/tasc_science/src/science_description'
[35.836s] INFO:colcon.colcon_core.shell:Skip shell extension 'powershell' for command environment: Not usable outside of PowerShell
[35.836s] DEBUG:colcon.colcon_core.shell:Skip shell extension 'dsv' for command environment
[35.896s] DEBUG:colcon.colcon_core.event_handler.log_command:Invoking command in '/home/rida/tasc_science/build/science_description': AMENT_PREFIX_PATH=/home/rida/tasc_science/install/science_control:${AMENT_PREFIX_PATH} CMAKE_PREFIX_PATH=/home/rida/tasc_science/install/science_control:/home/rida/asimov_ws Rida Test/install/phidgets_hardware:/home/rida/asimov_ws Rida Test/install/drive_description:/home/rida/ros2control/install/ros2_control:/home/rida/ros2control/install/transmission_interface:/home/rida/ros2control/install/new_config:/home/rida/ros2control/install/hardware_interface_testing:/home/rida/ros2control/install/controller_manager:/home/rida/ros2control/install/ros2_control_test_assets:/home/rida/ros2control/install/my_robot_description:/home/rida/ros2control/install/joint_limits:/home/rida/ros2control/install/controller_interface:/home/rida/ros2control/install/hardware_interface:/home/rida/ros2control/install/controller_manager_msgs:/home/rida/ros2control/install/arm_urdf:/home/rida/ros2control/install/ASIMOV_FINAL_2:/home/rida/ros2_ws/install:/home/rida/ros2control/src/ASIMOV_FINAL_2/install/ASIMOV_FINAL_2:/home/rida/asimov_ws/install/rover_dashboard:/home/rida/asimov_ws/install/drive_bringup:/home/rida/asimov_ws/install/phidgets_hardware:/home/rida/asimov_ws/install/drive_description:/home/rida/asimov_ws/install/drive_control:/home/rida/asimov_ws Rida Test/install/rover_dashboard:/home/rida/asimov_ws Rida Test/install/drive_bringup:/home/rida/asimov_ws Rida Test/install/drive_control:/home/rida/ros2control/install/rqt_controller_manager:/home/rida/ros2control/install/ros2controlcli:/opt/ros/humble LD_LIBRARY_PATH=/home/rida/tasc_science/install/science_control/lib:${LD_LIBRARY_PATH} /usr/bin/cmake /home/rida/tasc_science/src/science_description -DCMAKE_INSTALL_PREFIX=/home/rida/tasc_science/install/science_description
[38.246s] DEBUG:colcon.colcon_core.event_handler.log_command:Invoked command in '/home/rida/tasc_science/build/science_description' returned '0': AMENT_PREFIX_PATH=/home/rida/tasc_science/install/science_control:${AMENT_PREFIX_PATH} CMAKE_PREFIX_PATH=/home/rida/tasc_science/install/science_control:/home/rida/asimov_ws Rida Test/install/phidgets_hardware:/home/rida/asimov_ws Rida Test/install/drive_description:/home/rida/ros2control/install/ros2_control:/home/rida/ros2control/install/transmission_interface:/home/rida/ros2control/install/new_config:/home/rida/ros2control/install/hardware_interface_testing:/home/rida/ros2control/install/controller_manager:/home/rida/ros2control/install/ros2_control_test_assets:/home/rida/ros2control/install/my_robot_description:/home/rida/ros2control/install/joint_limits:/home/rida/ros2control/install/controller_interface:/home/rida/ros2control/install/hardware_interface:/home/rida/ros2control/install/controller_manager_msgs:/home/rida/ros2control/install/arm_urdf:/home/rida/ros2control/install/ASIMOV_FINAL_2:/home/rida/ros2_ws/install:/home/rida/ros2control/src/ASIMOV_FINAL_2/install/ASIMOV_FINAL_2:/home/rida/asimov_ws/install/rover_dashboard:/home/rida/asimov_ws/install/drive_bringup:/home/rida/asimov_ws/install/phidgets_hardware:/home/rida/asimov_ws/install/drive_description:/home/rida/asimov_ws/install/drive_control:/home/rida/asimov_ws Rida Test/install/rover_dashboard:/home/rida/asimov_ws Rida Test/install/drive_bringup:/home/rida/asimov_ws Rida Test/install/drive_control:/home/rida/ros2control/install/rqt_controller_manager:/home/rida/ros2control/install/ros2controlcli:/opt/ros/humble LD_LIBRARY_PATH=/home/rida/tasc_science/install/science_control/lib:${LD_LIBRARY_PATH} /usr/bin/cmake /home/rida/tasc_science/src/science_description -DCMAKE_INSTALL_PREFIX=/home/rida/tasc_science/install/science_description
[38.248s] DEBUG:colcon.colcon_core.event_handler.log_command:Invoking command in '/home/rida/tasc_science/build/science_description': AMENT_PREFIX_PATH=/home/rida/tasc_science/install/science_control:${AMENT_PREFIX_PATH} CMAKE_PREFIX_PATH=/home/rida/tasc_science/install/science_control:/home/rida/asimov_ws Rida Test/install/phidgets_hardware:/home/rida/asimov_ws Rida Test/install/drive_description:/home/rida/ros2control/install/ros2_control:/home/rida/ros2control/install/transmission_interface:/home/rida/ros2control/install/new_config:/home/rida/ros2control/install/hardware_interface_testing:/home/rida/ros2control/install/controller_manager:/home/rida/ros2control/install/ros2_control_test_assets:/home/rida/ros2control/install/my_robot_description:/home/rida/ros2control/install/joint_limits:/home/rida/ros2control/install/controller_interface:/home/rida/ros2control/install/hardware_interface:/home/rida/ros2control/install/controller_manager_msgs:/home/rida/ros2control/install/arm_urdf:/home/rida/ros2control/install/ASIMOV_FINAL_2:/home/rida/ros2_ws/install:/home/rida/ros2control/src/ASIMOV_FINAL_2/install/ASIMOV_FINAL_2:/home/rida/asimov_ws/install/rover_dashboard:/home/rida/asimov_ws/install/drive_bringup:/home/rida/asimov_ws/install/phidgets_hardware:/home/rida/asimov_ws/install/drive_description:/home/rida/asimov_ws/install/drive_control:/home/rida/asimov_ws Rida Test/install/rover_dashboard:/home/rida/asimov_ws Rida Test/install/drive_bringup:/home/rida/asimov_ws Rida Test/install/drive_control:/home/rida/ros2control/install/rqt_controller_manager:/home/rida/ros2control/install/ros2controlcli:/opt/ros/humble LD_LIBRARY_PATH=/home/rida/tasc_science/install/science_control/lib:${LD_LIBRARY_PATH} /usr/bin/cmake --build /home/rida/tasc_science/build/science_description -- -j3 -l3
[38.406s] DEBUG:colcon.colcon_core.event_handler.log_command:Invoked command in '/home/rida/tasc_science/build/science_description' returned '0': AMENT_PREFIX_PATH=/home/rida/tasc_science/install/science_control:${AMENT_PREFIX_PATH} CMAKE_PREFIX_PATH=/home/rida/tasc_science/install/science_control:/home/rida/asimov_ws Rida Test/install/phidgets_hardware:/home/rida/asimov_ws Rida Test/install/drive_description:/home/rida/ros2control/install/ros2_control:/home/rida/ros2control/install/transmission_interface:/home/rida/ros2control/install/new_config:/home/rida/ros2control/install/hardware_interface_testing:/home/rida/ros2control/install/controller_manager:/home/rida/ros2control/install/ros2_control_test_assets:/home/rida/ros2control/install/my_robot_description:/home/rida/ros2control/install/joint_limits:/home/rida/ros2control/install/controller_interface:/home/rida/ros2control/install/hardware_interface:/home/rida/ros2control/install/controller_manager_msgs:/home/rida/ros2control/install/arm_urdf:/home/rida/ros2control/install/ASIMOV_FINAL_2:/home/rida/ros2_ws/install:/home/rida/ros2control/src/ASIMOV_FINAL_2/install/ASIMOV_FINAL_2:/home/rida/asimov_ws/install/rover_dashboard:/home/rida/asimov_ws/install/drive_bringup:/home/rida/asimov_ws/install/phidgets_hardware:/home/rida/asimov_ws/install/drive_description:/home/rida/asimov_ws/install/drive_control:/home/rida/asimov_ws Rida Test/install/rover_dashboard:/home/rida/asimov_ws Rida Test/install/drive_bringup:/home/rida/asimov_ws Rida Test/install/drive_control:/home/rida/ros2control/install/rqt_controller_manager:/home/rida/ros2control/install/ros2controlcli:/opt/ros/humble LD_LIBRARY_PATH=/home/rida/tasc_science/install/science_control/lib:${LD_LIBRARY_PATH} /usr/bin/cmake --build /home/rida/tasc_science/build/science_description -- -j3 -l3
[38.407s] DEBUG:colcon.colcon_core.event_handler.log_command:Invoking command in '/home/rida/tasc_science/build/science_description': AMENT_PREFIX_PATH=/home/rida/tasc_science/install/science_control:${AMENT_PREFIX_PATH} CMAKE_PREFIX_PATH=/home/rida/tasc_science/install/science_control:/home/rida/asimov_ws Rida Test/install/phidgets_hardware:/home/rida/asimov_ws Rida Test/install/drive_description:/home/rida/ros2control/install/ros2_control:/home/rida/ros2control/install/transmission_interface:/home/rida/ros2control/install/new_config:/home/rida/ros2control/install/hardware_interface_testing:/home/rida/ros2control/install/controller_manager:/home/rida/ros2control/install/ros2_control_test_assets:/home/rida/ros2control/install/my_robot_description:/home/rida/ros2control/install/joint_limits:/home/rida/ros2control/install/controller_interface:/home/rida/ros2control/install/hardware_interface:/home/rida/ros2control/install/controller_manager_msgs:/home/rida/ros2control/install/arm_urdf:/home/rida/ros2control/install/ASIMOV_FINAL_2:/home/rida/ros2_ws/install:/home/rida/ros2control/src/ASIMOV_FINAL_2/install/ASIMOV_FINAL_2:/home/rida/asimov_ws/install/rover_dashboard:/home/rida/asimov_ws/install/drive_bringup:/home/rida/asimov_ws/install/phidgets_hardware:/home/rida/asimov_ws/install/drive_description:/home/rida/asimov_ws/install/drive_control:/home/rida/asimov_ws Rida Test/install/rover_dashboard:/home/rida/asimov_ws Rida Test/install/drive_bringup:/home/rida/asimov_ws Rida Test/install/drive_control:/home/rida/ros2control/install/rqt_controller_manager:/home/rida/ros2control/install/ros2controlcli:/opt/ros/humble LD_LIBRARY_PATH=/home/rida/tasc_science/install/science_control/lib:${LD_LIBRARY_PATH} /usr/bin/cmake --install /home/rida/tasc_science/build/science_description
[38.458s] Level 1:colcon.colcon_core.environment:create_environment_scripts_only(science_description)
[38.459s] Level 1:colcon.colcon_core.environment:checking '/home/rida/tasc_science/install/science_description' for CMake module files
[38.461s] DEBUG:colcon.colcon_core.event_handler.log_command:Invoked command in '/home/rida/tasc_science/build/science_description' returned '0': AMENT_PREFIX_PATH=/home/rida/tasc_science/install/science_control:${AMENT_PREFIX_PATH} CMAKE_PREFIX_PATH=/home/rida/tasc_science/install/science_control:/home/rida/asimov_ws Rida Test/install/phidgets_hardware:/home/rida/asimov_ws Rida Test/install/drive_description:/home/rida/ros2control/install/ros2_control:/home/rida/ros2control/install/transmission_interface:/home/rida/ros2control/install/new_config:/home/rida/ros2control/install/hardware_interface_testing:/home/rida/ros2control/install/controller_manager:/home/rida/ros2control/install/ros2_control_test_assets:/home/rida/ros2control/install/my_robot_description:/home/rida/ros2control/install/joint_limits:/home/rida/ros2control/install/controller_interface:/home/rida/ros2control/install/hardware_interface:/home/rida/ros2control/install/controller_manager_msgs:/home/rida/ros2control/install/arm_urdf:/home/rida/ros2control/install/ASIMOV_FINAL_2:/home/rida/ros2_ws/install:/home/rida/ros2control/src/ASIMOV_FINAL_2/install/ASIMOV_FINAL_2:/home/rida/asimov_ws/install/rover_dashboard:/home/rida/asimov_ws/install/drive_bringup:/home/rida/asimov_ws/install/phidgets_hardware:/home/rida/asimov_ws/install/drive_description:/home/rida/asimov_ws/install/drive_control:/home/rida/asimov_ws Rida Test/install/rover_dashboard:/home/rida/asimov_ws Rida Test/install/drive_bringup:/home/rida/asimov_ws Rida Test/install/drive_control:/home/rida/ros2control/install/rqt_controller_manager:/home/rida/ros2control/install/ros2controlcli:/opt/ros/humble LD_LIBRARY_PATH=/home/rida/tasc_science/install/science_control/lib:${LD_LIBRARY_PATH} /usr/bin/cmake --install /home/rida/tasc_science/build/science_description
[38.463s] Level 1:colcon.colcon_core.environment:checking '/home/rida/tasc_science/install/science_description' for CMake config files
[38.464s] Level 1:colcon.colcon_core.shell:create_environment_hook('science_description', 'cmake_prefix_path')
[38.465s] INFO:colcon.colcon_core.shell:Creating environment hook '/home/rida/tasc_science/install/science_description/share/science_description/hook/cmake_prefix_path.ps1'
[38.467s] INFO:colcon.colcon_core.shell:Creating environment descriptor '/home/rida/tasc_science/install/science_description/share/science_description/hook/cmake_prefix_path.dsv'
[38.467s] INFO:colcon.colcon_core.shell:Creating environment hook '/home/rida/tasc_science/install/science_description/share/science_description/hook/cmake_prefix_path.sh'
[38.470s] Level 1:colcon.colcon_core.environment:checking '/home/rida/tasc_science/install/science_description/bin'
[38.470s] Level 1:colcon.colcon_core.environment:checking '/home/rida/tasc_science/install/science_description/lib/pkgconfig/science_description.pc'
[38.471s] Level 1:colcon.colcon_core.environment:checking '/home/rida/tasc_science/install/science_description/lib/python3.10/site-packages'
[38.471s] Level 1:colcon.colcon_core.environment:checking '/home/rida/tasc_science/install/science_description/bin'
[38.472s] INFO:colcon.colcon_core.shell:Creating package script '/home/rida/tasc_science/install/science_description/share/science_description/package.ps1'
[38.474s] INFO:colcon.colcon_core.shell:Creating package descriptor '/home/rida/tasc_science/install/science_description/share/science_description/package.dsv'
[38.475s] INFO:colcon.colcon_core.shell:Creating package script '/home/rida/tasc_science/install/science_description/share/science_description/package.sh'
[38.477s] INFO:colcon.colcon_core.shell:Creating package script '/home/rida/tasc_science/install/science_description/share/science_description/package.bash'
[38.477s] INFO:colcon.colcon_core.shell:Creating package script '/home/rida/tasc_science/install/science_description/share/science_description/package.zsh'
[38.478s] Level 1:colcon.colcon_core.environment:create_file_with_runtime_dependencies(/home/rida/tasc_science/install/science_description/share/colcon-core/packages/science_description)
[38.481s] Level 1:colcon.colcon_core.environment:create_environment_scripts_only(science_description)
[38.482s] Level 1:colcon.colcon_core.environment:checking '/home/rida/tasc_science/install/science_description' for CMake module files
[38.483s] Level 1:colcon.colcon_core.environment:checking '/home/rida/tasc_science/install/science_description' for CMake config files
[38.485s] Level 1:colcon.colcon_core.shell:create_environment_hook('science_description', 'cmake_prefix_path')
[38.486s] INFO:colcon.colcon_core.shell:Creating environment hook '/home/rida/tasc_science/install/science_description/share/science_description/hook/cmake_prefix_path.ps1'
[38.487s] INFO:colcon.colcon_core.shell:Creating environment descriptor '/home/rida/tasc_science/install/science_description/share/science_description/hook/cmake_prefix_path.dsv'
[38.489s] INFO:colcon.colcon_core.shell:Creating environment hook '/home/rida/tasc_science/install/science_description/share/science_description/hook/cmake_prefix_path.sh'
[38.490s] Level 1:colcon.colcon_core.environment:checking '/home/rida/tasc_science/install/science_description/bin'
[38.490s] Level 1:colcon.colcon_core.environment:checking '/home/rida/tasc_science/install/science_description/lib/pkgconfig/science_description.pc'
[38.491s] Level 1:colcon.colcon_core.environment:checking '/home/rida/tasc_science/install/science_description/lib/python3.10/site-packages'
[38.491s] Level 1:colcon.colcon_core.environment:checking '/home/rida/tasc_science/install/science_description/bin'
[38.492s] INFO:colcon.colcon_core.shell:Creating package script '/home/rida/tasc_science/install/science_description/share/science_description/package.ps1'
[38.493s] INFO:colcon.colcon_core.shell:Creating package descriptor '/home/rida/tasc_science/install/science_description/share/science_description/package.dsv'
[38.495s] INFO:colcon.colcon_core.shell:Creating package script '/home/rida/tasc_science/install/science_description/share/science_description/package.sh'
[38.497s] INFO:colcon.colcon_core.shell:Creating package script '/home/rida/tasc_science/install/science_description/share/science_description/package.bash'
[38.499s] INFO:colcon.colcon_core.shell:Creating package script '/home/rida/tasc_science/install/science_description/share/science_description/package.zsh'
[38.500s] Level 1:colcon.colcon_core.environment:create_file_with_runtime_dependencies(/home/rida/tasc_science/install/science_description/share/colcon-core/packages/science_description)
[38.502s] INFO:colcon.colcon_ros.task.ament_cmake.build:Building ROS package in '/home/rida/tasc_science/src/science_bringup' with build type 'ament_cmake'
[38.502s] INFO:colcon.colcon_cmake.task.cmake.build:Building CMake package in '/home/rida/tasc_science/src/science_bringup'
[38.503s] INFO:colcon.colcon_core.shell:Skip shell extension 'powershell' for command environment: Not usable outside of PowerShell
[38.504s] DEBUG:colcon.colcon_core.shell:Skip shell extension 'dsv' for command environment
[38.568s] DEBUG:colcon.colcon_core.event_handler.log_command:Invoking command in '/home/rida/tasc_science/build/science_bringup': AMENT_PREFIX_PATH=/home/rida/tasc_science/install/science_description:/home/rida/tasc_science/install/science_control:${AMENT_PREFIX_PATH} CMAKE_PREFIX_PATH=/home/rida/tasc_science/install/science_description:/home/rida/tasc_science/install/science_control:/home/rida/asimov_ws Rida Test/install/phidgets_hardware:/home/rida/asimov_ws Rida Test/install/drive_description:/home/rida/ros2control/install/ros2_control:/home/rida/ros2control/install/transmission_interface:/home/rida/ros2control/install/new_config:/home/rida/ros2control/install/hardware_interface_testing:/home/rida/ros2control/install/controller_manager:/home/rida/ros2control/install/ros2_control_test_assets:/home/rida/ros2control/install/my_robot_description:/home/rida/ros2control/install/joint_limits:/home/rida/ros2control/install/controller_interface:/home/rida/ros2control/install/hardware_interface:/home/rida/ros2control/install/controller_manager_msgs:/home/rida/ros2control/install/arm_urdf:/home/rida/ros2control/install/ASIMOV_FINAL_2:/home/rida/ros2_ws/install:/home/rida/ros2control/src/ASIMOV_FINAL_2/install/ASIMOV_FINAL_2:/home/rida/asimov_ws/install/rover_dashboard:/home/rida/asimov_ws/install/drive_bringup:/home/rida/asimov_ws/install/phidgets_hardware:/home/rida/asimov_ws/install/drive_description:/home/rida/asimov_ws/install/drive_control:/home/rida/asimov_ws Rida Test/install/rover_dashboard:/home/rida/asimov_ws Rida Test/install/drive_bringup:/home/rida/asimov_ws Rida Test/install/drive_control:/home/rida/ros2control/install/rqt_controller_manager:/home/rida/ros2control/install/ros2controlcli:/opt/ros/humble LD_LIBRARY_PATH=/home/rida/tasc_science/install/science_control/lib:${LD_LIBRARY_PATH} /usr/bin/cmake /home/rida/tasc_science/src/science_bringup -DCMAKE_INSTALL_PREFIX=/home/rida/tasc_science/install/science_bringup
[40.862s] DEBUG:colcon.colcon_core.event_handler.log_command:Invoked command in '/home/rida/tasc_science/build/science_bringup' returned '0': AMENT_PREFIX_PATH=/home/rida/tasc_science/install/science_description:/home/rida/tasc_science/install/science_control:${AMENT_PREFIX_PATH} CMAKE_PREFIX_PATH=/home/rida/tasc_science/install/science_description:/home/rida/tasc_science/install/science_control:/home/rida/asimov_ws Rida Test/install/phidgets_hardware:/home/rida/asimov_ws Rida Test/install/drive_description:/home/rida/ros2control/install/ros2_control:/home/rida/ros2control/install/transmission_interface:/home/rida/ros2control/install/new_config:/home/rida/ros2control/install/hardware_interface_testing:/home/rida/ros2control/install/controller_manager:/home/rida/ros2control/install/ros2_control_test_assets:/home/rida/ros2control/install/my_robot_description:/home/rida/ros2control/install/joint_limits:/home/rida/ros2control/install/controller_interface:/home/rida/ros2control/install/hardware_interface:/home/rida/ros2control/install/controller_manager_msgs:/home/rida/ros2control/install/arm_urdf:/home/rida/ros2control/install/ASIMOV_FINAL_2:/home/rida/ros2_ws/install:/home/rida/ros2control/src/ASIMOV_FINAL_2/install/ASIMOV_FINAL_2:/home/rida/asimov_ws/install/rover_dashboard:/home/rida/asimov_ws/install/drive_bringup:/home/rida/asimov_ws/install/phidgets_hardware:/home/rida/asimov_ws/install/drive_description:/home/rida/asimov_ws/install/drive_control:/home/rida/asimov_ws Rida Test/install/rover_dashboard:/home/rida/asimov_ws Rida Test/install/drive_bringup:/home/rida/asimov_ws Rida Test/install/drive_control:/home/rida/ros2control/install/rqt_controller_manager:/home/rida/ros2control/install/ros2controlcli:/opt/ros/humble LD_LIBRARY_PATH=/home/rida/tasc_science/install/science_control/lib:${LD_LIBRARY_PATH} /usr/bin/cmake /home/rida/tasc_science/src/science_bringup -DCMAKE_INSTALL_PREFIX=/home/rida/tasc_science/install/science_bringup
[40.868s] DEBUG:colcon.colcon_core.event_handler.log_command:Invoking command in '/home/rida/tasc_science/build/science_bringup': AMENT_PREFIX_PATH=/home/rida/tasc_science/install/science_description:/home/rida/tasc_science/install/science_control:${AMENT_PREFIX_PATH} CMAKE_PREFIX_PATH=/home/rida/tasc_science/install/science_description:/home/rida/tasc_science/install/science_control:/home/rida/asimov_ws Rida Test/install/phidgets_hardware:/home/rida/asimov_ws Rida Test/install/drive_description:/home/rida/ros2control/install/ros2_control:/home/rida/ros2control/install/transmission_interface:/home/rida/ros2control/install/new_config:/home/rida/ros2control/install/hardware_interface_testing:/home/rida/ros2control/install/controller_manager:/home/rida/ros2control/install/ros2_control_test_assets:/home/rida/ros2control/install/my_robot_description:/home/rida/ros2control/install/joint_limits:/home/rida/ros2control/install/controller_interface:/home/rida/ros2control/install/hardware_interface:/home/rida/ros2control/install/controller_manager_msgs:/home/rida/ros2control/install/arm_urdf:/home/rida/ros2control/install/ASIMOV_FINAL_2:/home/rida/ros2_ws/install:/home/rida/ros2control/src/ASIMOV_FINAL_2/install/ASIMOV_FINAL_2:/home/rida/asimov_ws/install/rover_dashboard:/home/rida/asimov_ws/install/drive_bringup:/home/rida/asimov_ws/install/phidgets_hardware:/home/rida/asimov_ws/install/drive_description:/home/rida/asimov_ws/install/drive_control:/home/rida/asimov_ws Rida Test/install/rover_dashboard:/home/rida/asimov_ws Rida Test/install/drive_bringup:/home/rida/asimov_ws Rida Test/install/drive_control:/home/rida/ros2control/install/rqt_controller_manager:/home/rida/ros2control/install/ros2controlcli:/opt/ros/humble LD_LIBRARY_PATH=/home/rida/tasc_science/install/science_control/lib:${LD_LIBRARY_PATH} /usr/bin/cmake --build /home/rida/tasc_science/build/science_bringup -- -j3 -l3
[41.022s] DEBUG:colcon.colcon_core.event_handler.log_command:Invoked command in '/home/rida/tasc_science/build/science_bringup' returned '0': AMENT_PREFIX_PATH=/home/rida/tasc_science/install/science_description:/home/rida/tasc_science/install/science_control:${AMENT_PREFIX_PATH} CMAKE_PREFIX_PATH=/home/rida/tasc_science/install/science_description:/home/rida/tasc_science/install/science_control:/home/rida/asimov_ws Rida Test/install/phidgets_hardware:/home/rida/asimov_ws Rida Test/install/drive_description:/home/rida/ros2control/install/ros2_control:/home/rida/ros2control/install/transmission_interface:/home/rida/ros2control/install/new_config:/home/rida/ros2control/install/hardware_interface_testing:/home/rida/ros2control/install/controller_manager:/home/rida/ros2control/install/ros2_control_test_assets:/home/rida/ros2control/install/my_robot_description:/home/rida/ros2control/install/joint_limits:/home/rida/ros2control/install/controller_interface:/home/rida/ros2control/install/hardware_interface:/home/rida/ros2control/install/controller_manager_msgs:/home/rida/ros2control/install/arm_urdf:/home/rida/ros2control/install/ASIMOV_FINAL_2:/home/rida/ros2_ws/install:/home/rida/ros2control/src/ASIMOV_FINAL_2/install/ASIMOV_FINAL_2:/home/rida/asimov_ws/install/rover_dashboard:/home/rida/asimov_ws/install/drive_bringup:/home/rida/asimov_ws/install/phidgets_hardware:/home/rida/asimov_ws/install/drive_description:/home/rida/asimov_ws/install/drive_control:/home/rida/asimov_ws Rida Test/install/rover_dashboard:/home/rida/asimov_ws Rida Test/install/drive_bringup:/home/rida/asimov_ws Rida Test/install/drive_control:/home/rida/ros2control/install/rqt_controller_manager:/home/rida/ros2control/install/ros2controlcli:/opt/ros/humble LD_LIBRARY_PATH=/home/rida/tasc_science/install/science_control/lib:${LD_LIBRARY_PATH} /usr/bin/cmake --build /home/rida/tasc_science/build/science_bringup -- -j3 -l3
[41.027s] DEBUG:colcon.colcon_core.event_handler.log_command:Invoking command in '/home/rida/tasc_science/build/science_bringup': AMENT_PREFIX_PATH=/home/rida/tasc_science/install/science_description:/home/rida/tasc_science/install/science_control:${AMENT_PREFIX_PATH} CMAKE_PREFIX_PATH=/home/rida/tasc_science/install/science_description:/home/rida/tasc_science/install/science_control:/home/rida/asimov_ws Rida Test/install/phidgets_hardware:/home/rida/asimov_ws Rida Test/install/drive_description:/home/rida/ros2control/install/ros2_control:/home/rida/ros2control/install/transmission_interface:/home/rida/ros2control/install/new_config:/home/rida/ros2control/install/hardware_interface_testing:/home/rida/ros2control/install/controller_manager:/home/rida/ros2control/install/ros2_control_test_assets:/home/rida/ros2control/install/my_robot_description:/home/rida/ros2control/install/joint_limits:/home/rida/ros2control/install/controller_interface:/home/rida/ros2control/install/hardware_interface:/home/rida/ros2control/install/controller_manager_msgs:/home/rida/ros2control/install/arm_urdf:/home/rida/ros2control/install/ASIMOV_FINAL_2:/home/rida/ros2_ws/install:/home/rida/ros2control/src/ASIMOV_FINAL_2/install/ASIMOV_FINAL_2:/home/rida/asimov_ws/install/rover_dashboard:/home/rida/asimov_ws/install/drive_bringup:/home/rida/asimov_ws/install/phidgets_hardware:/home/rida/asimov_ws/install/drive_description:/home/rida/asimov_ws/install/drive_control:/home/rida/asimov_ws Rida Test/install/rover_dashboard:/home/rida/asimov_ws Rida Test/install/drive_bringup:/home/rida/asimov_ws Rida Test/install/drive_control:/home/rida/ros2control/install/rqt_controller_manager:/home/rida/ros2control/install/ros2controlcli:/opt/ros/humble LD_LIBRARY_PATH=/home/rida/tasc_science/install/science_control/lib:${LD_LIBRARY_PATH} /usr/bin/cmake --install /home/rida/tasc_science/build/science_bringup
[41.072s] Level 1:colcon.colcon_core.environment:create_environment_scripts_only(science_bringup)
[41.073s] Level 1:colcon.colcon_core.environment:checking '/home/rida/tasc_science/install/science_bringup' for CMake module files
[41.076s] DEBUG:colcon.colcon_core.event_handler.log_command:Invoked command in '/home/rida/tasc_science/build/science_bringup' returned '0': AMENT_PREFIX_PATH=/home/rida/tasc_science/install/science_description:/home/rida/tasc_science/install/science_control:${AMENT_PREFIX_PATH} CMAKE_PREFIX_PATH=/home/rida/tasc_science/install/science_description:/home/rida/tasc_science/install/science_control:/home/rida/asimov_ws Rida Test/install/phidgets_hardware:/home/rida/asimov_ws Rida Test/install/drive_description:/home/rida/ros2control/install/ros2_control:/home/rida/ros2control/install/transmission_interface:/home/rida/ros2control/install/new_config:/home/rida/ros2control/install/hardware_interface_testing:/home/rida/ros2control/install/controller_manager:/home/rida/ros2control/install/ros2_control_test_assets:/home/rida/ros2control/install/my_robot_description:/home/rida/ros2control/install/joint_limits:/home/rida/ros2control/install/controller_interface:/home/rida/ros2control/install/hardware_interface:/home/rida/ros2control/install/controller_manager_msgs:/home/rida/ros2control/install/arm_urdf:/home/rida/ros2control/install/ASIMOV_FINAL_2:/home/rida/ros2_ws/install:/home/rida/ros2control/src/ASIMOV_FINAL_2/install/ASIMOV_FINAL_2:/home/rida/asimov_ws/install/rover_dashboard:/home/rida/asimov_ws/install/drive_bringup:/home/rida/asimov_ws/install/phidgets_hardware:/home/rida/asimov_ws/install/drive_description:/home/rida/asimov_ws/install/drive_control:/home/rida/asimov_ws Rida Test/install/rover_dashboard:/home/rida/asimov_ws Rida Test/install/drive_bringup:/home/rida/asimov_ws Rida Test/install/drive_control:/home/rida/ros2control/install/rqt_controller_manager:/home/rida/ros2control/install/ros2controlcli:/opt/ros/humble LD_LIBRARY_PATH=/home/rida/tasc_science/install/science_control/lib:${LD_LIBRARY_PATH} /usr/bin/cmake --install /home/rida/tasc_science/build/science_bringup
[41.077s] Level 1:colcon.colcon_core.environment:checking '/home/rida/tasc_science/install/science_bringup' for CMake config files
[41.077s] Level 1:colcon.colcon_core.shell:create_environment_hook('science_bringup', 'cmake_prefix_path')
[41.078s] INFO:colcon.colcon_core.shell:Creating environment hook '/home/rida/tasc_science/install/science_bringup/share/science_bringup/hook/cmake_prefix_path.ps1'
[41.080s] INFO:colcon.colcon_core.shell:Creating environment descriptor '/home/rida/tasc_science/install/science_bringup/share/science_bringup/hook/cmake_prefix_path.dsv'
[41.081s] INFO:colcon.colcon_core.shell:Creating environment hook '/home/rida/tasc_science/install/science_bringup/share/science_bringup/hook/cmake_prefix_path.sh'
[41.082s] Level 1:colcon.colcon_core.environment:checking '/home/rida/tasc_science/install/science_bringup/bin'
[41.082s] Level 1:colcon.colcon_core.environment:checking '/home/rida/tasc_science/install/science_bringup/lib/pkgconfig/science_bringup.pc'
[41.083s] Level 1:colcon.colcon_core.environment:checking '/home/rida/tasc_science/install/science_bringup/lib/python3.10/site-packages'
[41.083s] Level 1:colcon.colcon_core.environment:checking '/home/rida/tasc_science/install/science_bringup/bin'
[41.084s] INFO:colcon.colcon_core.shell:Creating package script '/home/rida/tasc_science/install/science_bringup/share/science_bringup/package.ps1'
[41.086s] INFO:colcon.colcon_core.shell:Creating package descriptor '/home/rida/tasc_science/install/science_bringup/share/science_bringup/package.dsv'
[41.087s] INFO:colcon.colcon_core.shell:Creating package script '/home/rida/tasc_science/install/science_bringup/share/science_bringup/package.sh'
[41.088s] INFO:colcon.colcon_core.shell:Creating package script '/home/rida/tasc_science/install/science_bringup/share/science_bringup/package.bash'
[41.089s] INFO:colcon.colcon_core.shell:Creating package script '/home/rida/tasc_science/install/science_bringup/share/science_bringup/package.zsh'
[41.090s] Level 1:colcon.colcon_core.environment:create_file_with_runtime_dependencies(/home/rida/tasc_science/install/science_bringup/share/colcon-core/packages/science_bringup)
[41.091s] Level 1:colcon.colcon_core.environment:create_environment_scripts_only(science_bringup)
[41.092s] Level 1:colcon.colcon_core.environment:checking '/home/rida/tasc_science/install/science_bringup' for CMake module files
[41.093s] Level 1:colcon.colcon_core.environment:checking '/home/rida/tasc_science/install/science_bringup' for CMake config files
[41.093s] Level 1:colcon.colcon_core.shell:create_environment_hook('science_bringup', 'cmake_prefix_path')
[41.094s] INFO:colcon.colcon_core.shell:Creating environment hook '/home/rida/tasc_science/install/science_bringup/share/science_bringup/hook/cmake_prefix_path.ps1'
[41.095s] INFO:colcon.colcon_core.shell:Creating environment descriptor '/home/rida/tasc_science/install/science_bringup/share/science_bringup/hook/cmake_prefix_path.dsv'
[41.097s] INFO:colcon.colcon_core.shell:Creating environment hook '/home/rida/tasc_science/install/science_bringup/share/science_bringup/hook/cmake_prefix_path.sh'
[41.099s] Level 1:colcon.colcon_core.environment:checking '/home/rida/tasc_science/install/science_bringup/bin'
[41.099s] Level 1:colcon.colcon_core.environment:checking '/home/rida/tasc_science/install/science_bringup/lib/pkgconfig/science_bringup.pc'
[41.099s] Level 1:colcon.colcon_core.environment:checking '/home/rida/tasc_science/install/science_bringup/lib/python3.10/site-packages'
[41.100s] Level 1:colcon.colcon_core.environment:checking '/home/rida/tasc_science/install/science_bringup/bin'
[41.101s] INFO:colcon.colcon_core.shell:Creating package script '/home/rida/tasc_science/install/science_bringup/share/science_bringup/package.ps1'
[41.103s] INFO:colcon.colcon_core.shell:Creating package descriptor '/home/rida/tasc_science/install/science_bringup/share/science_bringup/package.dsv'
[41.104s] INFO:colcon.colcon_core.shell:Creating package script '/home/rida/tasc_science/install/science_bringup/share/science_bringup/package.sh'
[41.106s] INFO:colcon.colcon_core.shell:Creating package script '/home/rida/tasc_science/install/science_bringup/share/science_bringup/package.bash'
[41.108s] INFO:colcon.colcon_core.shell:Creating package script '/home/rida/tasc_science/install/science_bringup/share/science_bringup/package.zsh'
[41.112s] Level 1:colcon.colcon_core.environment:create_file_with_runtime_dependencies(/home/rida/tasc_science/install/science_bringup/share/colcon-core/packages/science_bringup)
[41.114s] DEBUG:colcon.colcon_parallel_executor.executor.parallel:closing loop
[41.114s] DEBUG:colcon.colcon_parallel_executor.executor.parallel:loop closed
[41.114s] DEBUG:colcon.colcon_parallel_executor.executor.parallel:run_until_complete finished with '0'
[41.114s] DEBUG:colcon.colcon_core.event_reactor:joining thread
[41.132s] INFO:colcon.colcon_core.plugin_system:Skipping extension 'colcon_notification.desktop_notification.terminal_notifier': Not used on non-Darwin systems
[41.132s] INFO:colcon.colcon_core.plugin_system:Skipping extension 'colcon_notification.desktop_notification.win32': Not used on non-Windows systems
[41.133s] INFO:colcon.colcon_notification.desktop_notification:Sending desktop notification using 'notify2'
[41.176s] DEBUG:colcon.colcon_core.event_reactor:joined thread
[41.177s] INFO:colcon.colcon_core.shell:Creating prefix script '/home/rida/tasc_science/install/local_setup.ps1'
[41.179s] INFO:colcon.colcon_core.shell:Creating prefix util module '/home/rida/tasc_science/install/_local_setup_util_ps1.py'
[41.182s] INFO:colcon.colcon_core.shell:Creating prefix chain script '/home/rida/tasc_science/install/setup.ps1'
[41.188s] INFO:colcon.colcon_core.shell:Creating prefix script '/home/rida/tasc_science/install/local_setup.sh'
[41.190s] INFO:colcon.colcon_core.shell:Creating prefix util module '/home/rida/tasc_science/install/_local_setup_util_sh.py'
[41.191s] INFO:colcon.colcon_core.shell:Creating prefix chain script '/home/rida/tasc_science/install/setup.sh'
[41.197s] INFO:colcon.colcon_core.shell:Creating prefix script '/home/rida/tasc_science/install/local_setup.bash'
[41.199s] INFO:colcon.colcon_core.shell:Creating prefix chain script '/home/rida/tasc_science/install/setup.bash'
[41.207s] INFO:colcon.colcon_core.shell:Creating prefix script '/home/rida/tasc_science/install/local_setup.zsh'
[41.209s] INFO:colcon.colcon_core.shell:Creating prefix chain script '/home/rida/tasc_science/install/setup.zsh'
