[0.029s] Invoking command in '/home/ibrahim/tasc_science/build/science_bringup': AMENT_PREFIX_PATH=/home/ibrahim/tasc_science/install/science_description:/home/ibrahim/tasc_science/install/science_control:${AMENT_PREFIX_PATH} CMAKE_PREFIX_PATH=/home/ibrahim/tasc_science/install/science_description:/home/ibrahim/tasc_science/install/science_control:/opt/ros/humble LD_LIBRARY_PATH=/home/ibrahim/tasc_science/install/science_control/lib:${LD_LIBRARY_PATH} /usr/bin/cmake /home/ibrahim/tasc_science/src/science_bringup -DAMENT_CMAKE_SYMLINK_INSTALL=1 -DCMAKE_INSTALL_PREFIX=/home/ibrahim/tasc_science/install/science_bringup
[0.173s] -- The C compiler identification is GNU 11.4.0
[0.359s] -- The CXX compiler identification is GNU 11.4.0
[0.381s] -- Detecting C compiler ABI info
[0.587s] -- Detecting C compiler ABI info - done
[0.600s] -- Check for working C compiler: /usr/bin/cc - skipped
[0.601s] -- Detecting C compile features
[0.601s] -- Detecting C compile features - done
[0.607s] -- Detecting CXX compiler ABI info
[0.762s] -- Detecting CXX compiler ABI info - done
[0.776s] -- Check for working CXX compiler: /usr/bin/c++ - skipped
[0.776s] -- Detecting CXX compile features
[0.778s] -- Detecting CXX compile features - done
[0.782s] -- Found ament_cmake: 1.3.12 (/opt/ros/humble/share/ament_cmake/cmake)
[1.089s] -- Found Python3: /usr/bin/python3 (found version "3.10.12") found components: Interpreter 
[1.216s] -- Override CMake install command with custom implementation using symlinks instead of copying resources
[1.401s] -- Configuring done
[1.405s] -- Generating done
[1.409s] -- Build files have been written to: /home/ibrahim/tasc_science/build/science_bringup
[1.423s] Invoked command in '/home/ibrahim/tasc_science/build/science_bringup' returned '0': AMENT_PREFIX_PATH=/home/ibrahim/tasc_science/install/science_description:/home/ibrahim/tasc_science/install/science_control:${AMENT_PREFIX_PATH} CMAKE_PREFIX_PATH=/home/ibrahim/tasc_science/install/science_description:/home/ibrahim/tasc_science/install/science_control:/opt/ros/humble LD_LIBRARY_PATH=/home/ibrahim/tasc_science/install/science_control/lib:${LD_LIBRARY_PATH} /usr/bin/cmake /home/ibrahim/tasc_science/src/science_bringup -DAMENT_CMAKE_SYMLINK_INSTALL=1 -DCMAKE_INSTALL_PREFIX=/home/ibrahim/tasc_science/install/science_bringup
[1.424s] Invoking command in '/home/ibrahim/tasc_science/build/science_bringup': AMENT_PREFIX_PATH=/home/ibrahim/tasc_science/install/science_description:/home/ibrahim/tasc_science/install/science_control:${AMENT_PREFIX_PATH} CMAKE_PREFIX_PATH=/home/ibrahim/tasc_science/install/science_description:/home/ibrahim/tasc_science/install/science_control:/opt/ros/humble LD_LIBRARY_PATH=/home/ibrahim/tasc_science/install/science_control/lib:${LD_LIBRARY_PATH} /usr/bin/cmake --build /home/ibrahim/tasc_science/build/science_bringup -- -j4 -l4
[1.508s] Invoked command in '/home/ibrahim/tasc_science/build/science_bringup' returned '0': AMENT_PREFIX_PATH=/home/ibrahim/tasc_science/install/science_description:/home/ibrahim/tasc_science/install/science_control:${AMENT_PREFIX_PATH} CMAKE_PREFIX_PATH=/home/ibrahim/tasc_science/install/science_description:/home/ibrahim/tasc_science/install/science_control:/opt/ros/humble LD_LIBRARY_PATH=/home/ibrahim/tasc_science/install/science_control/lib:${LD_LIBRARY_PATH} /usr/bin/cmake --build /home/ibrahim/tasc_science/build/science_bringup -- -j4 -l4
[1.512s] Invoking command in '/home/ibrahim/tasc_science/build/science_bringup': AMENT_PREFIX_PATH=/home/ibrahim/tasc_science/install/science_description:/home/ibrahim/tasc_science/install/science_control:${AMENT_PREFIX_PATH} CMAKE_PREFIX_PATH=/home/ibrahim/tasc_science/install/science_description:/home/ibrahim/tasc_science/install/science_control:/opt/ros/humble LD_LIBRARY_PATH=/home/ibrahim/tasc_science/install/science_control/lib:${LD_LIBRARY_PATH} /usr/bin/cmake --install /home/ibrahim/tasc_science/build/science_bringup
[1.529s] -- Install configuration: ""
[1.529s] -- Execute custom install script
[1.531s] -- Symlinking: /home/ibrahim/tasc_science/install/science_bringup/share/science_bringup/launch/bringup.launch.py
[1.552s] -- Symlinking: /home/ibrahim/tasc_science/install/science_bringup/share/ament_index/resource_index/package_run_dependencies/science_bringup
[1.577s] -- Symlinking: /home/ibrahim/tasc_science/install/science_bringup/share/ament_index/resource_index/parent_prefix_path/science_bringup
[1.597s] -- Symlinking: /home/ibrahim/tasc_science/install/science_bringup/share/science_bringup/environment/ament_prefix_path.sh
[1.618s] -- Symlinking: /home/ibrahim/tasc_science/install/science_bringup/share/science_bringup/environment/ament_prefix_path.dsv
[1.641s] -- Symlinking: /home/ibrahim/tasc_science/install/science_bringup/share/science_bringup/environment/path.sh
[1.662s] -- Symlinking: /home/ibrahim/tasc_science/install/science_bringup/share/science_bringup/environment/path.dsv
[1.680s] -- Symlinking: /home/ibrahim/tasc_science/install/science_bringup/share/science_bringup/local_setup.bash
[1.701s] -- Symlinking: /home/ibrahim/tasc_science/install/science_bringup/share/science_bringup/local_setup.sh
[1.722s] -- Symlinking: /home/ibrahim/tasc_science/install/science_bringup/share/science_bringup/local_setup.zsh
[1.743s] -- Symlinking: /home/ibrahim/tasc_science/install/science_bringup/share/science_bringup/local_setup.dsv
[1.763s] -- Symlinking: /home/ibrahim/tasc_science/install/science_bringup/share/science_bringup/package.dsv
[1.782s] -- Symlinking: /home/ibrahim/tasc_science/install/science_bringup/share/ament_index/resource_index/packages/science_bringup
[1.801s] -- Symlinking: /home/ibrahim/tasc_science/install/science_bringup/share/science_bringup/cmake/science_bringupConfig.cmake
[1.823s] -- Symlinking: /home/ibrahim/tasc_science/install/science_bringup/share/science_bringup/cmake/science_bringupConfig-version.cmake
[1.842s] -- Symlinking: /home/ibrahim/tasc_science/install/science_bringup/share/science_bringup/package.xml
[1.864s] Invoked command in '/home/ibrahim/tasc_science/build/science_bringup' returned '0': AMENT_PREFIX_PATH=/home/ibrahim/tasc_science/install/science_description:/home/ibrahim/tasc_science/install/science_control:${AMENT_PREFIX_PATH} CMAKE_PREFIX_PATH=/home/ibrahim/tasc_science/install/science_description:/home/ibrahim/tasc_science/install/science_control:/opt/ros/humble LD_LIBRARY_PATH=/home/ibrahim/tasc_science/install/science_control/lib:${LD_LIBRARY_PATH} /usr/bin/cmake --install /home/ibrahim/tasc_science/build/science_bringup
