[0.070s] Invoking command in '/home/rida/tasc_science/build/science_control': CMAKE_PREFIX_PATH=${CMAKE_PREFIX_PATH}:/home/rida/asimov_ws/install/rover_dashboard:/home/rida/asimov_ws/install/drive_bringup:/home/rida/asimov_ws/install/phidgets_hardware:/home/rida/asimov_ws/install/drive_description:/home/rida/asimov_ws/install/drive_control:/home/rida/asimov_ws Rida Test/install/rover_dashboard:/home/rida/asimov_ws Rida Test/install/drive_bringup:/home/rida/asimov_ws Rida Test/install/drive_control:/home/rida/ros2control/install/rqt_controller_manager:/home/rida/ros2control/install/ros2controlcli:/opt/ros/humble /usr/bin/cmake /home/rida/tasc_science/src/science_control -DCMAKE_INSTALL_PREFIX=/home/rida/tasc_science/install/science_control
[0.358s] -- The C compiler identification is GNU 11.4.0
[0.537s] -- The CXX compiler identification is GNU 11.4.0
[0.563s] -- Detecting C compiler ABI info
[0.840s] -- Detecting C compiler ABI info - done
[0.860s] -- Check for working C compiler: /usr/bin/cc - skipped
[0.860s] -- Detecting C compile features
[0.862s] -- Detecting C compile features - done
[0.870s] -- Detecting CXX compiler ABI info
[1.160s] -- Detecting CXX compiler ABI info - done
[1.177s] -- Check for working CXX compiler: /usr/bin/c++ - skipped
[1.177s] -- Detecting CXX compile features
[1.178s] -- Detecting CXX compile features - done
[1.230s] -- Found ament_cmake: 1.3.12 (/opt/ros/humble/share/ament_cmake/cmake)
[1.758s] -- Found Python3: /usr/bin/python3 (found version "3.10.12") found components: Interpreter 
[2.219s] -- Found rclcpp: 16.0.14 (/opt/ros/humble/share/rclcpp/cmake)
[2.492s] -- Found rosidl_generator_c: 3.1.7 (/opt/ros/humble/share/rosidl_generator_c/cmake)
[2.530s] -- Found rosidl_adapter: 3.1.7 (/opt/ros/humble/share/rosidl_adapter/cmake)
[2.576s] -- Found rosidl_generator_cpp: 3.1.7 (/opt/ros/humble/share/rosidl_generator_cpp/cmake)
[2.642s] -- Using all available rosidl_typesupport_c: rosidl_typesupport_fastrtps_c;rosidl_typesupport_introspection_c
[2.725s] -- Using all available rosidl_typesupport_cpp: rosidl_typesupport_fastrtps_cpp;rosidl_typesupport_introspection_cpp
[2.997s] -- Found rmw_implementation_cmake: 6.1.2 (/opt/ros/humble/share/rmw_implementation_cmake/cmake)
[3.017s] -- Found rmw_fastrtps_cpp: 6.2.8 (/opt/ros/humble/share/rmw_fastrtps_cpp/cmake)
[3.457s] -- Found OpenSSL: /usr/lib/x86_64-linux-gnu/libcrypto.so (found version "3.0.2")  
[3.568s] -- Found FastRTPS: /opt/ros/humble/include  
[3.727s] -- Using RMW implementation 'rmw_fastrtps_cpp' as default
[3.791s] -- Looking for pthread.h
[4.075s] -- Looking for pthread.h - found
[4.077s] -- Performing Test CMAKE_HAVE_LIBC_PTHREAD
[4.372s] -- Performing Test CMAKE_HAVE_LIBC_PTHREAD - Success
[4.376s] -- Found Threads: TRUE  
[4.581s] -- Found rclcpp_lifecycle: 16.0.14 (/opt/ros/humble/share/rclcpp_lifecycle/cmake)
[4.662s] -- Found hardware_interface: 2.52.2 (/home/rida/ros2control/install/hardware_interface/share/hardware_interface/cmake)
[5.404s] -- Configuring done
[5.476s] -- Generating done
[5.499s] -- Build files have been written to: /home/rida/tasc_science/build/science_control
[5.528s] Invoked command in '/home/rida/tasc_science/build/science_control' returned '0': CMAKE_PREFIX_PATH=${CMAKE_PREFIX_PATH}:/home/rida/asimov_ws/install/rover_dashboard:/home/rida/asimov_ws/install/drive_bringup:/home/rida/asimov_ws/install/phidgets_hardware:/home/rida/asimov_ws/install/drive_description:/home/rida/asimov_ws/install/drive_control:/home/rida/asimov_ws Rida Test/install/rover_dashboard:/home/rida/asimov_ws Rida Test/install/drive_bringup:/home/rida/asimov_ws Rida Test/install/drive_control:/home/rida/ros2control/install/rqt_controller_manager:/home/rida/ros2control/install/ros2controlcli:/opt/ros/humble /usr/bin/cmake /home/rida/tasc_science/src/science_control -DCMAKE_INSTALL_PREFIX=/home/rida/tasc_science/install/science_control
[5.530s] Invoking command in '/home/rida/tasc_science/build/science_control': CMAKE_PREFIX_PATH=${CMAKE_PREFIX_PATH}:/home/rida/asimov_ws/install/rover_dashboard:/home/rida/asimov_ws/install/drive_bringup:/home/rida/asimov_ws/install/phidgets_hardware:/home/rida/asimov_ws/install/drive_description:/home/rida/asimov_ws/install/drive_control:/home/rida/asimov_ws Rida Test/install/rover_dashboard:/home/rida/asimov_ws Rida Test/install/drive_bringup:/home/rida/asimov_ws Rida Test/install/drive_control:/home/rida/ros2control/install/rqt_controller_manager:/home/rida/ros2control/install/ros2controlcli:/opt/ros/humble /usr/bin/cmake --build /home/rida/tasc_science/build/science_control -- -j3 -l3
[5.752s] [ 25%] [32mBuilding CXX object CMakeFiles/science_2026_keyboard_teleop.dir/teleop/science_2026_keyboard_teleop.cpp.o[0m
[5.754s] [ 50%] [32mBuilding CXX object CMakeFiles/science_2026.dir/src/science_2026_system.cpp.o[0m
[16.442s] [ 75%] [32m[1mLinking CXX shared library libscience_2026.so[0m
[17.187s] [ 75%] Built target science_2026
[31.906s] [100%] [32m[1mLinking CXX executable science_2026_keyboard_teleop[0m
[32.969s] [100%] Built target science_2026_keyboard_teleop
[33.020s] Invoked command in '/home/rida/tasc_science/build/science_control' returned '0': CMAKE_PREFIX_PATH=${CMAKE_PREFIX_PATH}:/home/rida/asimov_ws/install/rover_dashboard:/home/rida/asimov_ws/install/drive_bringup:/home/rida/asimov_ws/install/phidgets_hardware:/home/rida/asimov_ws/install/drive_description:/home/rida/asimov_ws/install/drive_control:/home/rida/asimov_ws Rida Test/install/rover_dashboard:/home/rida/asimov_ws Rida Test/install/drive_bringup:/home/rida/asimov_ws Rida Test/install/drive_control:/home/rida/ros2control/install/rqt_controller_manager:/home/rida/ros2control/install/ros2controlcli:/opt/ros/humble /usr/bin/cmake --build /home/rida/tasc_science/build/science_control -- -j3 -l3
[33.059s] Invoking command in '/home/rida/tasc_science/build/science_control': CMAKE_PREFIX_PATH=${CMAKE_PREFIX_PATH}:/home/rida/asimov_ws/install/rover_dashboard:/home/rida/asimov_ws/install/drive_bringup:/home/rida/asimov_ws/install/phidgets_hardware:/home/rida/asimov_ws/install/drive_description:/home/rida/asimov_ws/install/drive_control:/home/rida/asimov_ws Rida Test/install/rover_dashboard:/home/rida/asimov_ws Rida Test/install/drive_bringup:/home/rida/asimov_ws Rida Test/install/drive_control:/home/rida/ros2control/install/rqt_controller_manager:/home/rida/ros2control/install/ros2controlcli:/opt/ros/humble /usr/bin/cmake --install /home/rida/tasc_science/build/science_control
[33.090s] -- Install configuration: ""
[33.091s] -- Installing: /home/rida/tasc_science/install/science_control/share/science_control/plugin.xml
[33.092s] -- Installing: /home/rida/tasc_science/install/science_control/include
[33.092s] -- Installing: /home/rida/tasc_science/install/science_control/include/science_control
[33.092s] -- Installing: /home/rida/tasc_science/install/science_control/include/science_control/science_2026_system.hpp
[33.092s] -- Installing: /home/rida/tasc_science/install/science_control/share/science_control/config
[33.092s] -- Installing: /home/rida/tasc_science/install/science_control/share/science_control/config/controllers.yaml
[33.093s] -- Up-to-date: /home/rida/tasc_science/install/science_control/share/science_control/plugin.xml
[33.094s] -- Installing: /home/rida/tasc_science/install/science_control/lib/libscience_2026.so
[33.097s] -- Set runtime path of "/home/rida/tasc_science/install/science_control/lib/libscience_2026.so" to ""
[33.098s] -- Installing: /home/rida/tasc_science/install/science_control/lib/science_control/science_2026_keyboard_teleop
[33.111s] -- Set runtime path of "/home/rida/tasc_science/install/science_control/lib/science_control/science_2026_keyboard_teleop" to ""
[33.111s] -- Installing: /home/rida/tasc_science/install/science_control/share/science_control/environment/library_path.sh
[33.112s] -- Installing: /home/rida/tasc_science/install/science_control/share/science_control/environment/library_path.dsv
[33.113s] -- Installing: /home/rida/tasc_science/install/science_control/share/ament_index/resource_index/package_run_dependencies/science_control
[33.114s] -- Installing: /home/rida/tasc_science/install/science_control/share/ament_index/resource_index/parent_prefix_path/science_control
[33.114s] -- Installing: /home/rida/tasc_science/install/science_control/share/science_control/environment/ament_prefix_path.sh
[33.115s] -- Installing: /home/rida/tasc_science/install/science_control/share/science_control/environment/ament_prefix_path.dsv
[33.116s] -- Installing: /home/rida/tasc_science/install/science_control/share/science_control/environment/path.sh
[33.116s] -- Installing: /home/rida/tasc_science/install/science_control/share/science_control/environment/path.dsv
[33.118s] -- Installing: /home/rida/tasc_science/install/science_control/share/science_control/local_setup.bash
[33.119s] -- Installing: /home/rida/tasc_science/install/science_control/share/science_control/local_setup.sh
[33.120s] -- Installing: /home/rida/tasc_science/install/science_control/share/science_control/local_setup.zsh
[33.120s] -- Installing: /home/rida/tasc_science/install/science_control/share/science_control/local_setup.dsv
[33.121s] -- Installing: /home/rida/tasc_science/install/science_control/share/science_control/package.dsv
[33.122s] -- Installing: /home/rida/tasc_science/install/science_control/share/ament_index/resource_index/packages/science_control
[33.123s] -- Installing: /home/rida/tasc_science/install/science_control/share/ament_index/resource_index/hardware_interface__pluginlib__plugin/science_control
[33.124s] -- Installing: /home/rida/tasc_science/install/science_control/share/science_control/cmake/export_science_controlExport.cmake
[33.125s] -- Installing: /home/rida/tasc_science/install/science_control/share/science_control/cmake/export_science_controlExport-noconfig.cmake
[33.127s] -- Installing: /home/rida/tasc_science/install/science_control/share/science_control/cmake/ament_cmake_export_targets-extras.cmake
[33.127s] -- Installing: /home/rida/tasc_science/install/science_control/share/science_control/cmake/ament_cmake_export_dependencies-extras.cmake
[33.128s] -- Installing: /home/rida/tasc_science/install/science_control/share/science_control/cmake/science_controlConfig.cmake
[33.130s] -- Installing: /home/rida/tasc_science/install/science_control/share/science_control/cmake/science_controlConfig-version.cmake
[33.131s] -- Installing: /home/rida/tasc_science/install/science_control/share/science_control/package.xml
[33.137s] Invoked command in '/home/rida/tasc_science/build/science_control' returned '0': CMAKE_PREFIX_PATH=${CMAKE_PREFIX_PATH}:/home/rida/asimov_ws/install/rover_dashboard:/home/rida/asimov_ws/install/drive_bringup:/home/rida/asimov_ws/install/phidgets_hardware:/home/rida/asimov_ws/install/drive_description:/home/rida/asimov_ws/install/drive_control:/home/rida/asimov_ws Rida Test/install/rover_dashboard:/home/rida/asimov_ws Rida Test/install/drive_bringup:/home/rida/asimov_ws Rida Test/install/drive_control:/home/rida/ros2control/install/rqt_controller_manager:/home/rida/ros2control/install/ros2controlcli:/opt/ros/humble /usr/bin/cmake --install /home/rida/tasc_science/build/science_control
