-- Found ament_cmake: 1.3.12 (/opt/ros/humble/share/ament_cmake/cmake)
-- Override CMake install command with custom implementation using symlinks instead of copying resources
-- Found rclcpp: 16.0.14 (/opt/ros/humble/share/rclcpp/cmake)
-- Found rosidl_generator_c: 3.1.7 (/opt/ros/humble/share/rosidl_generator_c/cmake)
-- Found rosidl_adapter: 3.1.7 (/opt/ros/humble/share/rosidl_adapter/cmake)
-- Found rosidl_generator_cpp: 3.1.7 (/opt/ros/humble/share/rosidl_generator_cpp/cmake)
-- Using all available rosidl_typesupport_c: rosidl_typesupport_fastrtps_c;rosidl_typesupport_introspection_c
-- Using all available rosidl_typesupport_cpp: rosidl_typesupport_fastrtps_cpp;rosidl_typesupport_introspection_cpp
-- Found rmw_implementation_cmake: 6.1.2 (/opt/ros/humble/share/rmw_implementation_cmake/cmake)
-- Found rmw_cyclonedds_cpp: 1.3.4 (/opt/ros/humble/share/rmw_cyclonedds_cpp/cmake)
-- Using RMW implementation 'rmw_cyclonedds_cpp' as default
-- Found rclcpp_lifecycle: 16.0.14 (/opt/ros/humble/share/rclcpp_lifecycle/cmake)
-- Found hardware_interface: 2.51.0 (/opt/ros/humble/share/hardware_interface/cmake)
-- Configuring done
-- Generating done
-- Build files have been written to: /home/ibrahim/tasc_science/build/science_control
[35m[1mConsolidate compiler generated dependencies of target science_2026[0m
[ 25%] [32mBuilding CXX object CMakeFiles/keyboard_teleop.dir/teleop/science_2026_keyboard_teleop.cpp.o[0m
[ 75%] Built target science_2026
[100%] [32m[1mLinking CXX executable keyboard_teleop[0m
[100%] Built target keyboard_teleop
-- Install configuration: ""
-- Execute custom install script
-- Up-to-date symlink: /home/ibrahim/tasc_science/install/science_control/share/science_control//plugin.xml
-- Up-to-date symlink: /home/ibrahim/tasc_science/install/science_control/include/science_control/science_2026_system.hpp
-- Up-to-date symlink: /home/ibrahim/tasc_science/install/science_control/share/science_control/config/controllers.yaml
-- Up-to-date symlink: /home/ibrahim/tasc_science/install/science_control/share/science_control/plugin.xml
-- Up-to-date symlink: /home/ibrahim/tasc_science/install/science_control/share/science_control/environment/library_path.sh
-- Up-to-date symlink: /home/ibrahim/tasc_science/install/science_control/share/science_control/environment/library_path.dsv
-- Up-to-date symlink: /home/ibrahim/tasc_science/install/science_control/share/ament_index/resource_index/package_run_dependencies/science_control
-- Up-to-date symlink: /home/ibrahim/tasc_science/install/science_control/share/ament_index/resource_index/parent_prefix_path/science_control
-- Up-to-date symlink: /home/ibrahim/tasc_science/install/science_control/share/science_control/environment/ament_prefix_path.sh
-- Up-to-date symlink: /home/ibrahim/tasc_science/install/science_control/share/science_control/environment/ament_prefix_path.dsv
-- Up-to-date symlink: /home/ibrahim/tasc_science/install/science_control/share/science_control/environment/path.sh
-- Up-to-date symlink: /home/ibrahim/tasc_science/install/science_control/share/science_control/environment/path.dsv
-- Up-to-date symlink: /home/ibrahim/tasc_science/install/science_control/share/science_control/local_setup.bash
-- Up-to-date symlink: /home/ibrahim/tasc_science/install/science_control/share/science_control/local_setup.sh
-- Up-to-date symlink: /home/ibrahim/tasc_science/install/science_control/share/science_control/local_setup.zsh
-- Up-to-date symlink: /home/ibrahim/tasc_science/install/science_control/share/science_control/local_setup.dsv
-- Symlinking: /home/ibrahim/tasc_science/install/science_control/share/science_control/package.dsv
-- Up-to-date symlink: /home/ibrahim/tasc_science/install/science_control/share/ament_index/resource_index/packages/science_control
-- Up-to-date symlink: /home/ibrahim/tasc_science/install/science_control/share/ament_index/resource_index/hardware_interface__pluginlib__plugin/science_control
-- Up-to-date symlink: /home/ibrahim/tasc_science/install/science_control/share/science_control/cmake/ament_cmake_export_targets-extras.cmake
-- Up-to-date symlink: /home/ibrahim/tasc_science/install/science_control/share/science_control/cmake/ament_cmake_export_dependencies-extras.cmake
-- Up-to-date symlink: /home/ibrahim/tasc_science/install/science_control/share/science_control/cmake/science_controlConfig.cmake
-- Up-to-date symlink: /home/ibrahim/tasc_science/install/science_control/share/science_control/cmake/science_controlConfig-version.cmake
-- Up-to-date symlink: /home/ibrahim/tasc_science/install/science_control/share/science_control/package.xml
-- Up-to-date: /home/ibrahim/tasc_science/install/science_control/lib/libscience_2026.so
-- Installing: /home/ibrahim/tasc_science/install/science_control/lib/science_control/keyboard_teleop
-- Set runtime path of "/home/ibrahim/tasc_science/install/science_control/lib/science_control/keyboard_teleop" to ""
-- Old export file "/home/ibrahim/tasc_science/install/science_control/share/science_control/cmake/export_science_controlExport.cmake" will be replaced.  Removing files [/home/ibrahim/tasc_science/install/science_control/share/science_control/cmake/export_science_controlExport-noconfig.cmake].
-- Installing: /home/ibrahim/tasc_science/install/science_control/share/science_control/cmake/export_science_controlExport.cmake
-- Installing: /home/ibrahim/tasc_science/install/science_control/share/science_control/cmake/export_science_controlExport-noconfig.cmake
