[0.010s] Invoking command in '/home/ibrahim/tasc_science/build/science_control': CMAKE_PREFIX_PATH=${CMAKE_PREFIX_PATH}:/opt/ros/humble /usr/bin/cmake --build /home/ibrahim/tasc_science/build/science_control -- -j4 -l4
[0.031s] -- Found ament_cmake: 1.3.12 (/opt/ros/humble/share/ament_cmake/cmake)
[0.137s] -- Override CMake install command with custom implementation using symlinks instead of copying resources
[0.142s] -- Found rclcpp: 16.0.14 (/opt/ros/humble/share/rclcpp/cmake)
[0.167s] -- Found rosidl_generator_c: 3.1.7 (/opt/ros/humble/share/rosidl_generator_c/cmake)
[0.168s] -- Found rosidl_adapter: 3.1.7 (/opt/ros/humble/share/rosidl_adapter/cmake)
[0.173s] -- Found rosidl_generator_cpp: 3.1.7 (/opt/ros/humble/share/rosidl_generator_cpp/cmake)
[0.182s] -- Using all available rosidl_typesupport_c: rosidl_typesupport_fastrtps_c;rosidl_typesupport_introspection_c
[0.192s] -- Using all available rosidl_typesupport_cpp: rosidl_typesupport_fastrtps_cpp;rosidl_typesupport_introspection_cpp
[0.217s] -- Found rmw_implementation_cmake: 6.1.2 (/opt/ros/humble/share/rmw_implementation_cmake/cmake)
[0.218s] -- Found rmw_cyclonedds_cpp: 1.3.4 (/opt/ros/humble/share/rmw_cyclonedds_cpp/cmake)
[0.232s] -- Using RMW implementation 'rmw_cyclonedds_cpp' as default
[0.271s] -- Found rclcpp_lifecycle: 16.0.14 (/opt/ros/humble/share/rclcpp_lifecycle/cmake)
[0.285s] -- Found hardware_interface: 2.51.0 (/opt/ros/humble/share/hardware_interface/cmake)
[0.438s] -- Configuring done
[0.460s] -- Generating done
[0.465s] -- Build files have been written to: /home/ibrahim/tasc_science/build/science_control
[0.488s] [35m[1mConsolidate compiler generated dependencies of target science_2026[0m
[0.499s] [ 25%] [32mBuilding CXX object CMakeFiles/keyboard_teleop.dir/teleop/science_2026_keyboard_teleop.cpp.o[0m
[0.504s] [ 75%] Built target science_2026
[3.931s] [100%] [32m[1mLinking CXX executable keyboard_teleop[0m
[4.122s] [100%] Built target keyboard_teleop
[4.133s] Invoked command in '/home/ibrahim/tasc_science/build/science_control' returned '0': CMAKE_PREFIX_PATH=${CMAKE_PREFIX_PATH}:/opt/ros/humble /usr/bin/cmake --build /home/ibrahim/tasc_science/build/science_control -- -j4 -l4
[4.146s] Invoking command in '/home/ibrahim/tasc_science/build/science_control': CMAKE_PREFIX_PATH=${CMAKE_PREFIX_PATH}:/opt/ros/humble /usr/bin/cmake --install /home/ibrahim/tasc_science/build/science_control
[4.152s] -- Install configuration: ""
[4.152s] -- Execute custom install script
[4.152s] -- Up-to-date symlink: /home/ibrahim/tasc_science/install/science_control/share/science_control//plugin.xml
[4.152s] -- Up-to-date symlink: /home/ibrahim/tasc_science/install/science_control/include/science_control/science_2026_system.hpp
[4.152s] -- Up-to-date symlink: /home/ibrahim/tasc_science/install/science_control/share/science_control/config/controllers.yaml
[4.153s] -- Up-to-date symlink: /home/ibrahim/tasc_science/install/science_control/share/science_control/plugin.xml
[4.153s] -- Up-to-date symlink: /home/ibrahim/tasc_science/install/science_control/share/science_control/environment/library_path.sh
[4.153s] -- Up-to-date symlink: /home/ibrahim/tasc_science/install/science_control/share/science_control/environment/library_path.dsv
[4.153s] -- Up-to-date symlink: /home/ibrahim/tasc_science/install/science_control/share/ament_index/resource_index/package_run_dependencies/science_control
[4.153s] -- Up-to-date symlink: /home/ibrahim/tasc_science/install/science_control/share/ament_index/resource_index/parent_prefix_path/science_control
[4.153s] -- Up-to-date symlink: /home/ibrahim/tasc_science/install/science_control/share/science_control/environment/ament_prefix_path.sh
[4.153s] -- Up-to-date symlink: /home/ibrahim/tasc_science/install/science_control/share/science_control/environment/ament_prefix_path.dsv
[4.153s] -- Up-to-date symlink: /home/ibrahim/tasc_science/install/science_control/share/science_control/environment/path.sh
[4.153s] -- Up-to-date symlink: /home/ibrahim/tasc_science/install/science_control/share/science_control/environment/path.dsv
[4.153s] -- Up-to-date symlink: /home/ibrahim/tasc_science/install/science_control/share/science_control/local_setup.bash
[4.153s] -- Up-to-date symlink: /home/ibrahim/tasc_science/install/science_control/share/science_control/local_setup.sh
[4.153s] -- Up-to-date symlink: /home/ibrahim/tasc_science/install/science_control/share/science_control/local_setup.zsh
[4.153s] -- Up-to-date symlink: /home/ibrahim/tasc_science/install/science_control/share/science_control/local_setup.dsv
[4.153s] -- Symlinking: /home/ibrahim/tasc_science/install/science_control/share/science_control/package.dsv
[4.162s] -- Up-to-date symlink: /home/ibrahim/tasc_science/install/science_control/share/ament_index/resource_index/packages/science_control
[4.162s] -- Up-to-date symlink: /home/ibrahim/tasc_science/install/science_control/share/ament_index/resource_index/hardware_interface__pluginlib__plugin/science_control
[4.162s] -- Up-to-date symlink: /home/ibrahim/tasc_science/install/science_control/share/science_control/cmake/ament_cmake_export_targets-extras.cmake
[4.163s] -- Up-to-date symlink: /home/ibrahim/tasc_science/install/science_control/share/science_control/cmake/ament_cmake_export_dependencies-extras.cmake
[4.163s] -- Up-to-date symlink: /home/ibrahim/tasc_science/install/science_control/share/science_control/cmake/science_controlConfig.cmake
[4.164s] -- Up-to-date symlink: /home/ibrahim/tasc_science/install/science_control/share/science_control/cmake/science_controlConfig-version.cmake
[4.164s] -- Up-to-date symlink: /home/ibrahim/tasc_science/install/science_control/share/science_control/package.xml
[4.164s] -- Up-to-date: /home/ibrahim/tasc_science/install/science_control/lib/libscience_2026.so
[4.165s] -- Installing: /home/ibrahim/tasc_science/install/science_control/lib/science_control/keyboard_teleop
[4.165s] -- Set runtime path of "/home/ibrahim/tasc_science/install/science_control/lib/science_control/keyboard_teleop" to ""
[4.165s] -- Old export file "/home/ibrahim/tasc_science/install/science_control/share/science_control/cmake/export_science_controlExport.cmake" will be replaced.  Removing files [/home/ibrahim/tasc_science/install/science_control/share/science_control/cmake/export_science_controlExport-noconfig.cmake].
[4.165s] -- Installing: /home/ibrahim/tasc_science/install/science_control/share/science_control/cmake/export_science_controlExport.cmake
[4.166s] -- Installing: /home/ibrahim/tasc_science/install/science_control/share/science_control/cmake/export_science_controlExport-noconfig.cmake
[4.170s] Invoked command in '/home/ibrahim/tasc_science/build/science_control' returned '0': CMAKE_PREFIX_PATH=${CMAKE_PREFIX_PATH}:/opt/ros/humble /usr/bin/cmake --install /home/ibrahim/tasc_science/build/science_control
